[ 2017-06-23T08:58:44+08:00 ] 10.3.1.25 /zsb/sun/Admin.php/Public/doLogin.html
INFO: [ app_begin ] --START--
INFO: ReadHtmlCache Behavior ::run [ RunTime:0.001310s ]
INFO: [ app_begin ] --END-- [ RunTime:0.001469s ]
NOTIC: [8192] mysql_connect(): The mysql extension is deprecated and will be removed in the future: use mysqli or PDO instead C:\inetpub\wwwroot\src\Core\Lib\Driver\Db\DbMysql.class.php 第 55 行.
SQL: SHOW COLUMNS FROM `ycity_user` [ RunTime:0.003777s ]
NOTIC: [8192] preg_replace(): The /e modifier is deprecated, use preg_replace_callback instead C:\inetpub\wwwroot\src\Core\Lib\Core\Db.class.php 第 604 行.
SQL: SELECT * FROM `ycity_user` WHERE ( `username` = 'admin' ) LIMIT 1   [ RunTime:0.000538s ]

[ 2017-06-23T08:58:50+08:00 ] 10.3.1.25 /zsb/sun/Admin.php/Public/doLogin.html
INFO: [ app_begin ] --START--
INFO: ReadHtmlCache Behavior ::run [ RunTime:0.000894s ]
INFO: [ app_begin ] --END-- [ RunTime:0.000958s ]
NOTIC: [8192] mysql_connect(): The mysql extension is deprecated and will be removed in the future: use mysqli or PDO instead C:\inetpub\wwwroot\src\Core\Lib\Driver\Db\DbMysql.class.php 第 55 行.
SQL: SHOW COLUMNS FROM `ycity_user` [ RunTime:0.002932s ]
NOTIC: [8192] preg_replace(): The /e modifier is deprecated, use preg_replace_callback instead C:\inetpub\wwwroot\src\Core\Lib\Core\Db.class.php 第 604 行.
SQL: SELECT * FROM `ycity_user` WHERE ( `username` = 'admin' ) LIMIT 1   [ RunTime:0.000405s ]
SQL: SHOW COLUMNS FROM `ycity_role` [ RunTime:0.002024s ]
NOTIC: [8192] preg_replace(): The /e modifier is deprecated, use preg_replace_callback instead C:\inetpub\wwwroot\src\Core\Lib\Core\Db.class.php 第 604 行.
SQL: SELECT * FROM `ycity_role` WHERE ( id=1 ) LIMIT 1   [ RunTime:0.000317s ]
NOTIC: [2] Illegal string offset 'sys_log' C:\inetpub\wwwroot\src\Admin\Lib\Action\PublicAction.class.php 第 108 行.
NOTIC: [8] Uninitialized string offset: 0 C:\inetpub\wwwroot\src\Admin\Lib\Action\PublicAction.class.php 第 108 行.
NOTIC: [2] Illegal string offset 'sys_log_ext' C:\inetpub\wwwroot\src\Admin\Lib\Action\PublicAction.class.php 第 109 行.
NOTIC: [8] Uninitialized string offset: 0 C:\inetpub\wwwroot\src\Admin\Lib\Action\PublicAction.class.php 第 109 行.
NOTIC: [8] Undefined index: id C:\inetpub\wwwroot\src\Core\Extend\Model\AdvModel.class.php 第 170 行.
SQL: UPDATE `ycity_user` SET `last_login_time`=1498179530,`login_count`=login_count+1 WHERE ( `id` = 1 ) [ RunTime:0.000327s ]

[ 2017-06-23T10:54:13+08:00 ] 10.3.1.25 /zsb/sun/Admin.php/Public/doLogin.html
INFO: [ app_begin ] --START--
INFO: ReadHtmlCache Behavior ::run [ RunTime:0.000877s ]
INFO: [ app_begin ] --END-- [ RunTime:0.000984s ]
NOTIC: [8192] mysql_connect(): The mysql extension is deprecated and will be removed in the future: use mysqli or PDO instead C:\inetpub\wwwroot\src\Core\Lib\Driver\Db\DbMysql.class.php 第 55 行.
SQL: SHOW COLUMNS FROM `ycity_user` [ RunTime:0.004889s ]
NOTIC: [8192] preg_replace(): The /e modifier is deprecated, use preg_replace_callback instead C:\inetpub\wwwroot\src\Core\Lib\Core\Db.class.php 第 604 行.
SQL: SELECT * FROM `ycity_user` WHERE ( `username` = 'admin' ) LIMIT 1   [ RunTime:0.000724s ]
SQL: SHOW COLUMNS FROM `ycity_role` [ RunTime:0.003304s ]
NOTIC: [8192] preg_replace(): The /e modifier is deprecated, use preg_replace_callback instead C:\inetpub\wwwroot\src\Core\Lib\Core\Db.class.php 第 604 行.
SQL: SELECT * FROM `ycity_role` WHERE ( id=1 ) LIMIT 1   [ RunTime:0.000501s ]
NOTIC: [2] Illegal string offset 'sys_log' C:\inetpub\wwwroot\src\Admin\Lib\Action\PublicAction.class.php 第 108 行.
NOTIC: [8] Uninitialized string offset: 0 C:\inetpub\wwwroot\src\Admin\Lib\Action\PublicAction.class.php 第 108 行.
NOTIC: [2] Illegal string offset 'sys_log_ext' C:\inetpub\wwwroot\src\Admin\Lib\Action\PublicAction.class.php 第 109 行.
NOTIC: [8] Uninitialized string offset: 0 C:\inetpub\wwwroot\src\Admin\Lib\Action\PublicAction.class.php 第 109 行.
NOTIC: [8] Undefined index: id C:\inetpub\wwwroot\src\Core\Extend\Model\AdvModel.class.php 第 170 行.
SQL: UPDATE `ycity_user` SET `last_login_time`=1498186453,`login_count`=login_count+1 WHERE ( `id` = 1 ) [ RunTime:0.000511s ]

