[ 2019-05-23T19:59:16+08:00 ] 0.0.0.0 /job/cauc_zsb2/zsb/sun/Admin.php/Public/doLogin.html
INFO: [ app_begin ] --START--
INFO: ReadHtmlCache Behavior ::run [ RunTime:0.000285s ]
INFO: [ app_begin ] --END-- [ RunTime:0.000313s ]

[ 2019-05-23T20:01:25+08:00 ] 0.0.0.0 /job/cauc_zsb2/zsb/sun/Admin.php/Public/doLogin.html
INFO: [ app_begin ] --START--
INFO: ReadHtmlCache Behavior ::run [ RunTime:0.000288s ]
INFO: [ app_begin ] --END-- [ RunTime:0.000315s ]

[ 2019-05-23T20:01:53+08:00 ] 0.0.0.0 /job/cauc_zsb2/zsb/sun/Admin.php/Public/doLogin.html
INFO: [ app_begin ] --START--
INFO: ReadHtmlCache Behavior ::run [ RunTime:0.000257s ]
INFO: [ app_begin ] --END-- [ RunTime:0.000280s ]

[ 2019-05-23T20:01:54+08:00 ] 0.0.0.0 /job/cauc_zsb2/zsb/sun/Admin.php/Public/doLogin.html
INFO: [ app_begin ] --START--
INFO: ReadHtmlCache Behavior ::run [ RunTime:0.000253s ]
INFO: [ app_begin ] --END-- [ RunTime:0.000278s ]

[ 2019-05-23T20:01:54+08:00 ] 0.0.0.0 /job/cauc_zsb2/zsb/sun/Admin.php/Public/doLogin.html
INFO: [ app_begin ] --START--
INFO: ReadHtmlCache Behavior ::run [ RunTime:0.000250s ]
INFO: [ app_begin ] --END-- [ RunTime:0.000274s ]

[ 2019-05-23T20:01:59+08:00 ] 0.0.0.0 /job/cauc_zsb2/zsb/sun/Admin.php/Public/doLogin.html
INFO: [ app_begin ] --START--
INFO: ReadHtmlCache Behavior ::run [ RunTime:0.000309s ]
INFO: [ app_begin ] --END-- [ RunTime:0.000336s ]

[ 2019-05-23T20:02:00+08:00 ] 0.0.0.0 /job/cauc_zsb2/zsb/sun/Admin.php/Public/doLogin.html
INFO: [ app_begin ] --START--
INFO: ReadHtmlCache Behavior ::run [ RunTime:0.000298s ]
INFO: [ app_begin ] --END-- [ RunTime:0.000326s ]

[ 2019-05-23T20:04:52+08:00 ] 0.0.0.0 /job/cauc_zsb2/zsb/sun/Admin.php/Public/doLogin.html
INFO: [ app_begin ] --START--
INFO: ReadHtmlCache Behavior ::run [ RunTime:0.000254s ]
INFO: [ app_begin ] --END-- [ RunTime:0.000278s ]

[ 2019-05-23T20:04:54+08:00 ] 0.0.0.0 /job/cauc_zsb2/zsb/sun/Admin.php/Public/doLogin.html
INFO: [ app_begin ] --START--
INFO: ReadHtmlCache Behavior ::run [ RunTime:0.000454s ]
INFO: [ app_begin ] --END-- [ RunTime:0.000484s ]

[ 2019-05-23T20:04:54+08:00 ] 0.0.0.0 /job/cauc_zsb2/zsb/sun/Admin.php/Public/doLogin.html
INFO: [ app_begin ] --START--
INFO: ReadHtmlCache Behavior ::run [ RunTime:0.000255s ]
INFO: [ app_begin ] --END-- [ RunTime:0.000281s ]

[ 2019-05-23T20:04:55+08:00 ] 0.0.0.0 /job/cauc_zsb2/zsb/sun/Admin.php/Public/doLogin.html
INFO: [ app_begin ] --START--
INFO: ReadHtmlCache Behavior ::run [ RunTime:0.000250s ]
INFO: [ app_begin ] --END-- [ RunTime:0.000275s ]

[ 2019-05-23T20:04:55+08:00 ] 0.0.0.0 /job/cauc_zsb2/zsb/sun/Admin.php/Public/doLogin.html
INFO: [ app_begin ] --START--
INFO: ReadHtmlCache Behavior ::run [ RunTime:0.000250s ]
INFO: [ app_begin ] --END-- [ RunTime:0.000275s ]

[ 2019-05-23T20:04:56+08:00 ] 0.0.0.0 /job/cauc_zsb2/zsb/sun/Admin.php/Public/doLogin.html
INFO: [ app_begin ] --START--
INFO: ReadHtmlCache Behavior ::run [ RunTime:0.000253s ]
INFO: [ app_begin ] --END-- [ RunTime:0.000278s ]

[ 2019-05-23T20:04:56+08:00 ] 0.0.0.0 /job/cauc_zsb2/zsb/sun/Admin.php/Public/doLogin.html
INFO: [ app_begin ] --START--
INFO: ReadHtmlCache Behavior ::run [ RunTime:0.000255s ]
INFO: [ app_begin ] --END-- [ RunTime:0.000280s ]

[ 2019-05-23T20:04:57+08:00 ] 0.0.0.0 /job/cauc_zsb2/zsb/sun/Admin.php/Public/doLogin.html
INFO: [ app_begin ] --START--
INFO: ReadHtmlCache Behavior ::run [ RunTime:0.000252s ]
INFO: [ app_begin ] --END-- [ RunTime:0.000277s ]

[ 2019-05-23T20:04:57+08:00 ] 0.0.0.0 /job/cauc_zsb2/zsb/sun/Admin.php/Public/doLogin.html
INFO: [ app_begin ] --START--
INFO: ReadHtmlCache Behavior ::run [ RunTime:0.000251s ]
INFO: [ app_begin ] --END-- [ RunTime:0.000275s ]

[ 2019-05-23T20:04:57+08:00 ] 0.0.0.0 /job/cauc_zsb2/zsb/sun/Admin.php/Public/doLogin.html
INFO: [ app_begin ] --START--
INFO: ReadHtmlCache Behavior ::run [ RunTime:0.000327s ]
INFO: [ app_begin ] --END-- [ RunTime:0.000362s ]

[ 2019-05-23T20:04:58+08:00 ] 0.0.0.0 /job/cauc_zsb2/zsb/sun/Admin.php/Public/doLogin.html
INFO: [ app_begin ] --START--
INFO: ReadHtmlCache Behavior ::run [ RunTime:0.000247s ]
INFO: [ app_begin ] --END-- [ RunTime:0.000271s ]

[ 2019-05-23T20:04:59+08:00 ] 0.0.0.0 /job/cauc_zsb2/zsb/sun/Admin.php/Public/doLogin.html
INFO: [ app_begin ] --START--
INFO: ReadHtmlCache Behavior ::run [ RunTime:0.000251s ]
INFO: [ app_begin ] --END-- [ RunTime:0.000276s ]

[ 2019-05-23T20:04:59+08:00 ] 0.0.0.0 /job/cauc_zsb2/zsb/sun/Admin.php/Public/doLogin.html
INFO: [ app_begin ] --START--
INFO: ReadHtmlCache Behavior ::run [ RunTime:0.000260s ]
INFO: [ app_begin ] --END-- [ RunTime:0.000285s ]

[ 2019-05-23T20:04:59+08:00 ] 0.0.0.0 /job/cauc_zsb2/zsb/sun/Admin.php/Public/doLogin.html
INFO: [ app_begin ] --START--
INFO: ReadHtmlCache Behavior ::run [ RunTime:0.000251s ]
INFO: [ app_begin ] --END-- [ RunTime:0.000275s ]

[ 2019-05-23T20:04:59+08:00 ] 0.0.0.0 /job/cauc_zsb2/zsb/sun/Admin.php/Public/doLogin.html
INFO: [ app_begin ] --START--
INFO: ReadHtmlCache Behavior ::run [ RunTime:0.000263s ]
INFO: [ app_begin ] --END-- [ RunTime:0.000291s ]

[ 2019-05-23T20:05:00+08:00 ] 0.0.0.0 /job/cauc_zsb2/zsb/sun/Admin.php/Public/doLogin.html
INFO: [ app_begin ] --START--
INFO: ReadHtmlCache Behavior ::run [ RunTime:0.000286s ]
INFO: [ app_begin ] --END-- [ RunTime:0.000315s ]

[ 2019-05-23T20:05:00+08:00 ] 0.0.0.0 /job/cauc_zsb2/zsb/sun/Admin.php/Public/doLogin.html
INFO: [ app_begin ] --START--
INFO: ReadHtmlCache Behavior ::run [ RunTime:0.000254s ]
INFO: [ app_begin ] --END-- [ RunTime:0.000278s ]

[ 2019-05-23T20:05:00+08:00 ] 0.0.0.0 /job/cauc_zsb2/zsb/sun/Admin.php/Public/doLogin.html
INFO: [ app_begin ] --START--
INFO: ReadHtmlCache Behavior ::run [ RunTime:0.000258s ]
INFO: [ app_begin ] --END-- [ RunTime:0.000283s ]

[ 2019-05-23T20:05:01+08:00 ] 0.0.0.0 /job/cauc_zsb2/zsb/sun/Admin.php/Public/doLogin.html
INFO: [ app_begin ] --START--
INFO: ReadHtmlCache Behavior ::run [ RunTime:0.000264s ]
INFO: [ app_begin ] --END-- [ RunTime:0.000289s ]

[ 2019-05-23T20:05:01+08:00 ] 0.0.0.0 /job/cauc_zsb2/zsb/sun/Admin.php/Public/doLogin.html
INFO: [ app_begin ] --START--
INFO: ReadHtmlCache Behavior ::run [ RunTime:0.000315s ]
INFO: [ app_begin ] --END-- [ RunTime:0.000344s ]

[ 2019-05-23T20:05:01+08:00 ] 0.0.0.0 /job/cauc_zsb2/zsb/sun/Admin.php/Public/doLogin.html
INFO: [ app_begin ] --START--
INFO: ReadHtmlCache Behavior ::run [ RunTime:0.000297s ]
INFO: [ app_begin ] --END-- [ RunTime:0.000324s ]

[ 2019-05-23T20:05:01+08:00 ] 0.0.0.0 /job/cauc_zsb2/zsb/sun/Admin.php/Public/doLogin.html
INFO: [ app_begin ] --START--
INFO: ReadHtmlCache Behavior ::run [ RunTime:0.000262s ]
INFO: [ app_begin ] --END-- [ RunTime:0.000294s ]

[ 2019-05-23T20:05:02+08:00 ] 0.0.0.0 /job/cauc_zsb2/zsb/sun/Admin.php/Public/doLogin.html
INFO: [ app_begin ] --START--
INFO: ReadHtmlCache Behavior ::run [ RunTime:0.000280s ]
INFO: [ app_begin ] --END-- [ RunTime:0.000306s ]

[ 2019-05-23T20:05:02+08:00 ] 0.0.0.0 /job/cauc_zsb2/zsb/sun/Admin.php/Public/doLogin.html
INFO: [ app_begin ] --START--
INFO: ReadHtmlCache Behavior ::run [ RunTime:0.000259s ]
INFO: [ app_begin ] --END-- [ RunTime:0.000284s ]

[ 2019-05-23T20:05:02+08:00 ] 0.0.0.0 /job/cauc_zsb2/zsb/sun/Admin.php/Public/doLogin.html
INFO: [ app_begin ] --START--
INFO: ReadHtmlCache Behavior ::run [ RunTime:0.000281s ]
INFO: [ app_begin ] --END-- [ RunTime:0.000308s ]

[ 2019-05-23T20:05:02+08:00 ] 0.0.0.0 /job/cauc_zsb2/zsb/sun/Admin.php/Public/doLogin.html
INFO: [ app_begin ] --START--
INFO: ReadHtmlCache Behavior ::run [ RunTime:0.000288s ]
INFO: [ app_begin ] --END-- [ RunTime:0.000316s ]

[ 2019-05-23T20:05:03+08:00 ] 0.0.0.0 /job/cauc_zsb2/zsb/sun/Admin.php/Public/doLogin.html
INFO: [ app_begin ] --START--
INFO: ReadHtmlCache Behavior ::run [ RunTime:0.000260s ]
INFO: [ app_begin ] --END-- [ RunTime:0.000285s ]

[ 2019-05-23T20:05:03+08:00 ] 0.0.0.0 /job/cauc_zsb2/zsb/sun/Admin.php/Public/doLogin.html
INFO: [ app_begin ] --START--
INFO: ReadHtmlCache Behavior ::run [ RunTime:0.000254s ]
INFO: [ app_begin ] --END-- [ RunTime:0.000279s ]

[ 2019-05-23T20:05:03+08:00 ] 0.0.0.0 /job/cauc_zsb2/zsb/sun/Admin.php/Public/doLogin.html
INFO: [ app_begin ] --START--
INFO: ReadHtmlCache Behavior ::run [ RunTime:0.000263s ]
INFO: [ app_begin ] --END-- [ RunTime:0.000288s ]

[ 2019-05-23T20:05:49+08:00 ] 0.0.0.0 /job/cauc_zsb2/zsb/sun/Admin.php/Public/doLogin.html
INFO: [ app_begin ] --START--
INFO: ReadHtmlCache Behavior ::run [ RunTime:0.000284s ]
INFO: [ app_begin ] --END-- [ RunTime:0.000311s ]

[ 2019-05-23T20:05:50+08:00 ] 0.0.0.0 /job/cauc_zsb2/zsb/sun/Admin.php/Public/doLogin.html
INFO: [ app_begin ] --START--
INFO: ReadHtmlCache Behavior ::run [ RunTime:0.000268s ]
INFO: [ app_begin ] --END-- [ RunTime:0.000294s ]

[ 2019-05-23T20:05:50+08:00 ] 0.0.0.0 /job/cauc_zsb2/zsb/sun/Admin.php/Public/doLogin.html
INFO: [ app_begin ] --START--
INFO: ReadHtmlCache Behavior ::run [ RunTime:0.000255s ]
INFO: [ app_begin ] --END-- [ RunTime:0.000280s ]

[ 2019-05-23T20:05:50+08:00 ] 0.0.0.0 /job/cauc_zsb2/zsb/sun/Admin.php/Public/doLogin.html
INFO: [ app_begin ] --START--
INFO: ReadHtmlCache Behavior ::run [ RunTime:0.000254s ]
INFO: [ app_begin ] --END-- [ RunTime:0.000278s ]

[ 2019-05-23T20:05:50+08:00 ] 0.0.0.0 /job/cauc_zsb2/zsb/sun/Admin.php/Public/doLogin.html
INFO: [ app_begin ] --START--
INFO: ReadHtmlCache Behavior ::run [ RunTime:0.000250s ]
INFO: [ app_begin ] --END-- [ RunTime:0.000275s ]

[ 2019-05-23T20:05:51+08:00 ] 0.0.0.0 /job/cauc_zsb2/zsb/sun/Admin.php/Public/doLogin.html
INFO: [ app_begin ] --START--
INFO: ReadHtmlCache Behavior ::run [ RunTime:0.000251s ]
INFO: [ app_begin ] --END-- [ RunTime:0.000277s ]

[ 2019-05-23T20:05:51+08:00 ] 0.0.0.0 /job/cauc_zsb2/zsb/sun/Admin.php/Public/doLogin.html
INFO: [ app_begin ] --START--
INFO: ReadHtmlCache Behavior ::run [ RunTime:0.000254s ]
INFO: [ app_begin ] --END-- [ RunTime:0.000280s ]

[ 2019-05-23T20:05:51+08:00 ] 0.0.0.0 /job/cauc_zsb2/zsb/sun/Admin.php/Public/doLogin.html
INFO: [ app_begin ] --START--
INFO: ReadHtmlCache Behavior ::run [ RunTime:0.000263s ]
INFO: [ app_begin ] --END-- [ RunTime:0.000288s ]

[ 2019-05-23T20:06:07+08:00 ] 0.0.0.0 /job/cauc_zsb2/zsb/sun/Admin.php/Public/doLogin.html
INFO: [ app_begin ] --START--
INFO: ReadHtmlCache Behavior ::run [ RunTime:0.000279s ]
INFO: [ app_begin ] --END-- [ RunTime:0.000305s ]

[ 2019-05-23T20:06:08+08:00 ] 0.0.0.0 /job/cauc_zsb2/zsb/sun/Admin.php/Public/doLogin.html
INFO: [ app_begin ] --START--
INFO: ReadHtmlCache Behavior ::run [ RunTime:0.000253s ]
INFO: [ app_begin ] --END-- [ RunTime:0.000279s ]

[ 2019-05-23T20:06:09+08:00 ] 0.0.0.0 /job/cauc_zsb2/zsb/sun/Admin.php/Public/doLogin.html
INFO: [ app_begin ] --START--
INFO: ReadHtmlCache Behavior ::run [ RunTime:0.000273s ]
INFO: [ app_begin ] --END-- [ RunTime:0.000298s ]

[ 2019-05-23T20:06:12+08:00 ] 0.0.0.0 /job/cauc_zsb2/zsb/sun/Admin.php/Public/doLogin.html
INFO: [ app_begin ] --START--
INFO: ReadHtmlCache Behavior ::run [ RunTime:0.000445s ]
INFO: [ app_begin ] --END-- [ RunTime:0.000477s ]

[ 2019-05-23T20:06:13+08:00 ] 0.0.0.0 /job/cauc_zsb2/zsb/sun/Admin.php/Public/doLogin.html
INFO: [ app_begin ] --START--
INFO: ReadHtmlCache Behavior ::run [ RunTime:0.000256s ]
INFO: [ app_begin ] --END-- [ RunTime:0.000282s ]

[ 2019-05-23T20:06:15+08:00 ] 0.0.0.0 /job/cauc_zsb2/zsb/sun/Admin.php/Public/doLogin.html
INFO: [ app_begin ] --START--
INFO: ReadHtmlCache Behavior ::run [ RunTime:0.000256s ]
INFO: [ app_begin ] --END-- [ RunTime:0.000280s ]

[ 2019-05-23T20:06:17+08:00 ] 0.0.0.0 /job/cauc_zsb2/zsb/sun/Admin.php/Public/doLogin.html
INFO: [ app_begin ] --START--
INFO: ReadHtmlCache Behavior ::run [ RunTime:0.000251s ]
INFO: [ app_begin ] --END-- [ RunTime:0.000276s ]

[ 2019-05-23T20:06:19+08:00 ] 0.0.0.0 /job/cauc_zsb2/zsb/sun/Admin.php/Public/doLogin.html
INFO: [ app_begin ] --START--
INFO: ReadHtmlCache Behavior ::run [ RunTime:0.000252s ]
INFO: [ app_begin ] --END-- [ RunTime:0.000277s ]

[ 2019-05-23T20:06:20+08:00 ] 0.0.0.0 /job/cauc_zsb2/zsb/sun/Admin.php/Public/doLogin.html
INFO: [ app_begin ] --START--
INFO: ReadHtmlCache Behavior ::run [ RunTime:0.000250s ]
INFO: [ app_begin ] --END-- [ RunTime:0.000275s ]

[ 2019-05-23T20:06:37+08:00 ] 0.0.0.0 /job/cauc_zsb2/zsb/sun/Admin.php/Public/doLogin.html
INFO: [ app_begin ] --START--
INFO: ReadHtmlCache Behavior ::run [ RunTime:0.000351s ]
INFO: [ app_begin ] --END-- [ RunTime:0.000381s ]

[ 2019-05-23T20:06:41+08:00 ] 0.0.0.0 /job/cauc_zsb2/zsb/sun/Admin.php/Public/doLogin.html
INFO: [ app_begin ] --START--
INFO: ReadHtmlCache Behavior ::run [ RunTime:0.002094s ]
INFO: [ app_begin ] --END-- [ RunTime:0.002121s ]

[ 2019-05-23T20:06:42+08:00 ] 0.0.0.0 /job/cauc_zsb2/zsb/sun/Admin.php/Public/doLogin.html
INFO: [ app_begin ] --START--
INFO: ReadHtmlCache Behavior ::run [ RunTime:0.000251s ]
INFO: [ app_begin ] --END-- [ RunTime:0.000276s ]

[ 2019-05-23T20:06:49+08:00 ] 0.0.0.0 /job/cauc_zsb2/zsb/sun/Admin.php/Public/doLogin.html
INFO: [ app_begin ] --START--
INFO: ReadHtmlCache Behavior ::run [ RunTime:0.000341s ]
INFO: [ app_begin ] --END-- [ RunTime:0.000378s ]

[ 2019-05-23T20:06:52+08:00 ] 0.0.0.0 /job/cauc_zsb2/zsb/sun/Admin.php/Public/doLogin.html
INFO: [ app_begin ] --START--
INFO: ReadHtmlCache Behavior ::run [ RunTime:0.000257s ]
INFO: [ app_begin ] --END-- [ RunTime:0.000283s ]

[ 2019-05-23T20:07:42+08:00 ] 0.0.0.0 /job/cauc_zsb2/zsb/sun/Admin.php/Public/doLogin.html
INFO: [ app_begin ] --START--
INFO: ReadHtmlCache Behavior ::run [ RunTime:0.000250s ]
INFO: [ app_begin ] --END-- [ RunTime:0.000275s ]

[ 2019-05-23T20:07:43+08:00 ] 0.0.0.0 /job/cauc_zsb2/zsb/sun/Admin.php/Public/doLogin.html
INFO: [ app_begin ] --START--
INFO: ReadHtmlCache Behavior ::run [ RunTime:0.000251s ]
INFO: [ app_begin ] --END-- [ RunTime:0.000277s ]

[ 2019-05-23T20:07:44+08:00 ] 0.0.0.0 /job/cauc_zsb2/zsb/sun/Admin.php/Public/doLogin.html
INFO: [ app_begin ] --START--
INFO: ReadHtmlCache Behavior ::run [ RunTime:0.000267s ]
INFO: [ app_begin ] --END-- [ RunTime:0.000293s ]

[ 2019-05-23T20:07:49+08:00 ] 0.0.0.0 /job/cauc_zsb2/zsb/sun/Admin.php/Public/doLogin.html
INFO: [ app_begin ] --START--
INFO: ReadHtmlCache Behavior ::run [ RunTime:0.000402s ]
INFO: [ app_begin ] --END-- [ RunTime:0.000431s ]

[ 2019-05-23T20:07:50+08:00 ] 0.0.0.0 /job/cauc_zsb2/zsb/sun/Admin.php/Public/doLogin.html
INFO: [ app_begin ] --START--
INFO: ReadHtmlCache Behavior ::run [ RunTime:0.000278s ]
INFO: [ app_begin ] --END-- [ RunTime:0.000304s ]

[ 2019-05-23T20:07:51+08:00 ] 0.0.0.0 /job/cauc_zsb2/zsb/sun/Admin.php/Public/doLogin.html
INFO: [ app_begin ] --START--
INFO: ReadHtmlCache Behavior ::run [ RunTime:0.000259s ]
INFO: [ app_begin ] --END-- [ RunTime:0.000285s ]

[ 2019-05-23T20:07:52+08:00 ] 0.0.0.0 /job/cauc_zsb2/zsb/sun/Admin.php/Public/doLogin.html
INFO: [ app_begin ] --START--
INFO: ReadHtmlCache Behavior ::run [ RunTime:0.000256s ]
INFO: [ app_begin ] --END-- [ RunTime:0.000281s ]

[ 2019-05-23T20:07:57+08:00 ] 0.0.0.0 /job/cauc_zsb2/zsb/sun/Admin.php/Public/doLogin.html
INFO: [ app_begin ] --START--
INFO: ReadHtmlCache Behavior ::run [ RunTime:0.000252s ]
INFO: [ app_begin ] --END-- [ RunTime:0.000277s ]
SQL: SHOW COLUMNS FROM `ycity_user` [ RunTime:0.022873s ]
NOTIC: [8192] preg_replace(): The /e modifier is deprecated, use preg_replace_callback instead E:\myphp_www\PHPTutorial\WWW\job\cauc_zsb2\src\Core\Lib\Core\Db.class.php 第 604 行.
SQL: SELECT * FROM `ycity_user` WHERE ( `username` = 'admin' ) LIMIT 1   [ RunTime:0.001827s ]
SQL: SHOW COLUMNS FROM `ycity_role` [ RunTime:0.026662s ]
NOTIC: [8192] preg_replace(): The /e modifier is deprecated, use preg_replace_callback instead E:\myphp_www\PHPTutorial\WWW\job\cauc_zsb2\src\Core\Lib\Core\Db.class.php 第 604 行.
SQL: SELECT * FROM `ycity_role` WHERE ( id=1 ) LIMIT 1   [ RunTime:0.000765s ]
NOTIC: [2] Illegal string offset 'sys_log' E:\myphp_www\PHPTutorial\WWW\job\cauc_zsb2\src\Admin\Lib\Action\PublicAction.class.php 第 123 行.
NOTIC: [8] Uninitialized string offset: 0 E:\myphp_www\PHPTutorial\WWW\job\cauc_zsb2\src\Admin\Lib\Action\PublicAction.class.php 第 123 行.
NOTIC: [2] Illegal string offset 'sys_log_ext' E:\myphp_www\PHPTutorial\WWW\job\cauc_zsb2\src\Admin\Lib\Action\PublicAction.class.php 第 124 行.
NOTIC: [8] Uninitialized string offset: 0 E:\myphp_www\PHPTutorial\WWW\job\cauc_zsb2\src\Admin\Lib\Action\PublicAction.class.php 第 124 行.
NOTIC: [8] Undefined index: id E:\myphp_www\PHPTutorial\WWW\job\cauc_zsb2\src\Core\Extend\Model\AdvModel.class.php 第 170 行.
SQL: UPDATE `ycity_user` SET `last_login_time`=1558613277,`login_count`=login_count+1 WHERE ( `id` = 1 ) [ RunTime:0.000731s ]

[ 2019-05-23T20:08:39+08:00 ] 0.0.0.0 /job/cauc_zsb2/zsb/sun/Admin.php/Public/doLogin.html
INFO: [ app_begin ] --START--
INFO: ReadHtmlCache Behavior ::run [ RunTime:0.000257s ]
INFO: [ app_begin ] --END-- [ RunTime:0.000285s ]

[ 2019-05-23T20:08:40+08:00 ] 0.0.0.0 /job/cauc_zsb2/zsb/sun/Admin.php/Public/doLogin.html
INFO: [ app_begin ] --START--
INFO: ReadHtmlCache Behavior ::run [ RunTime:0.000260s ]
INFO: [ app_begin ] --END-- [ RunTime:0.000285s ]

[ 2019-05-23T20:08:44+08:00 ] 0.0.0.0 /job/cauc_zsb2/zsb/sun/Admin.php/Public/doLogin.html
INFO: [ app_begin ] --START--
INFO: ReadHtmlCache Behavior ::run [ RunTime:0.000253s ]
INFO: [ app_begin ] --END-- [ RunTime:0.000277s ]

[ 2019-05-23T20:08:46+08:00 ] 0.0.0.0 /job/cauc_zsb2/zsb/sun/Admin.php/Public/doLogin.html
INFO: [ app_begin ] --START--
INFO: ReadHtmlCache Behavior ::run [ RunTime:0.000265s ]
INFO: [ app_begin ] --END-- [ RunTime:0.000292s ]

[ 2019-05-23T20:08:59+08:00 ] 0.0.0.0 /job/cauc_zsb2/zsb/sun/Admin.php/Public/doLogin.html
INFO: [ app_begin ] --START--
INFO: ReadHtmlCache Behavior ::run [ RunTime:0.000259s ]
INFO: [ app_begin ] --END-- [ RunTime:0.000284s ]

[ 2019-05-23T20:09:01+08:00 ] 0.0.0.0 /job/cauc_zsb2/zsb/sun/Admin.php/Public/doLogin.html
INFO: [ app_begin ] --START--
INFO: ReadHtmlCache Behavior ::run [ RunTime:0.000335s ]
INFO: [ app_begin ] --END-- [ RunTime:0.000368s ]

[ 2019-05-23T20:09:04+08:00 ] 0.0.0.0 /job/cauc_zsb2/zsb/sun/Admin.php/Public/doLogin.html
INFO: [ app_begin ] --START--
INFO: ReadHtmlCache Behavior ::run [ RunTime:0.000260s ]
INFO: [ app_begin ] --END-- [ RunTime:0.000286s ]

[ 2019-05-23T20:09:05+08:00 ] 0.0.0.0 /job/cauc_zsb2/zsb/sun/Admin.php/Public/doLogin.html
INFO: [ app_begin ] --START--
INFO: ReadHtmlCache Behavior ::run [ RunTime:0.000254s ]
INFO: [ app_begin ] --END-- [ RunTime:0.000278s ]

[ 2019-05-23T20:09:06+08:00 ] 0.0.0.0 /job/cauc_zsb2/zsb/sun/Admin.php/Public/doLogin.html
INFO: [ app_begin ] --START--
INFO: ReadHtmlCache Behavior ::run [ RunTime:0.000257s ]
INFO: [ app_begin ] --END-- [ RunTime:0.000281s ]

[ 2019-05-23T20:09:07+08:00 ] 0.0.0.0 /job/cauc_zsb2/zsb/sun/Admin.php/Public/doLogin.html
INFO: [ app_begin ] --START--
INFO: ReadHtmlCache Behavior ::run [ RunTime:0.000257s ]
INFO: [ app_begin ] --END-- [ RunTime:0.000282s ]

[ 2019-05-23T20:09:07+08:00 ] 0.0.0.0 /job/cauc_zsb2/zsb/sun/Admin.php/Public/doLogin.html
INFO: [ app_begin ] --START--
INFO: ReadHtmlCache Behavior ::run [ RunTime:0.000267s ]
INFO: [ app_begin ] --END-- [ RunTime:0.000293s ]

[ 2019-05-23T20:09:08+08:00 ] 0.0.0.0 /job/cauc_zsb2/zsb/sun/Admin.php/Public/doLogin.html
INFO: [ app_begin ] --START--
INFO: ReadHtmlCache Behavior ::run [ RunTime:0.000251s ]
INFO: [ app_begin ] --END-- [ RunTime:0.000276s ]

[ 2019-05-23T20:09:11+08:00 ] 0.0.0.0 /job/cauc_zsb2/zsb/sun/Admin.php/Public/doLogin.html
INFO: [ app_begin ] --START--
INFO: ReadHtmlCache Behavior ::run [ RunTime:0.000252s ]
INFO: [ app_begin ] --END-- [ RunTime:0.000277s ]

[ 2019-05-23T20:09:12+08:00 ] 0.0.0.0 /job/cauc_zsb2/zsb/sun/Admin.php/Public/doLogin.html
INFO: [ app_begin ] --START--
INFO: ReadHtmlCache Behavior ::run [ RunTime:0.000252s ]
INFO: [ app_begin ] --END-- [ RunTime:0.000278s ]

[ 2019-05-23T20:09:35+08:00 ] 0.0.0.0 /job/cauc_zsb2/zsb/sun/Admin.php/Public/doLogin.html
INFO: [ app_begin ] --START--
INFO: ReadHtmlCache Behavior ::run [ RunTime:0.000269s ]
INFO: [ app_begin ] --END-- [ RunTime:0.000296s ]

[ 2019-05-23T20:09:59+08:00 ] 0.0.0.0 /job/cauc_zsb2/zsb/sun/Admin.php/Public/doLogin.html
INFO: [ app_begin ] --START--
INFO: ReadHtmlCache Behavior ::run [ RunTime:0.000278s ]
INFO: [ app_begin ] --END-- [ RunTime:0.000308s ]

[ 2019-05-23T20:10:01+08:00 ] 0.0.0.0 /job/cauc_zsb2/zsb/sun/Admin.php/Public/doLogin.html
INFO: [ app_begin ] --START--
INFO: ReadHtmlCache Behavior ::run [ RunTime:0.000254s ]
INFO: [ app_begin ] --END-- [ RunTime:0.000279s ]

[ 2019-05-23T20:10:02+08:00 ] 0.0.0.0 /job/cauc_zsb2/zsb/sun/Admin.php/Public/doLogin.html
INFO: [ app_begin ] --START--
INFO: ReadHtmlCache Behavior ::run [ RunTime:0.000309s ]
INFO: [ app_begin ] --END-- [ RunTime:0.000335s ]

[ 2019-05-23T20:10:02+08:00 ] 0.0.0.0 /job/cauc_zsb2/zsb/sun/Admin.php/Public/doLogin.html
INFO: [ app_begin ] --START--
INFO: ReadHtmlCache Behavior ::run [ RunTime:0.000295s ]
INFO: [ app_begin ] --END-- [ RunTime:0.000325s ]

[ 2019-05-23T20:10:10+08:00 ] 0.0.0.0 /job/cauc_zsb2/zsb/sun/Admin.php/Public/doLogin.html
INFO: [ app_begin ] --START--
INFO: ReadHtmlCache Behavior ::run [ RunTime:0.000317s ]
INFO: [ app_begin ] --END-- [ RunTime:0.000346s ]

[ 2019-05-23T20:10:15+08:00 ] 0.0.0.0 /job/cauc_zsb2/zsb/sun/Admin.php/Public/doLogin.html
INFO: [ app_begin ] --START--
INFO: ReadHtmlCache Behavior ::run [ RunTime:0.000254s ]
INFO: [ app_begin ] --END-- [ RunTime:0.000280s ]

[ 2019-05-23T20:10:18+08:00 ] 0.0.0.0 /job/cauc_zsb2/zsb/sun/Admin.php/Public/doLogin.html
INFO: [ app_begin ] --START--
INFO: ReadHtmlCache Behavior ::run [ RunTime:0.000253s ]
INFO: [ app_begin ] --END-- [ RunTime:0.000278s ]

[ 2019-05-23T20:10:22+08:00 ] 0.0.0.0 /job/cauc_zsb2/zsb/sun/Admin.php/Public/doLogin.html
INFO: [ app_begin ] --START--
INFO: ReadHtmlCache Behavior ::run [ RunTime:0.000254s ]
INFO: [ app_begin ] --END-- [ RunTime:0.000279s ]

[ 2019-05-23T20:10:23+08:00 ] 0.0.0.0 /job/cauc_zsb2/zsb/sun/Admin.php/Public/doLogin.html
INFO: [ app_begin ] --START--
INFO: ReadHtmlCache Behavior ::run [ RunTime:0.000251s ]
INFO: [ app_begin ] --END-- [ RunTime:0.000274s ]

[ 2019-05-23T20:10:23+08:00 ] 0.0.0.0 /job/cauc_zsb2/zsb/sun/Admin.php/Public/doLogin.html
INFO: [ app_begin ] --START--
INFO: ReadHtmlCache Behavior ::run [ RunTime:0.000253s ]
INFO: [ app_begin ] --END-- [ RunTime:0.000278s ]

[ 2019-05-23T20:10:29+08:00 ] 0.0.0.0 /job/cauc_zsb2/zsb/sun/Admin.php/Public/doLogin.html
INFO: [ app_begin ] --START--
INFO: ReadHtmlCache Behavior ::run [ RunTime:0.000254s ]
INFO: [ app_begin ] --END-- [ RunTime:0.000278s ]

