[ 2019-05-16T20:47:44+08:00 ] 0.0.0.0 /job/cauc_zsb2/zsb/sun/Admin.php/Public/doLogin.html
INFO: [ app_begin ] --START--
INFO: ReadHtmlCache Behavior ::run [ RunTime:0.000536s ]
INFO: [ app_begin ] --END-- [ RunTime:0.000567s ]
SQL: SHOW COLUMNS FROM `ycity_user` [ RunTime:0.064382s ]
NOTIC: [8192] preg_replace(): The /e modifier is deprecated, use preg_replace_callback instead E:\myphp_www\PHPTutorial\WWW\job\cauc_zsb2\src\Core\Lib\Core\Db.class.php 第 604 行.
SQL: SELECT * FROM `ycity_user` WHERE ( `username` = 'admin' ) LIMIT 1   [ RunTime:0.001985s ]
SQL: SHOW COLUMNS FROM `ycity_role` [ RunTime:0.053394s ]
NOTIC: [8192] preg_replace(): The /e modifier is deprecated, use preg_replace_callback instead E:\myphp_www\PHPTutorial\WWW\job\cauc_zsb2\src\Core\Lib\Core\Db.class.php 第 604 行.
SQL: SELECT * FROM `ycity_role` WHERE ( id=1 ) LIMIT 1   [ RunTime:0.001624s ]
NOTIC: [2] Illegal string offset 'sys_log' E:\myphp_www\PHPTutorial\WWW\job\cauc_zsb2\src\Admin\Lib\Action\PublicAction.class.php 第 123 行.
NOTIC: [8] Uninitialized string offset: 0 E:\myphp_www\PHPTutorial\WWW\job\cauc_zsb2\src\Admin\Lib\Action\PublicAction.class.php 第 123 行.
NOTIC: [2] Illegal string offset 'sys_log_ext' E:\myphp_www\PHPTutorial\WWW\job\cauc_zsb2\src\Admin\Lib\Action\PublicAction.class.php 第 124 行.
NOTIC: [8] Uninitialized string offset: 0 E:\myphp_www\PHPTutorial\WWW\job\cauc_zsb2\src\Admin\Lib\Action\PublicAction.class.php 第 124 行.
NOTIC: [8] Undefined index: id E:\myphp_www\PHPTutorial\WWW\job\cauc_zsb2\src\Core\Extend\Model\AdvModel.class.php 第 170 行.
SQL: UPDATE `ycity_user` SET `last_login_time`=1558010864,`login_count`=login_count+1 WHERE ( `id` = 1 ) [ RunTime:0.000747s ]

[ 2019-05-16T21:20:46+08:00 ] 0.0.0.0 /job/cauc_zsb2/zsb/sun/Admin.php/Type/index.html
ERR: 无法加载模块:Type

[ 2019-05-16T21:25:42+08:00 ] 0.0.0.0 /job/cauc_zsb2/zsb/sun/Admin.php/Public/doLogin.html
INFO: [ app_begin ] --START--
INFO: ReadHtmlCache Behavior ::run [ RunTime:0.000264s ]
INFO: [ app_begin ] --END-- [ RunTime:0.000294s ]
SQL: SHOW COLUMNS FROM `ycity_user` [ RunTime:0.003308s ]
NOTIC: [8192] preg_replace(): The /e modifier is deprecated, use preg_replace_callback instead E:\myphp_www\PHPTutorial\WWW\job\cauc_zsb2\src\Core\Lib\Core\Db.class.php 第 604 行.
SQL: SELECT * FROM `ycity_user` WHERE ( `username` = 'admin' ) LIMIT 1   [ RunTime:0.000856s ]
SQL: SHOW COLUMNS FROM `ycity_role` [ RunTime:0.002544s ]
NOTIC: [8192] preg_replace(): The /e modifier is deprecated, use preg_replace_callback instead E:\myphp_www\PHPTutorial\WWW\job\cauc_zsb2\src\Core\Lib\Core\Db.class.php 第 604 行.
SQL: SELECT * FROM `ycity_role` WHERE ( id=1 ) LIMIT 1   [ RunTime:0.000600s ]
NOTIC: [2] Illegal string offset 'sys_log' E:\myphp_www\PHPTutorial\WWW\job\cauc_zsb2\src\Admin\Lib\Action\PublicAction.class.php 第 123 行.
NOTIC: [8] Uninitialized string offset: 0 E:\myphp_www\PHPTutorial\WWW\job\cauc_zsb2\src\Admin\Lib\Action\PublicAction.class.php 第 123 行.
NOTIC: [2] Illegal string offset 'sys_log_ext' E:\myphp_www\PHPTutorial\WWW\job\cauc_zsb2\src\Admin\Lib\Action\PublicAction.class.php 第 124 行.
NOTIC: [8] Uninitialized string offset: 0 E:\myphp_www\PHPTutorial\WWW\job\cauc_zsb2\src\Admin\Lib\Action\PublicAction.class.php 第 124 行.
NOTIC: [8] Undefined index: id E:\myphp_www\PHPTutorial\WWW\job\cauc_zsb2\src\Core\Extend\Model\AdvModel.class.php 第 170 行.
SQL: UPDATE `ycity_user` SET `last_login_time`=1558013142,`login_count`=login_count+1 WHERE ( `id` = 1 ) [ RunTime:0.000728s ]

