[ 2018-06-11T08:43:16+08:00 ] ::1 /cauc_zs3/zs/Promotion/Login/index.html
INFO: [ app_init ] --START--
INFO: Run Behavior\BuildLiteBehavior [ RunTime:0.000038s ]
INFO: [ app_init ] --END-- [ RunTime:0.000942s ]
INFO: [ app_begin ] --START--
INFO: Run Behavior\ReadHtmlCacheBehavior [ RunTime:0.000860s ]
INFO: [ app_begin ] --END-- [ RunTime:0.001030s ]
NOTIC: [8] unserialize(): Error at offset 0 of 938 bytes E:\AppServ\www\cauc_zs3\src\Core\Common\functions.php 第 1148 行.
NOTIC: [8] Undefined index: web_status E:\AppServ\www\cauc_zs3\src\Application\Promotion\Controller\GlobalController.class.php 第 35 行.
NOTIC: [8] Undefined index: YC_auth E:\AppServ\www\cauc_zs3\src\Application\Promotion\Controller\GlobalController.class.php 第 55 行.
SQL: SHOW COLUMNS FROM `ycity_teacher` [ RunTime:0.0044s ]
NOTIC: [8] Undefined index: YC_userid E:\AppServ\www\cauc_zs3\src\Application\Promotion\Controller\LoginController.class.php 第 27 行.
INFO: [ view_parse ] --START--
INFO: [ template_filter ] --START--
INFO: Run Behavior\ContentReplaceBehavior [ RunTime:0.000133s ]
INFO: [ template_filter ] --END-- [ RunTime:0.000276s ]
INFO: Run Behavior\ParseTemplateBehavior [ RunTime:0.037113s ]
INFO: [ view_parse ] --END-- [ RunTime:0.037283s ]
INFO: [ view_filter ] --START--
INFO: Run Behavior\WriteHtmlCacheBehavior [ RunTime:0.000658s ]
INFO: [ view_filter ] --END-- [ RunTime:0.000800s ]
INFO: [ app_end ] --START--
INFO: Run Behavior\ShowPageTraceBehavior [ RunTime:0.000576s ]
INFO: [ app_end ] --END-- [ RunTime:0.000684s ]

[ 2018-06-11T08:43:21+08:00 ] ::1 /cauc_zs3/zs/Promotion/Login/doLogin.html
INFO: [ app_init ] --START--
INFO: Run Behavior\BuildLiteBehavior [ RunTime:0.000019s ]
INFO: [ app_init ] --END-- [ RunTime:0.000318s ]
INFO: [ app_begin ] --START--
INFO: Run Behavior\ReadHtmlCacheBehavior [ RunTime:0.000510s ]
INFO: [ app_begin ] --END-- [ RunTime:0.000597s ]
NOTIC: [8] unserialize(): Error at offset 0 of 938 bytes E:\AppServ\www\cauc_zs3\src\Core\Common\functions.php 第 1148 行.
NOTIC: [8] Undefined index: web_status E:\AppServ\www\cauc_zs3\src\Application\Promotion\Controller\GlobalController.class.php 第 35 行.
NOTIC: [8] Undefined index: YC_auth E:\AppServ\www\cauc_zs3\src\Application\Promotion\Controller\GlobalController.class.php 第 55 行.
SQL: SHOW COLUMNS FROM `ycity_teacher` [ RunTime:0.0039s ]
SQL: SELECT * FROM `ycity_teacher` WHERE `username` = 'dingfan' LIMIT 1   [ RunTime:0.0018s ]

[ 2018-06-11T09:30:01+08:00 ] ::1 /cauc_zs3/zs/Promotion/Login/index.html
INFO: [ app_init ] --START--
INFO: Run Behavior\BuildLiteBehavior [ RunTime:0.000025s ]
INFO: [ app_init ] --END-- [ RunTime:0.000419s ]
INFO: [ app_begin ] --START--
INFO: Run Behavior\ReadHtmlCacheBehavior [ RunTime:0.000630s ]
INFO: [ app_begin ] --END-- [ RunTime:0.000789s ]
NOTIC: [8] unserialize(): Error at offset 0 of 938 bytes E:\AppServ\www\cauc_zs3\src\Core\Common\functions.php 第 1148 行.
NOTIC: [8] Undefined index: web_status E:\AppServ\www\cauc_zs3\src\Application\Promotion\Controller\GlobalController.class.php 第 35 行.
NOTIC: [8] Undefined index: YC_auth E:\AppServ\www\cauc_zs3\src\Application\Promotion\Controller\GlobalController.class.php 第 55 行.
SQL: SHOW COLUMNS FROM `ycity_teacher` [ RunTime:0.0036s ]
NOTIC: [8] Undefined index: YC_userid E:\AppServ\www\cauc_zs3\src\Application\Promotion\Controller\LoginController.class.php 第 27 行.
INFO: [ view_parse ] --START--
INFO: [ template_filter ] --START--
INFO: Run Behavior\ContentReplaceBehavior [ RunTime:0.000131s ]
INFO: [ template_filter ] --END-- [ RunTime:0.000294s ]
INFO: Run Behavior\ParseTemplateBehavior [ RunTime:0.014274s ]
INFO: [ view_parse ] --END-- [ RunTime:0.014557s ]
INFO: [ view_filter ] --START--
INFO: Run Behavior\WriteHtmlCacheBehavior [ RunTime:0.000481s ]
INFO: [ view_filter ] --END-- [ RunTime:0.000638s ]
INFO: [ app_end ] --START--
INFO: Run Behavior\ShowPageTraceBehavior [ RunTime:0.000468s ]
INFO: [ app_end ] --END-- [ RunTime:0.000608s ]

[ 2018-06-11T09:30:05+08:00 ] ::1 /cauc_zs3/zs/Promotion/Login/doLogin.html
INFO: [ app_init ] --START--
INFO: Run Behavior\BuildLiteBehavior [ RunTime:0.000019s ]
INFO: [ app_init ] --END-- [ RunTime:0.000292s ]
INFO: [ app_begin ] --START--
INFO: Run Behavior\ReadHtmlCacheBehavior [ RunTime:0.000377s ]
INFO: [ app_begin ] --END-- [ RunTime:0.000456s ]
NOTIC: [8] unserialize(): Error at offset 0 of 938 bytes E:\AppServ\www\cauc_zs3\src\Core\Common\functions.php 第 1148 行.
NOTIC: [8] Undefined index: web_status E:\AppServ\www\cauc_zs3\src\Application\Promotion\Controller\GlobalController.class.php 第 35 行.
NOTIC: [8] Undefined index: YC_auth E:\AppServ\www\cauc_zs3\src\Application\Promotion\Controller\GlobalController.class.php 第 55 行.
SQL: SHOW COLUMNS FROM `ycity_teacher` [ RunTime:0.0035s ]
SQL: SELECT * FROM `ycity_teacher` WHERE `username` = 'dingfan' LIMIT 1   [ RunTime:0.0015s ]
NOTIC: [8] Undefined index: ADMIN_ACCESS E:\AppServ\www\cauc_zs3\src\Application\Promotion\Controller\LoginController.class.php 第 53 行.
SQL: UPDATE `ycity_teacher` SET `last_login_time`='1528680605',`last_ip`='0.0.0.0',`login_count`=login_count+1 WHERE `id` = 1583 [ RunTime:0.0026s ]

[ 2018-06-11T09:30:05+08:00 ] ::1 /cauc_zs3/zs/Promotion/Index/index.html
INFO: [ app_init ] --START--
INFO: Run Behavior\BuildLiteBehavior [ RunTime:0.000021s ]
INFO: [ app_init ] --END-- [ RunTime:0.000317s ]
INFO: [ app_begin ] --START--
INFO: Run Behavior\ReadHtmlCacheBehavior [ RunTime:0.000445s ]
INFO: [ app_begin ] --END-- [ RunTime:0.000552s ]
NOTIC: [8] unserialize(): Error at offset 0 of 938 bytes E:\AppServ\www\cauc_zs3\src\Core\Common\functions.php 第 1148 行.
NOTIC: [8] Undefined index: web_status E:\AppServ\www\cauc_zs3\src\Application\Promotion\Controller\GlobalController.class.php 第 35 行.
NOTIC: [8] Undefined index: ADMIN_ACCESS E:\AppServ\www\cauc_zs3\src\Application\Promotion\Controller\GlobalController.class.php 第 57 行.
INFO: [ view_parse ] --START--
INFO: [ template_filter ] --START--
INFO: Run Behavior\ContentReplaceBehavior [ RunTime:0.000084s ]
INFO: [ template_filter ] --END-- [ RunTime:0.000190s ]
INFO: Run Behavior\ParseTemplateBehavior [ RunTime:0.033267s ]
INFO: [ view_parse ] --END-- [ RunTime:0.033381s ]
INFO: [ view_filter ] --START--
INFO: Run Behavior\WriteHtmlCacheBehavior [ RunTime:0.000302s ]
INFO: [ view_filter ] --END-- [ RunTime:0.000384s ]
INFO: [ app_end ] --START--
INFO: Run Behavior\ShowPageTraceBehavior [ RunTime:0.000305s ]
INFO: [ app_end ] --END-- [ RunTime:0.000388s ]

[ 2018-06-11T10:50:30+08:00 ] ::1 /cauc_zs3/zs/Promotion/Login/index.html
INFO: [ app_init ] --START--
INFO: Run Behavior\BuildLiteBehavior [ RunTime:0.000032s ]
INFO: [ app_init ] --END-- [ RunTime:0.000512s ]
INFO: [ app_begin ] --START--
INFO: Run Behavior\ReadHtmlCacheBehavior [ RunTime:0.001179s ]
INFO: [ app_begin ] --END-- [ RunTime:0.001348s ]
NOTIC: [8] unserialize(): Error at offset 0 of 938 bytes E:\AppServ\www\cauc_zs3\src\Core\Common\functions.php 第 1148 行.
NOTIC: [8] Undefined index: web_status E:\AppServ\www\cauc_zs3\src\Application\Promotion\Controller\GlobalController.class.php 第 35 行.
NOTIC: [8] Undefined index: ADMIN_ACCESS E:\AppServ\www\cauc_zs3\src\Application\Promotion\Controller\GlobalController.class.php 第 57 行.
SQL: SHOW COLUMNS FROM `ycity_teacher` [ RunTime:0.0037s ]
NOTIC: [8] Use of undefined constant success - assumed 'success' E:\AppServ\www\cauc_zs3\src\Application\Promotion\Controller\LoginController.class.php 第 28 行.
INFO: [ view_parse ] --START--
INFO: [ template_filter ] --START--
INFO: Run Behavior\ContentReplaceBehavior [ RunTime:0.000122s ]
INFO: [ template_filter ] --END-- [ RunTime:0.000249s ]
INFO: Run Behavior\ParseTemplateBehavior [ RunTime:0.027793s ]
INFO: [ view_parse ] --END-- [ RunTime:0.027916s ]
INFO: [ view_filter ] --START--
INFO: Run Behavior\WriteHtmlCacheBehavior [ RunTime:0.000357s ]
INFO: [ view_filter ] --END-- [ RunTime:0.000443s ]
INFO: [ app_end ] --START--
INFO: Run Behavior\ShowPageTraceBehavior [ RunTime:0.000395s ]
INFO: [ app_end ] --END-- [ RunTime:0.000484s ]

[ 2018-06-11T10:50:34+08:00 ] ::1 /cauc_zs3/zs/Promotion/Index/index.html
INFO: [ app_init ] --START--
INFO: Run Behavior\BuildLiteBehavior [ RunTime:0.000019s ]
INFO: [ app_init ] --END-- [ RunTime:0.000310s ]
INFO: [ app_begin ] --START--
INFO: Run Behavior\ReadHtmlCacheBehavior [ RunTime:0.000797s ]
INFO: [ app_begin ] --END-- [ RunTime:0.000970s ]
NOTIC: [8] unserialize(): Error at offset 0 of 938 bytes E:\AppServ\www\cauc_zs3\src\Core\Common\functions.php 第 1148 行.
NOTIC: [8] Undefined index: web_status E:\AppServ\www\cauc_zs3\src\Application\Promotion\Controller\GlobalController.class.php 第 35 行.
NOTIC: [8] Undefined index: ADMIN_ACCESS E:\AppServ\www\cauc_zs3\src\Application\Promotion\Controller\GlobalController.class.php 第 57 行.
INFO: [ view_parse ] --START--
INFO: [ template_filter ] --START--
INFO: Run Behavior\ContentReplaceBehavior [ RunTime:0.000095s ]
INFO: [ template_filter ] --END-- [ RunTime:0.000206s ]
INFO: Run Behavior\ParseTemplateBehavior [ RunTime:0.014755s ]
INFO: [ view_parse ] --END-- [ RunTime:0.014862s ]
INFO: [ view_filter ] --START--
INFO: Run Behavior\WriteHtmlCacheBehavior [ RunTime:0.000346s ]
INFO: [ view_filter ] --END-- [ RunTime:0.000435s ]
INFO: [ app_end ] --START--
INFO: Run Behavior\ShowPageTraceBehavior [ RunTime:0.000304s ]
INFO: [ app_end ] --END-- [ RunTime:0.000387s ]

[ 2018-06-11T10:57:07+08:00 ] ::1 /cauc_zs3/zs/Promotion/Index/info.html
INFO: [ app_init ] --START--
INFO: Run Behavior\BuildLiteBehavior [ RunTime:0.000031s ]
INFO: [ app_init ] --END-- [ RunTime:0.000518s ]
INFO: [ app_begin ] --START--
INFO: Run Behavior\ReadHtmlCacheBehavior [ RunTime:0.000455s ]
INFO: [ app_begin ] --END-- [ RunTime:0.000554s ]
NOTIC: [8] unserialize(): Error at offset 0 of 938 bytes E:\AppServ\www\cauc_zs3\src\Core\Common\functions.php 第 1148 行.
NOTIC: [8] Undefined index: web_status E:\AppServ\www\cauc_zs3\src\Application\Promotion\Controller\GlobalController.class.php 第 35 行.
NOTIC: [8] Undefined index: ADMIN_ACCESS E:\AppServ\www\cauc_zs3\src\Application\Promotion\Controller\GlobalController.class.php 第 57 行.
SQL: SHOW COLUMNS FROM `ycity_teacher` [ RunTime:0.0038s ]
SQL: SELECT * FROM `ycity_teacher` WHERE `id` = 1583 LIMIT 1   [ RunTime:0.0013s ]
SQL: SHOW COLUMNS FROM `ycity_college` [ RunTime:0.0031s ]
SQL: SELECT `name` FROM `ycity_college` WHERE ( cid = 81 ) LIMIT 1   [ RunTime:0.0007s ]
INFO: [ view_parse ] --START--
INFO: [ template_filter ] --START--
INFO: Run Behavior\ContentReplaceBehavior [ RunTime:0.000100s ]
INFO: [ template_filter ] --END-- [ RunTime:0.000208s ]
INFO: Run Behavior\ParseTemplateBehavior [ RunTime:0.029592s ]
INFO: [ view_parse ] --END-- [ RunTime:0.029689s ]
INFO: [ view_filter ] --START--
INFO: Run Behavior\WriteHtmlCacheBehavior [ RunTime:0.000311s ]
INFO: [ view_filter ] --END-- [ RunTime:0.000392s ]
INFO: [ app_end ] --START--
INFO: Run Behavior\ShowPageTraceBehavior [ RunTime:0.000413s ]
INFO: [ app_end ] --END-- [ RunTime:0.000499s ]

[ 2018-06-11T10:57:23+08:00 ] ::1 /cauc_zs3/zs/Promotion/Index/index.html
INFO: [ app_init ] --START--
INFO: Run Behavior\BuildLiteBehavior [ RunTime:0.000019s ]
INFO: [ app_init ] --END-- [ RunTime:0.000333s ]
INFO: [ app_begin ] --START--
INFO: Run Behavior\ReadHtmlCacheBehavior [ RunTime:0.000409s ]
INFO: [ app_begin ] --END-- [ RunTime:0.000503s ]
NOTIC: [8] unserialize(): Error at offset 0 of 938 bytes E:\AppServ\www\cauc_zs3\src\Core\Common\functions.php 第 1148 行.
NOTIC: [8] Undefined index: web_status E:\AppServ\www\cauc_zs3\src\Application\Promotion\Controller\GlobalController.class.php 第 35 行.
NOTIC: [8] Undefined index: ADMIN_ACCESS E:\AppServ\www\cauc_zs3\src\Application\Promotion\Controller\GlobalController.class.php 第 57 行.
INFO: [ view_parse ] --START--
INFO: [ template_filter ] --START--
INFO: Run Behavior\ContentReplaceBehavior [ RunTime:0.000085s ]
INFO: [ template_filter ] --END-- [ RunTime:0.000174s ]
INFO: Run Behavior\ParseTemplateBehavior [ RunTime:0.012603s ]
INFO: [ view_parse ] --END-- [ RunTime:0.012781s ]
INFO: [ view_filter ] --START--
INFO: Run Behavior\WriteHtmlCacheBehavior [ RunTime:0.000853s ]
INFO: [ view_filter ] --END-- [ RunTime:0.000995s ]
INFO: [ app_end ] --START--
INFO: Run Behavior\ShowPageTraceBehavior [ RunTime:0.000938s ]
INFO: [ app_end ] --END-- [ RunTime:0.001047s ]

[ 2018-06-11T10:57:31+08:00 ] ::1 /cauc_zs3/zs/Promotion/History/index.html
INFO: [ app_init ] --START--
INFO: Run Behavior\BuildLiteBehavior [ RunTime:0.000024s ]
INFO: [ app_init ] --END-- [ RunTime:0.000488s ]
INFO: [ app_begin ] --START--
INFO: Run Behavior\ReadHtmlCacheBehavior [ RunTime:0.000482s ]
INFO: [ app_begin ] --END-- [ RunTime:0.000587s ]
NOTIC: [8] unserialize(): Error at offset 0 of 938 bytes E:\AppServ\www\cauc_zs3\src\Core\Common\functions.php 第 1148 行.
NOTIC: [8] Undefined index: web_status E:\AppServ\www\cauc_zs3\src\Application\Promotion\Controller\GlobalController.class.php 第 35 行.
NOTIC: [8] Undefined index: ADMIN_ACCESS E:\AppServ\www\cauc_zs3\src\Application\Promotion\Controller\GlobalController.class.php 第 57 行.
SQL: SHOW COLUMNS FROM `ycity_plan` [ RunTime:0.0035s ]
SQL: SHOW COLUMNS FROM `ycity_apply` [ RunTime:0.0031s ]
SQL: SELECT COUNT(*) AS tp_count FROM `ycity_apply` WHERE `teacherid` = 1583 LIMIT 1   [ RunTime:0.0012s ]
SQL: SELECT * FROM `ycity_apply` WHERE `teacherid` = 1583 LIMIT 0,15   [ RunTime:0.0009s ]
SQL: SELECT `zxdm` FROM `ycity_plan` WHERE ( id = 30 ) LIMIT 1   [ RunTime:0.0010s ]
SQL: SHOW COLUMNS FROM `ycity_zxdm` [ RunTime:0.0035s ]
SQL: SELECT `zxmc` FROM `ycity_zxdm` WHERE ( zxdm = 120101001 ) LIMIT 1   [ RunTime:0.0012s ]
SQL: SELECT COUNT(*) AS tp_count FROM `ycity_apply` WHERE `planid` = 30 LIMIT 1   [ RunTime:0.0009s ]
SQL: SELECT COUNT(*) AS tp_count FROM `ycity_apply` WHERE `planid` = 30 AND `other_status` = 2 AND `self_status` = 2 LIMIT 1   [ RunTime:0.0009s ]
INFO: [ view_parse ] --START--
INFO: [ template_filter ] --START--
INFO: Run Behavior\ContentReplaceBehavior [ RunTime:0.000084s ]
INFO: [ template_filter ] --END-- [ RunTime:0.000172s ]
INFO: Run Behavior\ParseTemplateBehavior [ RunTime:0.020094s ]
INFO: [ view_parse ] --END-- [ RunTime:0.020194s ]
INFO: [ view_filter ] --START--
INFO: Run Behavior\WriteHtmlCacheBehavior [ RunTime:0.000325s ]
INFO: [ view_filter ] --END-- [ RunTime:0.000409s ]
INFO: [ app_end ] --START--
INFO: Run Behavior\ShowPageTraceBehavior [ RunTime:0.000427s ]
INFO: [ app_end ] --END-- [ RunTime:0.000509s ]

[ 2018-06-11T10:57:37+08:00 ] ::1 /cauc_zs3/zs/Promotion/History/detail/id/1.html
INFO: [ app_init ] --START--
INFO: Run Behavior\BuildLiteBehavior [ RunTime:0.000034s ]
INFO: [ app_init ] --END-- [ RunTime:0.000711s ]
INFO: [ app_begin ] --START--
INFO: Run Behavior\ReadHtmlCacheBehavior [ RunTime:0.000887s ]
INFO: [ app_begin ] --END-- [ RunTime:0.001075s ]
NOTIC: [8] unserialize(): Error at offset 0 of 938 bytes E:\AppServ\www\cauc_zs3\src\Core\Common\functions.php 第 1148 行.
NOTIC: [8] Undefined index: web_status E:\AppServ\www\cauc_zs3\src\Application\Promotion\Controller\GlobalController.class.php 第 35 行.
NOTIC: [8] Undefined index: ADMIN_ACCESS E:\AppServ\www\cauc_zs3\src\Application\Promotion\Controller\GlobalController.class.php 第 57 行.
SQL: SHOW COLUMNS FROM `ycity_plan` [ RunTime:0.0032s ]
SQL: SHOW COLUMNS FROM `ycity_apply` [ RunTime:0.0030s ]
SQL: SELECT * FROM `ycity_apply` WHERE `id` = 1 LIMIT 1   [ RunTime:0.0013s ]
SQL: SELECT * FROM `ycity_plan` WHERE ( id = 30 ) LIMIT 1   [ RunTime:0.0013s ]
SQL: SHOW COLUMNS FROM `ycity_province` [ RunTime:0.0029s ]
SQL: SELECT `name` FROM `ycity_province` WHERE ( id = 12 ) LIMIT 1   [ RunTime:0.0008s ]
SQL: SHOW COLUMNS FROM `ycity_zxdm` [ RunTime:0.0030s ]
SQL: SELECT `zxmc` FROM `ycity_zxdm` WHERE ( zxdm = 120101001 ) LIMIT 1   [ RunTime:0.0008s ]
INFO: [ view_parse ] --START--
INFO: [ template_filter ] --START--
INFO: Run Behavior\ContentReplaceBehavior [ RunTime:0.000178s ]
INFO: [ template_filter ] --END-- [ RunTime:0.000372s ]
INFO: Run Behavior\ParseTemplateBehavior [ RunTime:0.044526s ]
INFO: [ view_parse ] --END-- [ RunTime:0.044747s ]
INFO: [ view_filter ] --START--
INFO: Run Behavior\WriteHtmlCacheBehavior [ RunTime:0.000703s ]
INFO: [ view_filter ] --END-- [ RunTime:0.000876s ]
INFO: [ app_end ] --START--
INFO: Run Behavior\ShowPageTraceBehavior [ RunTime:0.000896s ]
INFO: [ app_end ] --END-- [ RunTime:0.001074s ]

[ 2018-06-11T10:57:44+08:00 ] ::1 /cauc_zs3/zs/Promotion/Index/info.html
INFO: [ app_init ] --START--
INFO: Run Behavior\BuildLiteBehavior [ RunTime:0.000029s ]
INFO: [ app_init ] --END-- [ RunTime:0.000379s ]
INFO: [ app_begin ] --START--
INFO: Run Behavior\ReadHtmlCacheBehavior [ RunTime:0.002893s ]
INFO: [ app_begin ] --END-- [ RunTime:0.003208s ]
NOTIC: [8] unserialize(): Error at offset 0 of 938 bytes E:\AppServ\www\cauc_zs3\src\Core\Common\functions.php 第 1148 行.
NOTIC: [8] Undefined index: web_status E:\AppServ\www\cauc_zs3\src\Application\Promotion\Controller\GlobalController.class.php 第 35 行.
NOTIC: [8] Undefined index: ADMIN_ACCESS E:\AppServ\www\cauc_zs3\src\Application\Promotion\Controller\GlobalController.class.php 第 57 行.
SQL: SHOW COLUMNS FROM `ycity_teacher` [ RunTime:0.0036s ]
SQL: SELECT * FROM `ycity_teacher` WHERE `id` = 1583 LIMIT 1   [ RunTime:0.0011s ]
SQL: SHOW COLUMNS FROM `ycity_college` [ RunTime:0.0031s ]
SQL: SELECT `name` FROM `ycity_college` WHERE ( cid = 81 ) LIMIT 1   [ RunTime:0.0008s ]
INFO: [ view_parse ] --START--
INFO: [ template_filter ] --START--
INFO: Run Behavior\ContentReplaceBehavior [ RunTime:0.000081s ]
INFO: [ template_filter ] --END-- [ RunTime:0.000168s ]
INFO: Run Behavior\ParseTemplateBehavior [ RunTime:0.011751s ]
INFO: [ view_parse ] --END-- [ RunTime:0.011918s ]
INFO: [ view_filter ] --START--
INFO: Run Behavior\WriteHtmlCacheBehavior [ RunTime:0.000862s ]
INFO: [ view_filter ] --END-- [ RunTime:0.000984s ]
INFO: [ app_end ] --START--
INFO: Run Behavior\ShowPageTraceBehavior [ RunTime:0.000516s ]
INFO: [ app_end ] --END-- [ RunTime:0.000605s ]

[ 2018-06-11T10:57:53+08:00 ] ::1 /cauc_zs3/zs/Promotion/Index/info.html
INFO: [ app_init ] --START--
INFO: Run Behavior\BuildLiteBehavior [ RunTime:0.000020s ]
INFO: [ app_init ] --END-- [ RunTime:0.000329s ]
INFO: [ app_begin ] --START--
INFO: Run Behavior\ReadHtmlCacheBehavior [ RunTime:0.000406s ]
INFO: [ app_begin ] --END-- [ RunTime:0.000497s ]
NOTIC: [8] unserialize(): Error at offset 0 of 938 bytes E:\AppServ\www\cauc_zs3\src\Core\Common\functions.php 第 1148 行.
NOTIC: [8] Undefined index: web_status E:\AppServ\www\cauc_zs3\src\Application\Promotion\Controller\GlobalController.class.php 第 35 行.
NOTIC: [8] Undefined index: ADMIN_ACCESS E:\AppServ\www\cauc_zs3\src\Application\Promotion\Controller\GlobalController.class.php 第 57 行.
SQL: SHOW COLUMNS FROM `ycity_teacher` [ RunTime:0.0033s ]
SQL: SELECT * FROM `ycity_teacher` WHERE `id` = 1583 LIMIT 1   [ RunTime:0.0011s ]
SQL: SHOW COLUMNS FROM `ycity_college` [ RunTime:0.0034s ]
SQL: SELECT `name` FROM `ycity_college` WHERE ( cid = 81 ) LIMIT 1   [ RunTime:0.0011s ]
INFO: [ view_parse ] --START--
INFO: [ template_filter ] --START--
INFO: Run Behavior\ContentReplaceBehavior [ RunTime:0.000080s ]
INFO: [ template_filter ] --END-- [ RunTime:0.000167s ]
INFO: Run Behavior\ParseTemplateBehavior [ RunTime:0.012104s ]
INFO: [ view_parse ] --END-- [ RunTime:0.012212s ]
INFO: [ view_filter ] --START--
INFO: Run Behavior\WriteHtmlCacheBehavior [ RunTime:0.000385s ]
INFO: [ view_filter ] --END-- [ RunTime:0.000500s ]
INFO: [ app_end ] --START--
INFO: Run Behavior\ShowPageTraceBehavior [ RunTime:0.000609s ]
INFO: [ app_end ] --END-- [ RunTime:0.000723s ]

[ 2018-06-11T10:57:54+08:00 ] ::1 /cauc_zs3/zs/Promotion/Index/index.html
INFO: [ app_init ] --START--
INFO: Run Behavior\BuildLiteBehavior [ RunTime:0.000022s ]
INFO: [ app_init ] --END-- [ RunTime:0.000372s ]
INFO: [ app_begin ] --START--
INFO: Run Behavior\ReadHtmlCacheBehavior [ RunTime:0.000445s ]
INFO: [ app_begin ] --END-- [ RunTime:0.000543s ]
NOTIC: [8] unserialize(): Error at offset 0 of 938 bytes E:\AppServ\www\cauc_zs3\src\Core\Common\functions.php 第 1148 行.
NOTIC: [8] Undefined index: web_status E:\AppServ\www\cauc_zs3\src\Application\Promotion\Controller\GlobalController.class.php 第 35 行.
NOTIC: [8] Undefined index: ADMIN_ACCESS E:\AppServ\www\cauc_zs3\src\Application\Promotion\Controller\GlobalController.class.php 第 57 行.
INFO: [ view_parse ] --START--
INFO: [ template_filter ] --START--
INFO: Run Behavior\ContentReplaceBehavior [ RunTime:0.000094s ]
INFO: [ template_filter ] --END-- [ RunTime:0.000181s ]
INFO: Run Behavior\ParseTemplateBehavior [ RunTime:0.013150s ]
INFO: [ view_parse ] --END-- [ RunTime:0.013286s ]
INFO: [ view_filter ] --START--
INFO: Run Behavior\WriteHtmlCacheBehavior [ RunTime:0.000307s ]
INFO: [ view_filter ] --END-- [ RunTime:0.000389s ]
INFO: [ app_end ] --START--
INFO: Run Behavior\ShowPageTraceBehavior [ RunTime:0.000412s ]
INFO: [ app_end ] --END-- [ RunTime:0.000495s ]

[ 2018-06-11T10:57:56+08:00 ] ::1 /cauc_zs3/zs/Promotion/Login/logout.html
INFO: [ app_init ] --START--
INFO: Run Behavior\BuildLiteBehavior [ RunTime:0.000019s ]
INFO: [ app_init ] --END-- [ RunTime:0.000324s ]
INFO: [ app_begin ] --START--
INFO: Run Behavior\ReadHtmlCacheBehavior [ RunTime:0.000423s ]
INFO: [ app_begin ] --END-- [ RunTime:0.000514s ]
NOTIC: [8] unserialize(): Error at offset 0 of 938 bytes E:\AppServ\www\cauc_zs3\src\Core\Common\functions.php 第 1148 行.
NOTIC: [8] Undefined index: web_status E:\AppServ\www\cauc_zs3\src\Application\Promotion\Controller\GlobalController.class.php 第 35 行.
NOTIC: [8] Undefined index: ADMIN_ACCESS E:\AppServ\www\cauc_zs3\src\Application\Promotion\Controller\GlobalController.class.php 第 57 行.
SQL: SHOW COLUMNS FROM `ycity_teacher` [ RunTime:0.0052s ]
NOTIC: [8] Use of undefined constant success - assumed 'success' E:\AppServ\www\cauc_zs3\src\Application\Promotion\Controller\LoginController.class.php 第 83 行.
INFO: [ view_parse ] --START--
INFO: [ template_filter ] --START--
INFO: Run Behavior\ContentReplaceBehavior [ RunTime:0.000067s ]
INFO: [ template_filter ] --END-- [ RunTime:0.000166s ]
INFO: Run Behavior\ParseTemplateBehavior [ RunTime:0.008617s ]
INFO: [ view_parse ] --END-- [ RunTime:0.008751s ]
INFO: [ view_filter ] --START--
INFO: Run Behavior\WriteHtmlCacheBehavior [ RunTime:0.000326s ]
INFO: [ view_filter ] --END-- [ RunTime:0.000408s ]
INFO: [ app_end ] --START--
INFO: Run Behavior\ShowPageTraceBehavior [ RunTime:0.000427s ]
INFO: [ app_end ] --END-- [ RunTime:0.000510s ]

[ 2018-06-11T10:57:57+08:00 ] ::1 /cauc_zs3/zs/Promotion/Login/index.html
INFO: [ app_init ] --START--
INFO: Run Behavior\BuildLiteBehavior [ RunTime:0.000019s ]
INFO: [ app_init ] --END-- [ RunTime:0.000325s ]
INFO: [ app_begin ] --START--
INFO: Run Behavior\ReadHtmlCacheBehavior [ RunTime:0.000406s ]
INFO: [ app_begin ] --END-- [ RunTime:0.000497s ]
NOTIC: [8] unserialize(): Error at offset 0 of 938 bytes E:\AppServ\www\cauc_zs3\src\Core\Common\functions.php 第 1148 行.
NOTIC: [8] Undefined index: web_status E:\AppServ\www\cauc_zs3\src\Application\Promotion\Controller\GlobalController.class.php 第 35 行.
NOTIC: [8] Undefined index: YC_auth E:\AppServ\www\cauc_zs3\src\Application\Promotion\Controller\GlobalController.class.php 第 55 行.
SQL: SHOW COLUMNS FROM `ycity_teacher` [ RunTime:0.0039s ]
NOTIC: [8] Undefined index: YC_userid E:\AppServ\www\cauc_zs3\src\Application\Promotion\Controller\LoginController.class.php 第 27 行.
INFO: [ view_parse ] --START--
INFO: [ template_filter ] --START--
INFO: Run Behavior\ContentReplaceBehavior [ RunTime:0.000087s ]
INFO: [ template_filter ] --END-- [ RunTime:0.000180s ]
INFO: Run Behavior\ParseTemplateBehavior [ RunTime:0.009036s ]
INFO: [ view_parse ] --END-- [ RunTime:0.009132s ]
INFO: [ view_filter ] --START--
INFO: Run Behavior\WriteHtmlCacheBehavior [ RunTime:0.000295s ]
INFO: [ view_filter ] --END-- [ RunTime:0.000375s ]
INFO: [ app_end ] --START--
INFO: Run Behavior\ShowPageTraceBehavior [ RunTime:0.000425s ]
INFO: [ app_end ] --END-- [ RunTime:0.000506s ]

[ 2018-06-11T10:58:07+08:00 ] ::1 /cauc_zs3/zs/Promotion/Login/doLogin.html
INFO: [ app_init ] --START--
INFO: Run Behavior\BuildLiteBehavior [ RunTime:0.000022s ]
INFO: [ app_init ] --END-- [ RunTime:0.000398s ]
INFO: [ app_begin ] --START--
INFO: Run Behavior\ReadHtmlCacheBehavior [ RunTime:0.000528s ]
INFO: [ app_begin ] --END-- [ RunTime:0.000627s ]
NOTIC: [8] unserialize(): Error at offset 0 of 938 bytes E:\AppServ\www\cauc_zs3\src\Core\Common\functions.php 第 1148 行.
NOTIC: [8] Undefined index: web_status E:\AppServ\www\cauc_zs3\src\Application\Promotion\Controller\GlobalController.class.php 第 35 行.
NOTIC: [8] Undefined index: YC_auth E:\AppServ\www\cauc_zs3\src\Application\Promotion\Controller\GlobalController.class.php 第 55 行.
SQL: SHOW COLUMNS FROM `ycity_teacher` [ RunTime:0.0037s ]
SQL: SELECT * FROM `ycity_teacher` WHERE `username` = 'dingfan' LIMIT 1   [ RunTime:0.0015s ]
NOTIC: [8] Undefined index: ADMIN_ACCESS E:\AppServ\www\cauc_zs3\src\Application\Promotion\Controller\LoginController.class.php 第 53 行.
SQL: UPDATE `ycity_teacher` SET `last_login_time`='1528685887',`last_ip`='0.0.0.0',`login_count`=login_count+1 WHERE `id` = 1583 [ RunTime:0.0019s ]

[ 2018-06-11T10:58:07+08:00 ] ::1 /cauc_zs3/zs/Promotion/Index/index.html
INFO: [ app_init ] --START--
INFO: Run Behavior\BuildLiteBehavior [ RunTime:0.000057s ]
INFO: [ app_init ] --END-- [ RunTime:0.001702s ]
INFO: [ app_begin ] --START--
INFO: Run Behavior\ReadHtmlCacheBehavior [ RunTime:0.001045s ]
INFO: [ app_begin ] --END-- [ RunTime:0.001231s ]
NOTIC: [8] unserialize(): Error at offset 0 of 938 bytes E:\AppServ\www\cauc_zs3\src\Core\Common\functions.php 第 1148 行.
NOTIC: [8] Undefined index: web_status E:\AppServ\www\cauc_zs3\src\Application\Promotion\Controller\GlobalController.class.php 第 35 行.
NOTIC: [8] Undefined index: ADMIN_ACCESS E:\AppServ\www\cauc_zs3\src\Application\Promotion\Controller\GlobalController.class.php 第 57 行.
INFO: [ view_parse ] --START--
INFO: [ template_filter ] --START--
INFO: Run Behavior\ContentReplaceBehavior [ RunTime:0.000240s ]
INFO: [ template_filter ] --END-- [ RunTime:0.000596s ]
INFO: Run Behavior\ParseTemplateBehavior [ RunTime:0.015367s ]
INFO: [ view_parse ] --END-- [ RunTime:0.015541s ]
INFO: [ view_filter ] --START--
INFO: Run Behavior\WriteHtmlCacheBehavior [ RunTime:0.000870s ]
INFO: [ view_filter ] --END-- [ RunTime:0.001015s ]
INFO: [ app_end ] --START--
INFO: Run Behavior\ShowPageTraceBehavior [ RunTime:0.000497s ]
INFO: [ app_end ] --END-- [ RunTime:0.000594s ]

[ 2018-06-11T13:49:34+08:00 ] ::1 /cauc_zs3/zs/Promotion/History/index.html
INFO: [ app_init ] --START--
INFO: Run Behavior\BuildLiteBehavior [ RunTime:0.000036s ]
INFO: [ app_init ] --END-- [ RunTime:0.000627s ]
INFO: [ app_begin ] --START--
INFO: Run Behavior\ReadHtmlCacheBehavior [ RunTime:0.000882s ]
INFO: [ app_begin ] --END-- [ RunTime:0.001004s ]
NOTIC: [8] unserialize(): Error at offset 0 of 938 bytes E:\AppServ\www\cauc_zs3\src\Core\Common\functions.php 第 1148 行.
NOTIC: [8] Undefined index: web_status E:\AppServ\www\cauc_zs3\src\Application\Promotion\Controller\GlobalController.class.php 第 35 行.
NOTIC: [8] Undefined index: ADMIN_ACCESS E:\AppServ\www\cauc_zs3\src\Application\Promotion\Controller\GlobalController.class.php 第 57 行.
SQL: SHOW COLUMNS FROM `ycity_plan` [ RunTime:0.0033s ]
SQL: SHOW COLUMNS FROM `ycity_apply` [ RunTime:0.0029s ]
SQL: SELECT COUNT(*) AS tp_count FROM `ycity_apply` WHERE `teacherid` = 1583 LIMIT 1   [ RunTime:0.0008s ]
SQL: SELECT * FROM `ycity_apply` WHERE `teacherid` = 1583 LIMIT 0,15   [ RunTime:0.0009s ]
SQL: SELECT `zxdm` FROM `ycity_plan` WHERE ( id = 30 ) LIMIT 1   [ RunTime:0.0007s ]
SQL: SHOW COLUMNS FROM `ycity_zxdm` [ RunTime:0.0033s ]
SQL: SELECT `zxmc` FROM `ycity_zxdm` WHERE ( zxdm = 120101001 ) LIMIT 1   [ RunTime:0.0008s ]
SQL: SELECT COUNT(*) AS tp_count FROM `ycity_apply` WHERE `planid` = 30 LIMIT 1   [ RunTime:0.0006s ]
SQL: SELECT COUNT(*) AS tp_count FROM `ycity_apply` WHERE `planid` = 30 AND `other_status` = 2 AND `self_status` = 2 LIMIT 1   [ RunTime:0.0007s ]
INFO: [ view_parse ] --START--
INFO: [ template_filter ] --START--
INFO: Run Behavior\ContentReplaceBehavior [ RunTime:0.000090s ]
INFO: [ template_filter ] --END-- [ RunTime:0.000181s ]
INFO: Run Behavior\ParseTemplateBehavior [ RunTime:0.013460s ]
INFO: [ view_parse ] --END-- [ RunTime:0.013566s ]
INFO: [ view_filter ] --START--
INFO: Run Behavior\WriteHtmlCacheBehavior [ RunTime:0.000326s ]
INFO: [ view_filter ] --END-- [ RunTime:0.000426s ]
INFO: [ app_end ] --START--
INFO: Run Behavior\ShowPageTraceBehavior [ RunTime:0.000404s ]
INFO: [ app_end ] --END-- [ RunTime:0.000488s ]

[ 2018-06-11T13:49:35+08:00 ] ::1 /cauc_zs3/zs/Promotion/Signup/index.html
INFO: [ app_init ] --START--
INFO: Run Behavior\BuildLiteBehavior [ RunTime:0.000019s ]
INFO: [ app_init ] --END-- [ RunTime:0.000289s ]
INFO: [ app_begin ] --START--
INFO: Run Behavior\ReadHtmlCacheBehavior [ RunTime:0.000483s ]
INFO: [ app_begin ] --END-- [ RunTime:0.000576s ]
NOTIC: [8] unserialize(): Error at offset 0 of 938 bytes E:\AppServ\www\cauc_zs3\src\Core\Common\functions.php 第 1148 行.
NOTIC: [8] Undefined index: web_status E:\AppServ\www\cauc_zs3\src\Application\Promotion\Controller\GlobalController.class.php 第 35 行.
NOTIC: [8] Undefined index: ADMIN_ACCESS E:\AppServ\www\cauc_zs3\src\Application\Promotion\Controller\GlobalController.class.php 第 57 行.
SQL: SHOW COLUMNS FROM `ycity_plan` [ RunTime:0.0033s ]
SQL: SHOW COLUMNS FROM `ycity_apply` [ RunTime:0.0031s ]
SQL: SHOW COLUMNS FROM `ycity_score` [ RunTime:0.0028s ]
SQL: SELECT MAX(score) AS tp_max FROM `ycity_score` WHERE `username` = 'dingfan' AND `year` = 2018 LIMIT 1   [ RunTime:0.0006s ]
SQL: SHOW COLUMNS FROM `ycity_config` [ RunTime:0.0027s ]
SQL: SELECT `value` FROM `ycity_config` WHERE ( name = 'fraction' ) LIMIT 1   [ RunTime:0.0010s ]
SQL: SHOW COLUMNS FROM `ycity_college` [ RunTime:0.0044s ]
SQL: SELECT `province` FROM `ycity_college` WHERE `cid` = '81' LIMIT 1   [ RunTime:0.0012s ]
SQL: SELECT COUNT(*) AS tp_count FROM `ycity_plan` WHERE `province` IN ('12','62') AND `year` = 2018 LIMIT 1   [ RunTime:0.0009s ]
SQL: SELECT * FROM `ycity_plan` WHERE `province` IN ('12','62') AND `year` = 2018 LIMIT 0,15   [ RunTime:0.0009s ]
SQL: SHOW COLUMNS FROM `ycity_zxdm` [ RunTime:0.0030s ]
SQL: SELECT `zxmc` FROM `ycity_zxdm` WHERE ( zxdm = 120101001 ) LIMIT 1   [ RunTime:0.0010s ]
SQL: SELECT COUNT(*) AS tp_count FROM `ycity_apply` WHERE `planid` = 30 LIMIT 1   [ RunTime:0.0005s ]
SQL: SELECT COUNT(*) AS tp_count FROM `ycity_apply` WHERE `planid` = 30 AND `other_status` = 2 AND `self_status` = 2 LIMIT 1   [ RunTime:0.0006s ]
SQL: SELECT `zxmc` FROM `ycity_zxdm` WHERE ( zxdm = 620102004 ) LIMIT 1   [ RunTime:0.0015s ]
SQL: SELECT COUNT(*) AS tp_count FROM `ycity_apply` WHERE `planid` = 32 LIMIT 1   [ RunTime:0.0010s ]
SQL: SELECT COUNT(*) AS tp_count FROM `ycity_apply` WHERE `planid` = 32 AND `other_status` = 2 AND `self_status` = 2 LIMIT 1   [ RunTime:0.0008s ]
INFO: [ view_parse ] --START--
INFO: [ template_filter ] --START--
INFO: Run Behavior\ContentReplaceBehavior [ RunTime:0.000087s ]
INFO: [ template_filter ] --END-- [ RunTime:0.000178s ]
INFO: Run Behavior\ParseTemplateBehavior [ RunTime:0.024392s ]
INFO: [ view_parse ] --END-- [ RunTime:0.024492s ]
INFO: [ view_filter ] --START--
INFO: Run Behavior\WriteHtmlCacheBehavior [ RunTime:0.000300s ]
INFO: [ view_filter ] --END-- [ RunTime:0.000387s ]
INFO: [ app_end ] --START--
INFO: Run Behavior\ShowPageTraceBehavior [ RunTime:0.000297s ]
INFO: [ app_end ] --END-- [ RunTime:0.000380s ]

[ 2018-06-11T15:25:41+08:00 ] ::1 /cauc_zs3/lqgl/Promotion
INFO: [ app_init ] --START--
INFO: Run Behavior\BuildLiteBehavior [ RunTime:0.000020s ]
INFO: [ app_init ] --END-- [ RunTime:0.000441s ]
INFO: [ app_begin ] --START--
INFO: Run Behavior\ReadHtmlCacheBehavior [ RunTime:0.000446s ]
INFO: [ app_begin ] --END-- [ RunTime:0.000569s ]
NOTIC: [8] unserialize(): Error at offset 0 of 938 bytes E:\AppServ\www\cauc_zs3\src\Core\Common\functions.php 第 1148 行.
NOTIC: [8] Undefined index: web_status E:\AppServ\www\cauc_zs3\src\Application\Promotion\Controller\GlobalController.class.php 第 35 行.
NOTIC: [8] Undefined index: ADMIN_ACCESS E:\AppServ\www\cauc_zs3\src\Application\Promotion\Controller\GlobalController.class.php 第 57 行.
SQL: SHOW COLUMNS FROM `ycity_teacher` [ RunTime:0.0033s ]
NOTIC: [8] Use of undefined constant success - assumed 'success' E:\AppServ\www\cauc_zs3\src\Application\Promotion\Controller\LoginController.class.php 第 28 行.
INFO: [ view_parse ] --START--
INFO: [ template_filter ] --START--
INFO: Run Behavior\ContentReplaceBehavior [ RunTime:0.000107s ]
INFO: [ template_filter ] --END-- [ RunTime:0.000257s ]
INFO: Run Behavior\ParseTemplateBehavior [ RunTime:0.030709s ]
INFO: [ view_parse ] --END-- [ RunTime:0.030815s ]
INFO: [ view_filter ] --START--
INFO: Run Behavior\WriteHtmlCacheBehavior [ RunTime:0.000296s ]
INFO: [ view_filter ] --END-- [ RunTime:0.000398s ]
INFO: [ app_end ] --START--
INFO: Run Behavior\ShowPageTraceBehavior [ RunTime:0.000521s ]
INFO: [ app_end ] --END-- [ RunTime:0.000626s ]

[ 2018-06-11T15:25:43+08:00 ] ::1 /cauc_zs3/lqgl/Promotion/Index/index.html
INFO: [ app_init ] --START--
INFO: Run Behavior\BuildLiteBehavior [ RunTime:0.000022s ]
INFO: [ app_init ] --END-- [ RunTime:0.000368s ]
INFO: [ app_begin ] --START--
INFO: Run Behavior\ReadHtmlCacheBehavior [ RunTime:0.000479s ]
INFO: [ app_begin ] --END-- [ RunTime:0.000580s ]
NOTIC: [8] unserialize(): Error at offset 0 of 938 bytes E:\AppServ\www\cauc_zs3\src\Core\Common\functions.php 第 1148 行.
NOTIC: [8] Undefined index: web_status E:\AppServ\www\cauc_zs3\src\Application\Promotion\Controller\GlobalController.class.php 第 35 行.
NOTIC: [8] Undefined index: ADMIN_ACCESS E:\AppServ\www\cauc_zs3\src\Application\Promotion\Controller\GlobalController.class.php 第 57 行.
INFO: [ view_parse ] --START--
INFO: [ template_filter ] --START--
INFO: Run Behavior\ContentReplaceBehavior [ RunTime:0.000085s ]
INFO: [ template_filter ] --END-- [ RunTime:0.000173s ]
INFO: Run Behavior\ParseTemplateBehavior [ RunTime:0.022042s ]
INFO: [ view_parse ] --END-- [ RunTime:0.022150s ]
INFO: [ view_filter ] --START--
INFO: Run Behavior\WriteHtmlCacheBehavior [ RunTime:0.000300s ]
INFO: [ view_filter ] --END-- [ RunTime:0.000393s ]
INFO: [ app_end ] --START--
INFO: Run Behavior\ShowPageTraceBehavior [ RunTime:0.000415s ]
INFO: [ app_end ] --END-- [ RunTime:0.000498s ]

[ 2018-06-11T15:26:19+08:00 ] ::1 /cauc_zs3/lqgl/Promotion/Index/index.html
INFO: [ app_init ] --START--
INFO: Run Behavior\BuildLiteBehavior [ RunTime:0.000021s ]
INFO: [ app_init ] --END-- [ RunTime:0.000354s ]
INFO: [ app_begin ] --START--
INFO: Run Behavior\ReadHtmlCacheBehavior [ RunTime:0.000523s ]
INFO: [ app_begin ] --END-- [ RunTime:0.000674s ]
NOTIC: [8] unserialize(): Error at offset 0 of 938 bytes E:\AppServ\www\cauc_zs3\src\Core\Common\functions.php 第 1148 行.
NOTIC: [8] Undefined index: web_status E:\AppServ\www\cauc_zs3\src\Application\Promotion\Controller\GlobalController.class.php 第 35 行.
NOTIC: [8] Undefined index: ADMIN_ACCESS E:\AppServ\www\cauc_zs3\src\Application\Promotion\Controller\GlobalController.class.php 第 57 行.
INFO: [ view_parse ] --START--
INFO: [ template_filter ] --START--
INFO: Run Behavior\ContentReplaceBehavior [ RunTime:0.000382s ]
INFO: [ template_filter ] --END-- [ RunTime:0.000966s ]
INFO: Run Behavior\ParseTemplateBehavior [ RunTime:0.019705s ]
INFO: [ view_parse ] --END-- [ RunTime:0.019883s ]
INFO: [ view_filter ] --START--
INFO: Run Behavior\WriteHtmlCacheBehavior [ RunTime:0.000518s ]
INFO: [ view_filter ] --END-- [ RunTime:0.000633s ]
INFO: [ app_end ] --START--
INFO: Run Behavior\ShowPageTraceBehavior [ RunTime:0.000507s ]
INFO: [ app_end ] --END-- [ RunTime:0.000625s ]

[ 2018-06-11T15:26:21+08:00 ] ::1 /cauc_zs3/lqgl/Promotion/SignSecond/index.html
INFO: [ app_init ] --START--
INFO: Run Behavior\BuildLiteBehavior [ RunTime:0.000019s ]
INFO: [ app_init ] --END-- [ RunTime:0.000296s ]
INFO: [ app_begin ] --START--
INFO: Run Behavior\ReadHtmlCacheBehavior [ RunTime:0.000481s ]
INFO: [ app_begin ] --END-- [ RunTime:0.000597s ]
NOTIC: [8] unserialize(): Error at offset 0 of 938 bytes E:\AppServ\www\cauc_zs3\src\Core\Common\functions.php 第 1148 行.
NOTIC: [8] Undefined index: web_status E:\AppServ\www\cauc_zs3\src\Application\Promotion\Controller\GlobalController.class.php 第 35 行.
NOTIC: [8] Undefined index: ADMIN_ACCESS E:\AppServ\www\cauc_zs3\src\Application\Promotion\Controller\GlobalController.class.php 第 57 行.
SQL: SHOW COLUMNS FROM `ycity_plan` [ RunTime:0.0031s ]
SQL: SHOW COLUMNS FROM `ycity_apply` [ RunTime:0.0031s ]
SQL: SHOW COLUMNS FROM `ycity_score` [ RunTime:0.0029s ]
SQL: SELECT MAX(score) AS tp_max FROM `ycity_score` WHERE `username` = 'dingfan' AND `year` = 2018 LIMIT 1   [ RunTime:0.0010s ]
SQL: SHOW COLUMNS FROM `ycity_config` [ RunTime:0.0029s ]
SQL: SELECT `value` FROM `ycity_config` WHERE ( name = 'fraction' ) LIMIT 1   [ RunTime:0.0010s ]
SQL: SELECT COUNT(*) AS tp_count FROM `ycity_plan` WHERE `year` = 2018 LIMIT 1   [ RunTime:0.0008s ]
SQL: SELECT * FROM `ycity_plan` WHERE `year` = 2018 LIMIT 0,15   [ RunTime:0.0010s ]
SQL: SHOW COLUMNS FROM `ycity_zxdm` [ RunTime:0.0025s ]
SQL: SELECT `zxmc` FROM `ycity_zxdm` WHERE ( zxdm = 120101001 ) LIMIT 1   [ RunTime:0.0007s ]
SQL: SELECT COUNT(*) AS tp_count FROM `ycity_apply` WHERE `planid` = 30 LIMIT 1   [ RunTime:0.0006s ]
SQL: SELECT COUNT(*) AS tp_count FROM `ycity_apply` WHERE `planid` = 30 AND `other_status` = 2 AND `self_status` = 2 LIMIT 1   [ RunTime:0.0006s ]
SQL: SELECT `zxmc` FROM `ycity_zxdm` WHERE ( zxdm = 13010202 ) LIMIT 1   [ RunTime:0.0006s ]
SQL: SELECT COUNT(*) AS tp_count FROM `ycity_apply` WHERE `planid` = 31 LIMIT 1   [ RunTime:0.0011s ]
SQL: SELECT COUNT(*) AS tp_count FROM `ycity_apply` WHERE `planid` = 31 AND `other_status` = 2 AND `self_status` = 2 LIMIT 1   [ RunTime:0.0011s ]
SQL: SELECT `zxmc` FROM `ycity_zxdm` WHERE ( zxdm = 620102004 ) LIMIT 1   [ RunTime:0.0008s ]
SQL: SELECT COUNT(*) AS tp_count FROM `ycity_apply` WHERE `planid` = 32 LIMIT 1   [ RunTime:0.0016s ]
SQL: SELECT COUNT(*) AS tp_count FROM `ycity_apply` WHERE `planid` = 32 AND `other_status` = 2 AND `self_status` = 2 LIMIT 1   [ RunTime:0.0007s ]
INFO: [ view_parse ] --START--
INFO: [ template_filter ] --START--
INFO: Run Behavior\ContentReplaceBehavior [ RunTime:0.000118s ]
INFO: [ template_filter ] --END-- [ RunTime:0.000209s ]
NOTIC: [8] Undefined variable: pid E:\AppServ\www\cauc_zs3\src\Application\Runtime\Cache\Promotion\2c823a3a71a625f4df6de19c65807d2f.php 第 278 行.
NOTIC: [8] Undefined variable: pid E:\AppServ\www\cauc_zs3\src\Application\Runtime\Cache\Promotion\2c823a3a71a625f4df6de19c65807d2f.php 第 279 行.
NOTIC: [8] Undefined variable: pid E:\AppServ\www\cauc_zs3\src\Application\Runtime\Cache\Promotion\2c823a3a71a625f4df6de19c65807d2f.php 第 280 行.
NOTIC: [8] Undefined variable: pid E:\AppServ\www\cauc_zs3\src\Application\Runtime\Cache\Promotion\2c823a3a71a625f4df6de19c65807d2f.php 第 281 行.
NOTIC: [8] Undefined variable: pid E:\AppServ\www\cauc_zs3\src\Application\Runtime\Cache\Promotion\2c823a3a71a625f4df6de19c65807d2f.php 第 282 行.
NOTIC: [8] Undefined variable: pid E:\AppServ\www\cauc_zs3\src\Application\Runtime\Cache\Promotion\2c823a3a71a625f4df6de19c65807d2f.php 第 283 行.
NOTIC: [8] Undefined variable: pid E:\AppServ\www\cauc_zs3\src\Application\Runtime\Cache\Promotion\2c823a3a71a625f4df6de19c65807d2f.php 第 284 行.
NOTIC: [8] Undefined variable: pid E:\AppServ\www\cauc_zs3\src\Application\Runtime\Cache\Promotion\2c823a3a71a625f4df6de19c65807d2f.php 第 285 行.
NOTIC: [8] Undefined variable: pid E:\AppServ\www\cauc_zs3\src\Application\Runtime\Cache\Promotion\2c823a3a71a625f4df6de19c65807d2f.php 第 286 行.
NOTIC: [8] Undefined variable: pid E:\AppServ\www\cauc_zs3\src\Application\Runtime\Cache\Promotion\2c823a3a71a625f4df6de19c65807d2f.php 第 287 行.
NOTIC: [8] Undefined variable: pid E:\AppServ\www\cauc_zs3\src\Application\Runtime\Cache\Promotion\2c823a3a71a625f4df6de19c65807d2f.php 第 288 行.
NOTIC: [8] Undefined variable: pid E:\AppServ\www\cauc_zs3\src\Application\Runtime\Cache\Promotion\2c823a3a71a625f4df6de19c65807d2f.php 第 289 行.
NOTIC: [8] Undefined variable: pid E:\AppServ\www\cauc_zs3\src\Application\Runtime\Cache\Promotion\2c823a3a71a625f4df6de19c65807d2f.php 第 290 行.
NOTIC: [8] Undefined variable: pid E:\AppServ\www\cauc_zs3\src\Application\Runtime\Cache\Promotion\2c823a3a71a625f4df6de19c65807d2f.php 第 291 行.
NOTIC: [8] Undefined variable: pid E:\AppServ\www\cauc_zs3\src\Application\Runtime\Cache\Promotion\2c823a3a71a625f4df6de19c65807d2f.php 第 292 行.
NOTIC: [8] Undefined variable: pid E:\AppServ\www\cauc_zs3\src\Application\Runtime\Cache\Promotion\2c823a3a71a625f4df6de19c65807d2f.php 第 293 行.
NOTIC: [8] Undefined variable: pid E:\AppServ\www\cauc_zs3\src\Application\Runtime\Cache\Promotion\2c823a3a71a625f4df6de19c65807d2f.php 第 294 行.
NOTIC: [8] Undefined variable: pid E:\AppServ\www\cauc_zs3\src\Application\Runtime\Cache\Promotion\2c823a3a71a625f4df6de19c65807d2f.php 第 295 行.
NOTIC: [8] Undefined variable: pid E:\AppServ\www\cauc_zs3\src\Application\Runtime\Cache\Promotion\2c823a3a71a625f4df6de19c65807d2f.php 第 296 行.
NOTIC: [8] Undefined variable: pid E:\AppServ\www\cauc_zs3\src\Application\Runtime\Cache\Promotion\2c823a3a71a625f4df6de19c65807d2f.php 第 297 行.
NOTIC: [8] Undefined variable: pid E:\AppServ\www\cauc_zs3\src\Application\Runtime\Cache\Promotion\2c823a3a71a625f4df6de19c65807d2f.php 第 298 行.
NOTIC: [8] Undefined variable: pid E:\AppServ\www\cauc_zs3\src\Application\Runtime\Cache\Promotion\2c823a3a71a625f4df6de19c65807d2f.php 第 299 行.
NOTIC: [8] Undefined variable: pid E:\AppServ\www\cauc_zs3\src\Application\Runtime\Cache\Promotion\2c823a3a71a625f4df6de19c65807d2f.php 第 300 行.
NOTIC: [8] Undefined variable: pid E:\AppServ\www\cauc_zs3\src\Application\Runtime\Cache\Promotion\2c823a3a71a625f4df6de19c65807d2f.php 第 301 行.
NOTIC: [8] Undefined variable: pid E:\AppServ\www\cauc_zs3\src\Application\Runtime\Cache\Promotion\2c823a3a71a625f4df6de19c65807d2f.php 第 302 行.
NOTIC: [8] Undefined variable: pid E:\AppServ\www\cauc_zs3\src\Application\Runtime\Cache\Promotion\2c823a3a71a625f4df6de19c65807d2f.php 第 303 行.
NOTIC: [8] Undefined variable: pid E:\AppServ\www\cauc_zs3\src\Application\Runtime\Cache\Promotion\2c823a3a71a625f4df6de19c65807d2f.php 第 304 行.
NOTIC: [8] Undefined variable: pid E:\AppServ\www\cauc_zs3\src\Application\Runtime\Cache\Promotion\2c823a3a71a625f4df6de19c65807d2f.php 第 305 行.
NOTIC: [8] Undefined variable: pid E:\AppServ\www\cauc_zs3\src\Application\Runtime\Cache\Promotion\2c823a3a71a625f4df6de19c65807d2f.php 第 306 行.
NOTIC: [8] Undefined variable: pid E:\AppServ\www\cauc_zs3\src\Application\Runtime\Cache\Promotion\2c823a3a71a625f4df6de19c65807d2f.php 第 307 行.
NOTIC: [8] Undefined variable: pid E:\AppServ\www\cauc_zs3\src\Application\Runtime\Cache\Promotion\2c823a3a71a625f4df6de19c65807d2f.php 第 308 行.
NOTIC: [8] Undefined variable: pid E:\AppServ\www\cauc_zs3\src\Application\Runtime\Cache\Promotion\2c823a3a71a625f4df6de19c65807d2f.php 第 309 行.
NOTIC: [8] Undefined variable: pid E:\AppServ\www\cauc_zs3\src\Application\Runtime\Cache\Promotion\2c823a3a71a625f4df6de19c65807d2f.php 第 310 行.
NOTIC: [8] Undefined variable: pid E:\AppServ\www\cauc_zs3\src\Application\Runtime\Cache\Promotion\2c823a3a71a625f4df6de19c65807d2f.php 第 311 行.
INFO: Run Behavior\ParseTemplateBehavior [ RunTime:0.042159s ]
INFO: [ view_parse ] --END-- [ RunTime:0.042294s ]
INFO: [ view_filter ] --START--
INFO: Run Behavior\WriteHtmlCacheBehavior [ RunTime:0.000665s ]
INFO: [ view_filter ] --END-- [ RunTime:0.000779s ]
INFO: [ app_end ] --START--
INFO: Run Behavior\ShowPageTraceBehavior [ RunTime:0.000545s ]
INFO: [ app_end ] --END-- [ RunTime:0.000765s ]

