[ 2018-06-06T17:01:56+08:00 ] ::1 /cauc_zs3/zs/Promotion/Index/info.html
INFO: [ app_init ] --START--
INFO: Run Behavior\BuildLiteBehavior [ RunTime:0.000022s ]
INFO: [ app_init ] --END-- [ RunTime:0.000336s ]
INFO: [ app_begin ] --START--
INFO: Run Behavior\ReadHtmlCacheBehavior [ RunTime:0.000391s ]
INFO: [ app_begin ] --END-- [ RunTime:0.000482s ]
NOTIC: [8] unserialize(): Error at offset 0 of 938 bytes E:\AppServ\www\cauc_zs3\src\Core\Common\functions.php 第 1148 行.
NOTIC: [8] Undefined index: web_status E:\AppServ\www\cauc_zs3\src\Application\Promotion\Controller\GlobalController.class.php 第 35 行.
NOTIC: [8] Undefined index: ADMIN_ACCESS E:\AppServ\www\cauc_zs3\src\Application\Promotion\Controller\GlobalController.class.php 第 57 行.
SQL: SHOW COLUMNS FROM `ycity_teacher` [ RunTime:0.0049s ]
SQL: SELECT * FROM `ycity_teacher` WHERE `id` = 1581 LIMIT 1   [ RunTime:0.0011s ]
SQL: SHOW COLUMNS FROM `ycity_college` [ RunTime:0.0030s ]
SQL: SELECT `name` FROM `ycity_college` WHERE ( cid = 81 ) LIMIT 1   [ RunTime:0.0010s ]
INFO: [ view_parse ] --START--
INFO: [ template_filter ] --START--
INFO: Run Behavior\ContentReplaceBehavior [ RunTime:0.000109s ]
INFO: [ template_filter ] --END-- [ RunTime:0.000220s ]
INFO: Run Behavior\ParseTemplateBehavior [ RunTime:0.015517s ]
INFO: [ view_parse ] --END-- [ RunTime:0.015659s ]
INFO: [ view_filter ] --START--
INFO: Run Behavior\WriteHtmlCacheBehavior [ RunTime:0.000525s ]
INFO: [ view_filter ] --END-- [ RunTime:0.000618s ]
INFO: [ app_end ] --START--
INFO: Run Behavior\ShowPageTraceBehavior [ RunTime:0.000636s ]
INFO: [ app_end ] --END-- [ RunTime:0.000733s ]

[ 2018-06-06T17:01:59+08:00 ] ::1 /cauc_zs3/zs/Promotion/Index/index.html
INFO: [ app_init ] --START--
INFO: Run Behavior\BuildLiteBehavior [ RunTime:0.000033s ]
INFO: [ app_init ] --END-- [ RunTime:0.000361s ]
INFO: [ app_begin ] --START--
INFO: Run Behavior\ReadHtmlCacheBehavior [ RunTime:0.000408s ]
INFO: [ app_begin ] --END-- [ RunTime:0.000501s ]
NOTIC: [8] unserialize(): Error at offset 0 of 938 bytes E:\AppServ\www\cauc_zs3\src\Core\Common\functions.php 第 1148 行.
NOTIC: [8] Undefined index: web_status E:\AppServ\www\cauc_zs3\src\Application\Promotion\Controller\GlobalController.class.php 第 35 行.
NOTIC: [8] Undefined index: ADMIN_ACCESS E:\AppServ\www\cauc_zs3\src\Application\Promotion\Controller\GlobalController.class.php 第 57 行.
INFO: [ view_parse ] --START--
INFO: [ template_filter ] --START--
INFO: Run Behavior\ContentReplaceBehavior [ RunTime:0.000088s ]
INFO: [ template_filter ] --END-- [ RunTime:0.000180s ]
INFO: Run Behavior\ParseTemplateBehavior [ RunTime:0.013778s ]
INFO: [ view_parse ] --END-- [ RunTime:0.013882s ]
INFO: [ view_filter ] --START--
INFO: Run Behavior\WriteHtmlCacheBehavior [ RunTime:0.000292s ]
INFO: [ view_filter ] --END-- [ RunTime:0.000375s ]
INFO: [ app_end ] --START--
INFO: Run Behavior\ShowPageTraceBehavior [ RunTime:0.000559s ]
INFO: [ app_end ] --END-- [ RunTime:0.000709s ]

[ 2018-06-06T17:02:02+08:00 ] ::1 /cauc_zs3/zs/Promotion/SignSecond/index.html
INFO: [ app_init ] --START--
INFO: Run Behavior\BuildLiteBehavior [ RunTime:0.000035s ]
INFO: [ app_init ] --END-- [ RunTime:0.000488s ]
INFO: [ app_begin ] --START--
INFO: Run Behavior\ReadHtmlCacheBehavior [ RunTime:0.000473s ]
INFO: [ app_begin ] --END-- [ RunTime:0.000618s ]
NOTIC: [8] unserialize(): Error at offset 0 of 938 bytes E:\AppServ\www\cauc_zs3\src\Core\Common\functions.php 第 1148 行.
NOTIC: [8] Undefined index: web_status E:\AppServ\www\cauc_zs3\src\Application\Promotion\Controller\GlobalController.class.php 第 35 行.
NOTIC: [8] Undefined index: ADMIN_ACCESS E:\AppServ\www\cauc_zs3\src\Application\Promotion\Controller\GlobalController.class.php 第 57 行.
SQL: SHOW COLUMNS FROM `ycity_plan` [ RunTime:0.0033s ]
SQL: SHOW COLUMNS FROM `ycity_apply` [ RunTime:0.0030s ]
SQL: SHOW COLUMNS FROM `ycity_score` [ RunTime:0.0029s ]
SQL: SELECT MAX(score) AS tp_max FROM `ycity_score` WHERE `username` = 'dingfan' AND `year` = 2018 LIMIT 1   [ RunTime:0.0009s ]
SQL: SHOW COLUMNS FROM `ycity_config` [ RunTime:0.0032s ]
SQL: SELECT `value` FROM `ycity_config` WHERE ( name = 'fraction' ) LIMIT 1   [ RunTime:0.0010s ]
SQL: SELECT COUNT(*) AS tp_count FROM `ycity_plan` WHERE `year` = 2018 LIMIT 1   [ RunTime:0.0011s ]
SQL: SELECT * FROM `ycity_plan` WHERE `year` = 2018 LIMIT 0,15   [ RunTime:0.0017s ]
SQL: SHOW COLUMNS FROM `ycity_zxdm` [ RunTime:0.0031s ]
SQL: SELECT `zxmc` FROM `ycity_zxdm` WHERE ( zxdm = 120101002 ) LIMIT 1   [ RunTime:0.0010s ]
SQL: SELECT COUNT(*) AS tp_count FROM `ycity_apply` WHERE `planid` = 27 LIMIT 1   [ RunTime:0.0012s ]
SQL: SELECT COUNT(*) AS tp_count FROM `ycity_apply` WHERE `planid` = 27 AND `other_status` = 2 AND `self_status` = 2 LIMIT 1   [ RunTime:0.0010s ]
SQL: SELECT `zxmc` FROM `ycity_zxdm` WHERE ( zxdm = 620102001 ) LIMIT 1   [ RunTime:0.0011s ]
SQL: SELECT COUNT(*) AS tp_count FROM `ycity_apply` WHERE `planid` = 28 LIMIT 1   [ RunTime:0.0010s ]
SQL: SELECT COUNT(*) AS tp_count FROM `ycity_apply` WHERE `planid` = 28 AND `other_status` = 2 AND `self_status` = 2 LIMIT 1   [ RunTime:0.0010s ]
SQL: SELECT `zxmc` FROM `ycity_zxdm` WHERE ( zxdm = 13010202 ) LIMIT 1   [ RunTime:0.0012s ]
SQL: SELECT COUNT(*) AS tp_count FROM `ycity_apply` WHERE `planid` = 29 LIMIT 1   [ RunTime:0.0011s ]
SQL: SELECT COUNT(*) AS tp_count FROM `ycity_apply` WHERE `planid` = 29 AND `other_status` = 2 AND `self_status` = 2 LIMIT 1   [ RunTime:0.0011s ]
INFO: [ view_parse ] --START--
INFO: [ template_filter ] --START--
INFO: Run Behavior\ContentReplaceBehavior [ RunTime:0.000208s ]
INFO: [ template_filter ] --END-- [ RunTime:0.000335s ]
NOTIC: [8] Undefined variable: pid E:\AppServ\www\cauc_zs3\src\Application\Runtime\Cache\Promotion\2c823a3a71a625f4df6de19c65807d2f.php 第 278 行.
NOTIC: [8] Undefined variable: pid E:\AppServ\www\cauc_zs3\src\Application\Runtime\Cache\Promotion\2c823a3a71a625f4df6de19c65807d2f.php 第 279 行.
NOTIC: [8] Undefined variable: pid E:\AppServ\www\cauc_zs3\src\Application\Runtime\Cache\Promotion\2c823a3a71a625f4df6de19c65807d2f.php 第 280 行.
NOTIC: [8] Undefined variable: pid E:\AppServ\www\cauc_zs3\src\Application\Runtime\Cache\Promotion\2c823a3a71a625f4df6de19c65807d2f.php 第 281 行.
NOTIC: [8] Undefined variable: pid E:\AppServ\www\cauc_zs3\src\Application\Runtime\Cache\Promotion\2c823a3a71a625f4df6de19c65807d2f.php 第 282 行.
NOTIC: [8] Undefined variable: pid E:\AppServ\www\cauc_zs3\src\Application\Runtime\Cache\Promotion\2c823a3a71a625f4df6de19c65807d2f.php 第 283 行.
NOTIC: [8] Undefined variable: pid E:\AppServ\www\cauc_zs3\src\Application\Runtime\Cache\Promotion\2c823a3a71a625f4df6de19c65807d2f.php 第 284 行.
NOTIC: [8] Undefined variable: pid E:\AppServ\www\cauc_zs3\src\Application\Runtime\Cache\Promotion\2c823a3a71a625f4df6de19c65807d2f.php 第 285 行.
NOTIC: [8] Undefined variable: pid E:\AppServ\www\cauc_zs3\src\Application\Runtime\Cache\Promotion\2c823a3a71a625f4df6de19c65807d2f.php 第 286 行.
NOTIC: [8] Undefined variable: pid E:\AppServ\www\cauc_zs3\src\Application\Runtime\Cache\Promotion\2c823a3a71a625f4df6de19c65807d2f.php 第 287 行.
NOTIC: [8] Undefined variable: pid E:\AppServ\www\cauc_zs3\src\Application\Runtime\Cache\Promotion\2c823a3a71a625f4df6de19c65807d2f.php 第 288 行.
NOTIC: [8] Undefined variable: pid E:\AppServ\www\cauc_zs3\src\Application\Runtime\Cache\Promotion\2c823a3a71a625f4df6de19c65807d2f.php 第 289 行.
NOTIC: [8] Undefined variable: pid E:\AppServ\www\cauc_zs3\src\Application\Runtime\Cache\Promotion\2c823a3a71a625f4df6de19c65807d2f.php 第 290 行.
NOTIC: [8] Undefined variable: pid E:\AppServ\www\cauc_zs3\src\Application\Runtime\Cache\Promotion\2c823a3a71a625f4df6de19c65807d2f.php 第 291 行.
NOTIC: [8] Undefined variable: pid E:\AppServ\www\cauc_zs3\src\Application\Runtime\Cache\Promotion\2c823a3a71a625f4df6de19c65807d2f.php 第 292 行.
NOTIC: [8] Undefined variable: pid E:\AppServ\www\cauc_zs3\src\Application\Runtime\Cache\Promotion\2c823a3a71a625f4df6de19c65807d2f.php 第 293 行.
NOTIC: [8] Undefined variable: pid E:\AppServ\www\cauc_zs3\src\Application\Runtime\Cache\Promotion\2c823a3a71a625f4df6de19c65807d2f.php 第 294 行.
NOTIC: [8] Undefined variable: pid E:\AppServ\www\cauc_zs3\src\Application\Runtime\Cache\Promotion\2c823a3a71a625f4df6de19c65807d2f.php 第 295 行.
NOTIC: [8] Undefined variable: pid E:\AppServ\www\cauc_zs3\src\Application\Runtime\Cache\Promotion\2c823a3a71a625f4df6de19c65807d2f.php 第 296 行.
NOTIC: [8] Undefined variable: pid E:\AppServ\www\cauc_zs3\src\Application\Runtime\Cache\Promotion\2c823a3a71a625f4df6de19c65807d2f.php 第 297 行.
NOTIC: [8] Undefined variable: pid E:\AppServ\www\cauc_zs3\src\Application\Runtime\Cache\Promotion\2c823a3a71a625f4df6de19c65807d2f.php 第 298 行.
NOTIC: [8] Undefined variable: pid E:\AppServ\www\cauc_zs3\src\Application\Runtime\Cache\Promotion\2c823a3a71a625f4df6de19c65807d2f.php 第 299 行.
NOTIC: [8] Undefined variable: pid E:\AppServ\www\cauc_zs3\src\Application\Runtime\Cache\Promotion\2c823a3a71a625f4df6de19c65807d2f.php 第 300 行.
NOTIC: [8] Undefined variable: pid E:\AppServ\www\cauc_zs3\src\Application\Runtime\Cache\Promotion\2c823a3a71a625f4df6de19c65807d2f.php 第 301 行.
NOTIC: [8] Undefined variable: pid E:\AppServ\www\cauc_zs3\src\Application\Runtime\Cache\Promotion\2c823a3a71a625f4df6de19c65807d2f.php 第 302 行.
NOTIC: [8] Undefined variable: pid E:\AppServ\www\cauc_zs3\src\Application\Runtime\Cache\Promotion\2c823a3a71a625f4df6de19c65807d2f.php 第 303 行.
NOTIC: [8] Undefined variable: pid E:\AppServ\www\cauc_zs3\src\Application\Runtime\Cache\Promotion\2c823a3a71a625f4df6de19c65807d2f.php 第 304 行.
NOTIC: [8] Undefined variable: pid E:\AppServ\www\cauc_zs3\src\Application\Runtime\Cache\Promotion\2c823a3a71a625f4df6de19c65807d2f.php 第 305 行.
NOTIC: [8] Undefined variable: pid E:\AppServ\www\cauc_zs3\src\Application\Runtime\Cache\Promotion\2c823a3a71a625f4df6de19c65807d2f.php 第 306 行.
NOTIC: [8] Undefined variable: pid E:\AppServ\www\cauc_zs3\src\Application\Runtime\Cache\Promotion\2c823a3a71a625f4df6de19c65807d2f.php 第 307 行.
NOTIC: [8] Undefined variable: pid E:\AppServ\www\cauc_zs3\src\Application\Runtime\Cache\Promotion\2c823a3a71a625f4df6de19c65807d2f.php 第 308 行.
NOTIC: [8] Undefined variable: pid E:\AppServ\www\cauc_zs3\src\Application\Runtime\Cache\Promotion\2c823a3a71a625f4df6de19c65807d2f.php 第 309 行.
NOTIC: [8] Undefined variable: pid E:\AppServ\www\cauc_zs3\src\Application\Runtime\Cache\Promotion\2c823a3a71a625f4df6de19c65807d2f.php 第 310 行.
NOTIC: [8] Undefined variable: pid E:\AppServ\www\cauc_zs3\src\Application\Runtime\Cache\Promotion\2c823a3a71a625f4df6de19c65807d2f.php 第 311 行.
INFO: Run Behavior\ParseTemplateBehavior [ RunTime:0.020047s ]
INFO: [ view_parse ] --END-- [ RunTime:0.020145s ]
INFO: [ view_filter ] --START--
INFO: Run Behavior\WriteHtmlCacheBehavior [ RunTime:0.000268s ]
INFO: [ view_filter ] --END-- [ RunTime:0.000352s ]
INFO: [ app_end ] --START--
INFO: Run Behavior\ShowPageTraceBehavior [ RunTime:0.000574s ]
INFO: [ app_end ] --END-- [ RunTime:0.000726s ]

[ 2018-06-06T17:10:10+08:00 ] ::1 /cauc_zs3/zs/Promotion/Index/index.html
INFO: [ app_init ] --START--
INFO: Run Behavior\BuildLiteBehavior [ RunTime:0.000023s ]
INFO: [ app_init ] --END-- [ RunTime:0.000504s ]
INFO: [ app_begin ] --START--
INFO: Run Behavior\ReadHtmlCacheBehavior [ RunTime:0.000341s ]
INFO: [ app_begin ] --END-- [ RunTime:0.000456s ]
NOTIC: [8] unserialize(): Error at offset 0 of 938 bytes E:\AppServ\www\cauc_zs3\src\Core\Common\functions.php 第 1148 行.
NOTIC: [8] Undefined index: web_status E:\AppServ\www\cauc_zs3\src\Application\Promotion\Controller\GlobalController.class.php 第 35 行.
NOTIC: [8] Undefined index: ADMIN_ACCESS E:\AppServ\www\cauc_zs3\src\Application\Promotion\Controller\GlobalController.class.php 第 57 行.
INFO: [ view_parse ] --START--
INFO: [ template_filter ] --START--
INFO: Run Behavior\ContentReplaceBehavior [ RunTime:0.000085s ]
INFO: [ template_filter ] --END-- [ RunTime:0.000178s ]
INFO: Run Behavior\ParseTemplateBehavior [ RunTime:0.011078s ]
INFO: [ view_parse ] --END-- [ RunTime:0.011229s ]
INFO: [ view_filter ] --START--
INFO: Run Behavior\WriteHtmlCacheBehavior [ RunTime:0.001009s ]
INFO: [ view_filter ] --END-- [ RunTime:0.001123s ]
INFO: [ app_end ] --START--
INFO: Run Behavior\ShowPageTraceBehavior [ RunTime:0.000324s ]
INFO: [ app_end ] --END-- [ RunTime:0.000409s ]

[ 2018-06-06T17:10:11+08:00 ] ::1 /cauc_zs3/zs/Promotion/Signup/index.html
INFO: [ app_init ] --START--
INFO: Run Behavior\BuildLiteBehavior [ RunTime:0.000022s ]
INFO: [ app_init ] --END-- [ RunTime:0.000339s ]
INFO: [ app_begin ] --START--
INFO: Run Behavior\ReadHtmlCacheBehavior [ RunTime:0.000312s ]
INFO: [ app_begin ] --END-- [ RunTime:0.000404s ]
NOTIC: [8] unserialize(): Error at offset 0 of 938 bytes E:\AppServ\www\cauc_zs3\src\Core\Common\functions.php 第 1148 行.
NOTIC: [8] Undefined index: web_status E:\AppServ\www\cauc_zs3\src\Application\Promotion\Controller\GlobalController.class.php 第 35 行.
NOTIC: [8] Undefined index: ADMIN_ACCESS E:\AppServ\www\cauc_zs3\src\Application\Promotion\Controller\GlobalController.class.php 第 57 行.
SQL: SHOW COLUMNS FROM `ycity_plan` [ RunTime:0.0032s ]
SQL: SHOW COLUMNS FROM `ycity_apply` [ RunTime:0.0036s ]
INFO: [ view_parse ] --START--
INFO: [ template_filter ] --START--
INFO: Run Behavior\ContentReplaceBehavior [ RunTime:0.000111s ]
INFO: [ template_filter ] --END-- [ RunTime:0.000273s ]
INFO: Run Behavior\ParseTemplateBehavior [ RunTime:0.007484s ]
INFO: [ view_parse ] --END-- [ RunTime:0.007596s ]
INFO: [ view_filter ] --START--
INFO: Run Behavior\WriteHtmlCacheBehavior [ RunTime:0.000191s ]
INFO: [ view_filter ] --END-- [ RunTime:0.000274s ]

[ 2018-06-06T17:10:14+08:00 ] ::1 /cauc_zs3/zs/Promotion/Signup/index.html
INFO: [ app_init ] --START--
INFO: Run Behavior\BuildLiteBehavior [ RunTime:0.000020s ]
INFO: [ app_init ] --END-- [ RunTime:0.000317s ]
INFO: [ app_begin ] --START--
INFO: Run Behavior\ReadHtmlCacheBehavior [ RunTime:0.000300s ]
INFO: [ app_begin ] --END-- [ RunTime:0.000392s ]
NOTIC: [8] unserialize(): Error at offset 0 of 938 bytes E:\AppServ\www\cauc_zs3\src\Core\Common\functions.php 第 1148 行.
NOTIC: [8] Undefined index: web_status E:\AppServ\www\cauc_zs3\src\Application\Promotion\Controller\GlobalController.class.php 第 35 行.
NOTIC: [8] Undefined index: ADMIN_ACCESS E:\AppServ\www\cauc_zs3\src\Application\Promotion\Controller\GlobalController.class.php 第 57 行.
SQL: SHOW COLUMNS FROM `ycity_plan` [ RunTime:0.0034s ]
SQL: SHOW COLUMNS FROM `ycity_apply` [ RunTime:0.0031s ]
INFO: [ view_parse ] --START--
INFO: [ template_filter ] --START--
INFO: Run Behavior\ContentReplaceBehavior [ RunTime:0.000065s ]
INFO: [ template_filter ] --END-- [ RunTime:0.000157s ]
INFO: Run Behavior\ParseTemplateBehavior [ RunTime:0.007102s ]
INFO: [ view_parse ] --END-- [ RunTime:0.007213s ]
INFO: [ view_filter ] --START--
INFO: Run Behavior\WriteHtmlCacheBehavior [ RunTime:0.000185s ]
INFO: [ view_filter ] --END-- [ RunTime:0.000267s ]

[ 2018-06-06T17:10:22+08:00 ] ::1 /cauc_zs3/zs/Promotion/Index/index.html
INFO: [ app_init ] --START--
INFO: Run Behavior\BuildLiteBehavior [ RunTime:0.000034s ]
INFO: [ app_init ] --END-- [ RunTime:0.000597s ]
INFO: [ app_begin ] --START--
INFO: Run Behavior\ReadHtmlCacheBehavior [ RunTime:0.000380s ]
INFO: [ app_begin ] --END-- [ RunTime:0.000485s ]
NOTIC: [8] unserialize(): Error at offset 0 of 938 bytes E:\AppServ\www\cauc_zs3\src\Core\Common\functions.php 第 1148 行.
NOTIC: [8] Undefined index: web_status E:\AppServ\www\cauc_zs3\src\Application\Promotion\Controller\GlobalController.class.php 第 35 行.
NOTIC: [8] Undefined index: ADMIN_ACCESS E:\AppServ\www\cauc_zs3\src\Application\Promotion\Controller\GlobalController.class.php 第 57 行.
INFO: [ view_parse ] --START--
INFO: [ template_filter ] --START--
INFO: Run Behavior\ContentReplaceBehavior [ RunTime:0.000087s ]
INFO: [ template_filter ] --END-- [ RunTime:0.000183s ]
INFO: Run Behavior\ParseTemplateBehavior [ RunTime:0.016104s ]
INFO: [ view_parse ] --END-- [ RunTime:0.016510s ]
INFO: [ view_filter ] --START--
INFO: Run Behavior\WriteHtmlCacheBehavior [ RunTime:0.000374s ]
INFO: [ view_filter ] --END-- [ RunTime:0.000496s ]
INFO: [ app_end ] --START--
INFO: Run Behavior\ShowPageTraceBehavior [ RunTime:0.001112s ]
INFO: [ app_end ] --END-- [ RunTime:0.001309s ]

[ 2018-06-06T17:10:23+08:00 ] ::1 /cauc_zs3/zs/Promotion/Signup/index.html
INFO: [ app_init ] --START--
INFO: Run Behavior\BuildLiteBehavior [ RunTime:0.000032s ]
INFO: [ app_init ] --END-- [ RunTime:0.000436s ]
INFO: [ app_begin ] --START--
INFO: Run Behavior\ReadHtmlCacheBehavior [ RunTime:0.000547s ]
INFO: [ app_begin ] --END-- [ RunTime:0.000689s ]
NOTIC: [8] unserialize(): Error at offset 0 of 938 bytes E:\AppServ\www\cauc_zs3\src\Core\Common\functions.php 第 1148 行.
NOTIC: [8] Undefined index: web_status E:\AppServ\www\cauc_zs3\src\Application\Promotion\Controller\GlobalController.class.php 第 35 行.
NOTIC: [8] Undefined index: ADMIN_ACCESS E:\AppServ\www\cauc_zs3\src\Application\Promotion\Controller\GlobalController.class.php 第 57 行.
SQL: SHOW COLUMNS FROM `ycity_plan` [ RunTime:0.0035s ]
SQL: SHOW COLUMNS FROM `ycity_apply` [ RunTime:0.0034s ]
SQL: SHOW COLUMNS FROM `ycity_score` [ RunTime:0.0035s ]
SQL: SELECT MAX(score) AS tp_max FROM `ycity_score` WHERE `username` = 'dingfan' AND `year` = 2018 LIMIT 1   [ RunTime:0.0011s ]
SQL: SHOW COLUMNS FROM `ycity_config` [ RunTime:0.0033s ]
SQL: SELECT `value` FROM `ycity_config` WHERE ( name = 'fraction' ) LIMIT 1   [ RunTime:0.0012s ]
SQL: SHOW COLUMNS FROM `ycity_college` [ RunTime:0.0036s ]
SQL: SELECT `province` FROM `ycity_college` WHERE `cid` = '81' LIMIT 1   [ RunTime:0.0014s ]
SQL: SELECT COUNT(*) AS tp_count FROM `ycity_plan` WHERE `province` IN ('12','62') AND `year` = 2018 LIMIT 1   [ RunTime:0.0010s ]
SQL: SELECT * FROM `ycity_plan` WHERE `province` IN ('12','62') AND `year` = 2018 LIMIT 0,15   [ RunTime:0.0009s ]
SQL: SHOW COLUMNS FROM `ycity_zxdm` [ RunTime:0.0033s ]
SQL: SELECT `zxmc` FROM `ycity_zxdm` WHERE ( zxdm = 120101002 ) LIMIT 1   [ RunTime:0.0009s ]
SQL: SELECT COUNT(*) AS tp_count FROM `ycity_apply` WHERE `planid` = 27 LIMIT 1   [ RunTime:0.0010s ]
SQL: SELECT COUNT(*) AS tp_count FROM `ycity_apply` WHERE `planid` = 27 AND `other_status` = 2 AND `self_status` = 2 LIMIT 1   [ RunTime:0.0011s ]
SQL: SELECT `zxmc` FROM `ycity_zxdm` WHERE ( zxdm = 620102001 ) LIMIT 1   [ RunTime:0.0008s ]
SQL: SELECT COUNT(*) AS tp_count FROM `ycity_apply` WHERE `planid` = 28 LIMIT 1   [ RunTime:0.0013s ]
SQL: SELECT COUNT(*) AS tp_count FROM `ycity_apply` WHERE `planid` = 28 AND `other_status` = 2 AND `self_status` = 2 LIMIT 1   [ RunTime:0.0009s ]
INFO: [ view_parse ] --START--
INFO: [ template_filter ] --START--
INFO: Run Behavior\ContentReplaceBehavior [ RunTime:0.000090s ]
INFO: [ template_filter ] --END-- [ RunTime:0.000183s ]
INFO: Run Behavior\ParseTemplateBehavior [ RunTime:0.011608s ]
INFO: [ view_parse ] --END-- [ RunTime:0.011743s ]
INFO: [ view_filter ] --START--
INFO: Run Behavior\WriteHtmlCacheBehavior [ RunTime:0.000399s ]
INFO: [ view_filter ] --END-- [ RunTime:0.000516s ]
INFO: [ app_end ] --START--
INFO: Run Behavior\ShowPageTraceBehavior [ RunTime:0.000334s ]
INFO: [ app_end ] --END-- [ RunTime:0.000419s ]

