[ 2017-03-24T08:53:16+08:00 ] 0.0.0.0 /shenjichu/admin.php/Public/doLogin.html
INFO: [ app_begin ] --START--
INFO: ReadHtmlCache Behavior ::run [ RunTime:0.001000s ]
INFO: [ app_begin ] --END-- [ RunTime:0.001000s ]
NOTIC: [8192] mysql_connect(): The mysql extension is deprecated and will be removed in the future: use mysqli or PDO instead D:\AppServ\www\shenjichu\Core\Lib\Driver\Db\DbMysql.class.php 第 55 行.
SQL: SHOW COLUMNS FROM `ycity_user` [ RunTime:0.004000s ]
NOTIC: [8192] preg_replace(): The /e modifier is deprecated, use preg_replace_callback instead D:\AppServ\www\shenjichu\Core\Lib\Core\Db.class.php 第 604 行.
SQL: SELECT * FROM `ycity_user` WHERE ( `username` = 'admin' ) LIMIT 1   [ RunTime:0.002000s ]
SQL: SHOW COLUMNS FROM `ycity_role` [ RunTime:0.004000s ]
NOTIC: [8192] preg_replace(): The /e modifier is deprecated, use preg_replace_callback instead D:\AppServ\www\shenjichu\Core\Lib\Core\Db.class.php 第 604 行.
SQL: SELECT * FROM `ycity_role` WHERE ( id=1 ) LIMIT 1   [ RunTime:0.001000s ]
NOTIC: [2] Illegal string offset 'sys_log' D:\AppServ\www\shenjichu\Admin\Lib\Action\PublicAction.class.php 第 116 行.
NOTIC: [8] Uninitialized string offset: 0 D:\AppServ\www\shenjichu\Admin\Lib\Action\PublicAction.class.php 第 116 行.
NOTIC: [2] Illegal string offset 'sys_log_ext' D:\AppServ\www\shenjichu\Admin\Lib\Action\PublicAction.class.php 第 117 行.
NOTIC: [8] Uninitialized string offset: 0 D:\AppServ\www\shenjichu\Admin\Lib\Action\PublicAction.class.php 第 117 行.
NOTIC: [8] Undefined index: id D:\AppServ\www\shenjichu\Core\Extend\Model\AdvModel.class.php 第 170 行.
SQL: UPDATE `ycity_user` SET `last_login_time`=1490316796,`login_count`=login_count+1 WHERE ( `id` = 1 ) [ RunTime:0.001000s ]

[ 2017-03-24T09:37:52+08:00 ] 0.0.0.0 /shenjichu/admin.php/Public/doLogin.html
INFO: [ app_begin ] --START--
INFO: ReadHtmlCache Behavior ::run [ RunTime:0.002000s ]
INFO: [ app_begin ] --END-- [ RunTime:0.002000s ]
NOTIC: [8192] mysql_connect(): The mysql extension is deprecated and will be removed in the future: use mysqli or PDO instead D:\AppServ\www\shenjichu\Core\Lib\Driver\Db\DbMysql.class.php 第 55 行.
SQL: SHOW COLUMNS FROM `ycity_user` [ RunTime:0.004000s ]
NOTIC: [8192] preg_replace(): The /e modifier is deprecated, use preg_replace_callback instead D:\AppServ\www\shenjichu\Core\Lib\Core\Db.class.php 第 604 行.
SQL: SELECT * FROM `ycity_user` WHERE ( `username` = 'admin' ) LIMIT 1   [ RunTime:0.001000s ]
SQL: SHOW COLUMNS FROM `ycity_role` [ RunTime:0.004000s ]
NOTIC: [8192] preg_replace(): The /e modifier is deprecated, use preg_replace_callback instead D:\AppServ\www\shenjichu\Core\Lib\Core\Db.class.php 第 604 行.
SQL: SELECT * FROM `ycity_role` WHERE ( id=1 ) LIMIT 1   [ RunTime:0.001000s ]
NOTIC: [2] Illegal string offset 'sys_log' D:\AppServ\www\shenjichu\Admin\Lib\Action\PublicAction.class.php 第 116 行.
NOTIC: [8] Uninitialized string offset: 0 D:\AppServ\www\shenjichu\Admin\Lib\Action\PublicAction.class.php 第 116 行.
NOTIC: [2] Illegal string offset 'sys_log_ext' D:\AppServ\www\shenjichu\Admin\Lib\Action\PublicAction.class.php 第 117 行.
NOTIC: [8] Uninitialized string offset: 0 D:\AppServ\www\shenjichu\Admin\Lib\Action\PublicAction.class.php 第 117 行.
NOTIC: [8] Undefined index: id D:\AppServ\www\shenjichu\Core\Extend\Model\AdvModel.class.php 第 170 行.
SQL: UPDATE `ycity_user` SET `last_login_time`=1490319472,`login_count`=login_count+1 WHERE ( `id` = 1 ) [ RunTime:0.000000s ]

[ 2017-03-24T10:11:43+08:00 ] 0.0.0.0 /tcu_audit/admin.php/Public/doLogin.html
INFO: [ app_begin ] --START--
INFO: ReadHtmlCache Behavior ::run [ RunTime:0.002000s ]
INFO: [ app_begin ] --END-- [ RunTime:0.002000s ]
NOTIC: [8192] mysql_connect(): The mysql extension is deprecated and will be removed in the future: use mysqli or PDO instead D:\AppServ\www\tcu_audit\Core\Lib\Driver\Db\DbMysql.class.php 第 55 行.
SQL: SHOW COLUMNS FROM `ycity_user` [ RunTime:0.003000s ]
NOTIC: [8192] preg_replace(): The /e modifier is deprecated, use preg_replace_callback instead D:\AppServ\www\tcu_audit\Core\Lib\Core\Db.class.php 第 604 行.
SQL: SELECT * FROM `ycity_user` WHERE ( `username` = 'admin' ) LIMIT 1   [ RunTime:0.001000s ]
SQL: SHOW COLUMNS FROM `ycity_role` [ RunTime:0.003000s ]
NOTIC: [8192] preg_replace(): The /e modifier is deprecated, use preg_replace_callback instead D:\AppServ\www\tcu_audit\Core\Lib\Core\Db.class.php 第 604 行.
SQL: SELECT * FROM `ycity_role` WHERE ( id=1 ) LIMIT 1   [ RunTime:0.001000s ]
NOTIC: [2] Illegal string offset 'sys_log' D:\AppServ\www\tcu_audit\Admin\Lib\Action\PublicAction.class.php 第 116 行.
NOTIC: [8] Uninitialized string offset: 0 D:\AppServ\www\tcu_audit\Admin\Lib\Action\PublicAction.class.php 第 116 行.
NOTIC: [2] Illegal string offset 'sys_log_ext' D:\AppServ\www\tcu_audit\Admin\Lib\Action\PublicAction.class.php 第 117 行.
NOTIC: [8] Uninitialized string offset: 0 D:\AppServ\www\tcu_audit\Admin\Lib\Action\PublicAction.class.php 第 117 行.
NOTIC: [8] Undefined index: id D:\AppServ\www\tcu_audit\Core\Extend\Model\AdvModel.class.php 第 170 行.
SQL: UPDATE `ycity_user` SET `last_login_time`=1490321503,`login_count`=login_count+1 WHERE ( `id` = 1 ) [ RunTime:0.001000s ]

[ 2017-03-24T10:13:26+08:00 ] 0.0.0.0 /tcu_audit/admin.php/Public/doLogin.html
INFO: [ app_begin ] --START--
INFO: ReadHtmlCache Behavior ::run [ RunTime:0.002000s ]
INFO: [ app_begin ] --END-- [ RunTime:0.002000s ]
NOTIC: [8192] mysql_connect(): The mysql extension is deprecated and will be removed in the future: use mysqli or PDO instead D:\AppServ\www\tcu_audit\Core\Lib\Driver\Db\DbMysql.class.php 第 55 行.
SQL: SHOW COLUMNS FROM `ycity_user` [ RunTime:0.003000s ]
NOTIC: [8192] preg_replace(): The /e modifier is deprecated, use preg_replace_callback instead D:\AppServ\www\tcu_audit\Core\Lib\Core\Db.class.php 第 604 行.
SQL: SELECT * FROM `ycity_user` WHERE ( `username` = 'admin' ) LIMIT 1   [ RunTime:0.001000s ]
SQL: SHOW COLUMNS FROM `ycity_role` [ RunTime:0.003001s ]
NOTIC: [8192] preg_replace(): The /e modifier is deprecated, use preg_replace_callback instead D:\AppServ\www\tcu_audit\Core\Lib\Core\Db.class.php 第 604 行.
SQL: SELECT * FROM `ycity_role` WHERE ( id=1 ) LIMIT 1   [ RunTime:0.000000s ]
NOTIC: [2] Illegal string offset 'sys_log' D:\AppServ\www\tcu_audit\Admin\Lib\Action\PublicAction.class.php 第 116 行.
NOTIC: [8] Uninitialized string offset: 0 D:\AppServ\www\tcu_audit\Admin\Lib\Action\PublicAction.class.php 第 116 行.
NOTIC: [2] Illegal string offset 'sys_log_ext' D:\AppServ\www\tcu_audit\Admin\Lib\Action\PublicAction.class.php 第 117 行.
NOTIC: [8] Uninitialized string offset: 0 D:\AppServ\www\tcu_audit\Admin\Lib\Action\PublicAction.class.php 第 117 行.
NOTIC: [8] Undefined index: id D:\AppServ\www\tcu_audit\Core\Extend\Model\AdvModel.class.php 第 170 行.
SQL: UPDATE `ycity_user` SET `last_login_time`=1490321606,`login_count`=login_count+1 WHERE ( `id` = 1 ) [ RunTime:0.000000s ]

[ 2017-03-24T10:13:38+08:00 ] 0.0.0.0 /tcu_audit/admin.php/Public/doLogin.html
INFO: [ app_begin ] --START--
INFO: ReadHtmlCache Behavior ::run [ RunTime:0.002000s ]
INFO: [ app_begin ] --END-- [ RunTime:0.002000s ]
NOTIC: [8192] mysql_connect(): The mysql extension is deprecated and will be removed in the future: use mysqli or PDO instead D:\AppServ\www\tcu_audit\Core\Lib\Driver\Db\DbMysql.class.php 第 55 行.
SQL: SHOW COLUMNS FROM `ycity_user` [ RunTime:0.003000s ]
NOTIC: [8192] preg_replace(): The /e modifier is deprecated, use preg_replace_callback instead D:\AppServ\www\tcu_audit\Core\Lib\Core\Db.class.php 第 604 行.
SQL: SELECT * FROM `ycity_user` WHERE ( `username` = 'admin' ) LIMIT 1   [ RunTime:0.001000s ]
SQL: SHOW COLUMNS FROM `ycity_role` [ RunTime:0.003000s ]
NOTIC: [8192] preg_replace(): The /e modifier is deprecated, use preg_replace_callback instead D:\AppServ\www\tcu_audit\Core\Lib\Core\Db.class.php 第 604 行.
SQL: SELECT * FROM `ycity_role` WHERE ( id=1 ) LIMIT 1   [ RunTime:0.001000s ]
NOTIC: [2] Illegal string offset 'sys_log' D:\AppServ\www\tcu_audit\Admin\Lib\Action\PublicAction.class.php 第 116 行.
NOTIC: [8] Uninitialized string offset: 0 D:\AppServ\www\tcu_audit\Admin\Lib\Action\PublicAction.class.php 第 116 行.
NOTIC: [2] Illegal string offset 'sys_log_ext' D:\AppServ\www\tcu_audit\Admin\Lib\Action\PublicAction.class.php 第 117 行.
NOTIC: [8] Uninitialized string offset: 0 D:\AppServ\www\tcu_audit\Admin\Lib\Action\PublicAction.class.php 第 117 行.
NOTIC: [8] Undefined index: id D:\AppServ\www\tcu_audit\Core\Extend\Model\AdvModel.class.php 第 170 行.
SQL: UPDATE `ycity_user` SET `last_login_time`=1490321618,`login_count`=login_count+1 WHERE ( `id` = 1 ) [ RunTime:0.001000s ]

[ 2017-03-24T10:14:04+08:00 ] 0.0.0.0 /tcu_audit/admin.php/Public/doLogin.html
INFO: [ app_begin ] --START--
INFO: ReadHtmlCache Behavior ::run [ RunTime:0.002000s ]
INFO: [ app_begin ] --END-- [ RunTime:0.002000s ]
NOTIC: [8192] mysql_connect(): The mysql extension is deprecated and will be removed in the future: use mysqli or PDO instead D:\AppServ\www\tcu_audit\Core\Lib\Driver\Db\DbMysql.class.php 第 55 行.
SQL: SHOW COLUMNS FROM `ycity_user` [ RunTime:0.004001s ]
NOTIC: [8192] preg_replace(): The /e modifier is deprecated, use preg_replace_callback instead D:\AppServ\www\tcu_audit\Core\Lib\Core\Db.class.php 第 604 行.
SQL: SELECT * FROM `ycity_user` WHERE ( `username` = 'admin' ) LIMIT 1   [ RunTime:0.001000s ]
SQL: SHOW COLUMNS FROM `ycity_role` [ RunTime:0.002000s ]
NOTIC: [8192] preg_replace(): The /e modifier is deprecated, use preg_replace_callback instead D:\AppServ\www\tcu_audit\Core\Lib\Core\Db.class.php 第 604 行.
SQL: SELECT * FROM `ycity_role` WHERE ( id=1 ) LIMIT 1   [ RunTime:0.001000s ]
NOTIC: [2] Illegal string offset 'sys_log' D:\AppServ\www\tcu_audit\Admin\Lib\Action\PublicAction.class.php 第 116 行.
NOTIC: [8] Uninitialized string offset: 0 D:\AppServ\www\tcu_audit\Admin\Lib\Action\PublicAction.class.php 第 116 行.
NOTIC: [2] Illegal string offset 'sys_log_ext' D:\AppServ\www\tcu_audit\Admin\Lib\Action\PublicAction.class.php 第 117 行.
NOTIC: [8] Uninitialized string offset: 0 D:\AppServ\www\tcu_audit\Admin\Lib\Action\PublicAction.class.php 第 117 行.
NOTIC: [8] Undefined index: id D:\AppServ\www\tcu_audit\Core\Extend\Model\AdvModel.class.php 第 170 行.
SQL: UPDATE `ycity_user` SET `last_login_time`=1490321644,`login_count`=login_count+1 WHERE ( `id` = 1 ) [ RunTime:0.000000s ]

[ 2017-03-24T10:17:09+08:00 ] 0.0.0.0 /tcu_audit/admin.php/Public/doLogin.html
INFO: [ app_begin ] --START--
INFO: ReadHtmlCache Behavior ::run [ RunTime:0.002001s ]
INFO: [ app_begin ] --END-- [ RunTime:0.002001s ]
NOTIC: [8192] mysql_connect(): The mysql extension is deprecated and will be removed in the future: use mysqli or PDO instead D:\AppServ\www\tcu_audit\Core\Lib\Driver\Db\DbMysql.class.php 第 55 行.
SQL: SHOW COLUMNS FROM `ycity_user` [ RunTime:0.001000s ]
NOTIC: [8192] preg_replace(): The /e modifier is deprecated, use preg_replace_callback instead D:\AppServ\www\tcu_audit\Core\Lib\Core\Db.class.php 第 604 行.
SQL: SELECT * FROM `ycity_user` WHERE ( `username` = 'admin' ) LIMIT 1   [ RunTime:0.000000s ]
SQL: SHOW COLUMNS FROM `ycity_role` [ RunTime:0.000000s ]
NOTIC: [8192] preg_replace(): The /e modifier is deprecated, use preg_replace_callback instead D:\AppServ\www\tcu_audit\Core\Lib\Core\Db.class.php 第 604 行.
SQL: SELECT * FROM `ycity_role` WHERE ( id=1 ) LIMIT 1   [ RunTime:0.000000s ]
NOTIC: [2] Illegal string offset 'sys_log' D:\AppServ\www\tcu_audit\Admin\Lib\Action\PublicAction.class.php 第 116 行.
NOTIC: [8] Uninitialized string offset: 0 D:\AppServ\www\tcu_audit\Admin\Lib\Action\PublicAction.class.php 第 116 行.
NOTIC: [2] Illegal string offset 'sys_log_ext' D:\AppServ\www\tcu_audit\Admin\Lib\Action\PublicAction.class.php 第 117 行.
NOTIC: [8] Uninitialized string offset: 0 D:\AppServ\www\tcu_audit\Admin\Lib\Action\PublicAction.class.php 第 117 行.
NOTIC: [8] Undefined index: id D:\AppServ\www\tcu_audit\Core\Extend\Model\AdvModel.class.php 第 170 行.
SQL: UPDATE `ycity_user` SET `last_login_time`=1490321829,`login_count`=login_count+1 WHERE ( `id` = 1 ) [ RunTime:0.000000s ]

[ 2017-03-24T10:50:56+08:00 ] 0.0.0.0 /tcu_audit/admin.php/Public/doLogin.html
INFO: [ app_begin ] --START--
INFO: ReadHtmlCache Behavior ::run [ RunTime:0.001000s ]
INFO: [ app_begin ] --END-- [ RunTime:0.001000s ]
NOTIC: [8192] mysql_connect(): The mysql extension is deprecated and will be removed in the future: use mysqli or PDO instead D:\AppServ\www\tcu_audit\Core\Lib\Driver\Db\DbMysql.class.php 第 55 行.
SQL: SHOW COLUMNS FROM `ycity_user` [ RunTime:0.079005s ]
NOTIC: [8192] preg_replace(): The /e modifier is deprecated, use preg_replace_callback instead D:\AppServ\www\tcu_audit\Core\Lib\Core\Db.class.php 第 604 行.
SQL: SELECT * FROM `ycity_user` WHERE ( `username` = 'dingfan' ) LIMIT 1   [ RunTime:0.002000s ]
SQL: SHOW COLUMNS FROM `ycity_role` [ RunTime:0.003000s ]
NOTIC: [8192] preg_replace(): The /e modifier is deprecated, use preg_replace_callback instead D:\AppServ\www\tcu_audit\Core\Lib\Core\Db.class.php 第 604 行.
SQL: SELECT * FROM `ycity_role` WHERE ( id=20 ) LIMIT 1   [ RunTime:0.001000s ]
NOTIC: [2] Illegal string offset 'sys_log' D:\AppServ\www\tcu_audit\Admin\Lib\Action\PublicAction.class.php 第 114 行.
NOTIC: [8] Uninitialized string offset: 0 D:\AppServ\www\tcu_audit\Admin\Lib\Action\PublicAction.class.php 第 114 行.
NOTIC: [2] Illegal string offset 'sys_log_ext' D:\AppServ\www\tcu_audit\Admin\Lib\Action\PublicAction.class.php 第 115 行.
NOTIC: [8] Uninitialized string offset: 0 D:\AppServ\www\tcu_audit\Admin\Lib\Action\PublicAction.class.php 第 115 行.
NOTIC: [8] Undefined index: id D:\AppServ\www\tcu_audit\Core\Extend\Model\AdvModel.class.php 第 170 行.
SQL: UPDATE `ycity_user` SET `last_login_time`=1490323856,`login_count`=login_count+1 WHERE ( `id` = 26 ) [ RunTime:0.001001s ]

[ 2017-03-24T14:13:14+08:00 ] 0.0.0.0 /tcu_audit/admin.php/Public/doLogin.html
INFO: [ app_begin ] --START--
INFO: ReadHtmlCache Behavior ::run [ RunTime:0.001000s ]
INFO: [ app_begin ] --END-- [ RunTime:0.001000s ]
NOTIC: [8192] mysql_connect(): The mysql extension is deprecated and will be removed in the future: use mysqli or PDO instead D:\AppServ\www\tcu_audit\Core\Lib\Driver\Db\DbMysql.class.php 第 55 行.
SQL: SHOW COLUMNS FROM `ycity_user` [ RunTime:0.004000s ]
NOTIC: [8192] preg_replace(): The /e modifier is deprecated, use preg_replace_callback instead D:\AppServ\www\tcu_audit\Core\Lib\Core\Db.class.php 第 604 行.
SQL: SELECT * FROM `ycity_user` WHERE ( `username` = 'admin' ) LIMIT 1   [ RunTime:0.001000s ]
SQL: SHOW COLUMNS FROM `ycity_role` [ RunTime:0.003000s ]
NOTIC: [8192] preg_replace(): The /e modifier is deprecated, use preg_replace_callback instead D:\AppServ\www\tcu_audit\Core\Lib\Core\Db.class.php 第 604 行.
SQL: SELECT * FROM `ycity_role` WHERE ( id=1 ) LIMIT 1   [ RunTime:0.001001s ]
NOTIC: [2] Illegal string offset 'sys_log' D:\AppServ\www\tcu_audit\Admin\Lib\Action\PublicAction.class.php 第 118 行.
NOTIC: [8] Uninitialized string offset: 0 D:\AppServ\www\tcu_audit\Admin\Lib\Action\PublicAction.class.php 第 118 行.
NOTIC: [2] Illegal string offset 'sys_log_ext' D:\AppServ\www\tcu_audit\Admin\Lib\Action\PublicAction.class.php 第 119 行.
NOTIC: [8] Uninitialized string offset: 0 D:\AppServ\www\tcu_audit\Admin\Lib\Action\PublicAction.class.php 第 119 行.
NOTIC: [8] Undefined index: id D:\AppServ\www\tcu_audit\Core\Extend\Model\AdvModel.class.php 第 170 行.
SQL: UPDATE `ycity_user` SET `last_login_time`=1490335994,`login_count`=login_count+1 WHERE ( `id` = 1 ) [ RunTime:0.001000s ]

[ 2017-03-24T14:13:50+08:00 ] 0.0.0.0 /tcu_audit/admin.php/Public/doLogin.html
INFO: [ app_begin ] --START--
INFO: ReadHtmlCache Behavior ::run [ RunTime:0.001000s ]
INFO: [ app_begin ] --END-- [ RunTime:0.001000s ]
NOTIC: [8192] mysql_connect(): The mysql extension is deprecated and will be removed in the future: use mysqli or PDO instead D:\AppServ\www\tcu_audit\Core\Lib\Driver\Db\DbMysql.class.php 第 55 行.
SQL: SHOW COLUMNS FROM `ycity_user` [ RunTime:0.003001s ]
NOTIC: [8192] preg_replace(): The /e modifier is deprecated, use preg_replace_callback instead D:\AppServ\www\tcu_audit\Core\Lib\Core\Db.class.php 第 604 行.
SQL: SELECT * FROM `ycity_user` WHERE ( `username` = 'admin' ) LIMIT 1   [ RunTime:0.001000s ]
SQL: SHOW COLUMNS FROM `ycity_role` [ RunTime:0.004000s ]
NOTIC: [8192] preg_replace(): The /e modifier is deprecated, use preg_replace_callback instead D:\AppServ\www\tcu_audit\Core\Lib\Core\Db.class.php 第 604 行.
SQL: SELECT * FROM `ycity_role` WHERE ( id=1 ) LIMIT 1   [ RunTime:0.001000s ]
NOTIC: [2] Illegal string offset 'sys_log' D:\AppServ\www\tcu_audit\Admin\Lib\Action\PublicAction.class.php 第 118 行.
NOTIC: [8] Uninitialized string offset: 0 D:\AppServ\www\tcu_audit\Admin\Lib\Action\PublicAction.class.php 第 118 行.
NOTIC: [2] Illegal string offset 'sys_log_ext' D:\AppServ\www\tcu_audit\Admin\Lib\Action\PublicAction.class.php 第 119 行.
NOTIC: [8] Uninitialized string offset: 0 D:\AppServ\www\tcu_audit\Admin\Lib\Action\PublicAction.class.php 第 119 行.
NOTIC: [8] Undefined index: id D:\AppServ\www\tcu_audit\Core\Extend\Model\AdvModel.class.php 第 170 行.
SQL: UPDATE `ycity_user` SET `last_login_time`=1490336030,`login_count`=login_count+1 WHERE ( `id` = 1 ) [ RunTime:0.001000s ]

[ 2017-03-24T14:16:18+08:00 ] 0.0.0.0 /tcu_audit/admin.php/Public/doLogin.html
INFO: [ app_begin ] --START--
INFO: ReadHtmlCache Behavior ::run [ RunTime:0.001000s ]
INFO: [ app_begin ] --END-- [ RunTime:0.001000s ]
NOTIC: [8192] mysql_connect(): The mysql extension is deprecated and will be removed in the future: use mysqli or PDO instead D:\AppServ\www\tcu_audit\Core\Lib\Driver\Db\DbMysql.class.php 第 55 行.
SQL: SHOW COLUMNS FROM `ycity_user` [ RunTime:0.004000s ]
NOTIC: [8192] preg_replace(): The /e modifier is deprecated, use preg_replace_callback instead D:\AppServ\www\tcu_audit\Core\Lib\Core\Db.class.php 第 604 行.
SQL: SELECT * FROM `ycity_user` WHERE ( `username` = 'admin' ) LIMIT 1   [ RunTime:0.003000s ]
SQL: SHOW COLUMNS FROM `ycity_role` [ RunTime:0.003000s ]
NOTIC: [8192] preg_replace(): The /e modifier is deprecated, use preg_replace_callback instead D:\AppServ\www\tcu_audit\Core\Lib\Core\Db.class.php 第 604 行.
SQL: SELECT * FROM `ycity_role` WHERE ( id=1 ) LIMIT 1   [ RunTime:0.000000s ]
NOTIC: [2] Illegal string offset 'sys_log' D:\AppServ\www\tcu_audit\Admin\Lib\Action\PublicAction.class.php 第 117 行.
NOTIC: [8] Uninitialized string offset: 0 D:\AppServ\www\tcu_audit\Admin\Lib\Action\PublicAction.class.php 第 117 行.
NOTIC: [2] Illegal string offset 'sys_log_ext' D:\AppServ\www\tcu_audit\Admin\Lib\Action\PublicAction.class.php 第 118 行.
NOTIC: [8] Uninitialized string offset: 0 D:\AppServ\www\tcu_audit\Admin\Lib\Action\PublicAction.class.php 第 118 行.
NOTIC: [8] Undefined index: id D:\AppServ\www\tcu_audit\Core\Extend\Model\AdvModel.class.php 第 170 行.
SQL: UPDATE `ycity_user` SET `last_login_time`=1490336178,`login_count`=login_count+1 WHERE ( `id` = 1 ) [ RunTime:0.001000s ]

[ 2017-03-24T14:17:41+08:00 ] 0.0.0.0 /tcu_audit/admin.php/Public/doLogin.html
INFO: [ app_begin ] --START--
INFO: ReadHtmlCache Behavior ::run [ RunTime:0.002000s ]
INFO: [ app_begin ] --END-- [ RunTime:0.002000s ]
NOTIC: [8192] mysql_connect(): The mysql extension is deprecated and will be removed in the future: use mysqli or PDO instead D:\AppServ\www\tcu_audit\Core\Lib\Driver\Db\DbMysql.class.php 第 55 行.
SQL: SHOW COLUMNS FROM `ycity_user` [ RunTime:0.003000s ]
NOTIC: [8192] preg_replace(): The /e modifier is deprecated, use preg_replace_callback instead D:\AppServ\www\tcu_audit\Core\Lib\Core\Db.class.php 第 604 行.
SQL: SELECT * FROM `ycity_user` WHERE ( `username` = 'dingfan' ) LIMIT 1   [ RunTime:0.002000s ]
SQL: SHOW COLUMNS FROM `ycity_role` [ RunTime:0.003000s ]
NOTIC: [8192] preg_replace(): The /e modifier is deprecated, use preg_replace_callback instead D:\AppServ\www\tcu_audit\Core\Lib\Core\Db.class.php 第 604 行.
SQL: SELECT * FROM `ycity_role` WHERE ( id=20 ) LIMIT 1   [ RunTime:0.001000s ]

[ 2017-03-24T14:18:01+08:00 ] 0.0.0.0 /tcu_audit/admin.php/Public/doLogin.html
INFO: [ app_begin ] --START--
INFO: ReadHtmlCache Behavior ::run [ RunTime:0.001000s ]
INFO: [ app_begin ] --END-- [ RunTime:0.001000s ]
NOTIC: [8192] mysql_connect(): The mysql extension is deprecated and will be removed in the future: use mysqli or PDO instead D:\AppServ\www\tcu_audit\Core\Lib\Driver\Db\DbMysql.class.php 第 55 行.
SQL: SHOW COLUMNS FROM `ycity_user` [ RunTime:0.003000s ]
NOTIC: [8192] preg_replace(): The /e modifier is deprecated, use preg_replace_callback instead D:\AppServ\www\tcu_audit\Core\Lib\Core\Db.class.php 第 604 行.
SQL: SELECT * FROM `ycity_user` WHERE ( `username` = 'dingfan' ) LIMIT 1   [ RunTime:0.003000s ]
SQL: SHOW COLUMNS FROM `ycity_role` [ RunTime:0.003000s ]
NOTIC: [8192] preg_replace(): The /e modifier is deprecated, use preg_replace_callback instead D:\AppServ\www\tcu_audit\Core\Lib\Core\Db.class.php 第 604 行.
SQL: SELECT * FROM `ycity_role` WHERE ( id=20 ) LIMIT 1   [ RunTime:0.002000s ]

[ 2017-03-24T14:19:00+08:00 ] 0.0.0.0 /tcu_audit/admin.php/Public/doLogin.html
INFO: [ app_begin ] --START--
INFO: ReadHtmlCache Behavior ::run [ RunTime:0.001001s ]
INFO: [ app_begin ] --END-- [ RunTime:0.001001s ]

[ 2017-03-24T14:19:04+08:00 ] 0.0.0.0 /tcu_audit/admin.php/Public/doLogin.html
INFO: [ app_begin ] --START--
INFO: ReadHtmlCache Behavior ::run [ RunTime:0.001000s ]
INFO: [ app_begin ] --END-- [ RunTime:0.001000s ]
NOTIC: [8192] mysql_connect(): The mysql extension is deprecated and will be removed in the future: use mysqli or PDO instead D:\AppServ\www\tcu_audit\Core\Lib\Driver\Db\DbMysql.class.php 第 55 行.
SQL: SHOW COLUMNS FROM `ycity_user` [ RunTime:0.003000s ]
NOTIC: [8192] preg_replace(): The /e modifier is deprecated, use preg_replace_callback instead D:\AppServ\www\tcu_audit\Core\Lib\Core\Db.class.php 第 604 行.
SQL: SELECT * FROM `ycity_user` WHERE ( `username` = 'dingfan' ) LIMIT 1   [ RunTime:0.001000s ]
SQL: SHOW COLUMNS FROM `ycity_role` [ RunTime:0.003000s ]
NOTIC: [8192] preg_replace(): The /e modifier is deprecated, use preg_replace_callback instead D:\AppServ\www\tcu_audit\Core\Lib\Core\Db.class.php 第 604 行.
SQL: SELECT * FROM `ycity_role` WHERE ( id=20 ) LIMIT 1   [ RunTime:0.000000s ]

[ 2017-03-24T14:19:37+08:00 ] 0.0.0.0 /tcu_audit/admin.php/Public/doLogin.html
INFO: [ app_begin ] --START--
INFO: ReadHtmlCache Behavior ::run [ RunTime:0.009001s ]
INFO: [ app_begin ] --END-- [ RunTime:0.009001s ]
NOTIC: [8192] mysql_connect(): The mysql extension is deprecated and will be removed in the future: use mysqli or PDO instead D:\AppServ\www\tcu_audit\Core\Lib\Driver\Db\DbMysql.class.php 第 55 行.
SQL: SHOW COLUMNS FROM `ycity_user` [ RunTime:0.004000s ]
NOTIC: [8192] preg_replace(): The /e modifier is deprecated, use preg_replace_callback instead D:\AppServ\www\tcu_audit\Core\Lib\Core\Db.class.php 第 604 行.
SQL: SELECT * FROM `ycity_user` WHERE ( `username` = 'dingfan' ) LIMIT 1   [ RunTime:0.001000s ]
SQL: SHOW COLUMNS FROM `ycity_role` [ RunTime:0.002000s ]
NOTIC: [8192] preg_replace(): The /e modifier is deprecated, use preg_replace_callback instead D:\AppServ\www\tcu_audit\Core\Lib\Core\Db.class.php 第 604 行.
SQL: SELECT * FROM `ycity_role` WHERE ( id=20 ) LIMIT 1   [ RunTime:0.000000s ]

[ 2017-03-24T14:19:57+08:00 ] 0.0.0.0 /tcu_audit/admin.php/Public/doLogin.html
INFO: [ app_begin ] --START--
INFO: ReadHtmlCache Behavior ::run [ RunTime:0.006000s ]
INFO: [ app_begin ] --END-- [ RunTime:0.006000s ]
NOTIC: [8192] mysql_connect(): The mysql extension is deprecated and will be removed in the future: use mysqli or PDO instead D:\AppServ\www\tcu_audit\Core\Lib\Driver\Db\DbMysql.class.php 第 55 行.
SQL: SHOW COLUMNS FROM `ycity_user` [ RunTime:0.003000s ]
NOTIC: [8192] preg_replace(): The /e modifier is deprecated, use preg_replace_callback instead D:\AppServ\www\tcu_audit\Core\Lib\Core\Db.class.php 第 604 行.
SQL: SELECT * FROM `ycity_user` WHERE ( `username` = 'admin' ) LIMIT 1   [ RunTime:0.001000s ]
SQL: SHOW COLUMNS FROM `ycity_role` [ RunTime:0.002000s ]
NOTIC: [8192] preg_replace(): The /e modifier is deprecated, use preg_replace_callback instead D:\AppServ\www\tcu_audit\Core\Lib\Core\Db.class.php 第 604 行.
SQL: SELECT * FROM `ycity_role` WHERE ( id=1 ) LIMIT 1   [ RunTime:0.000000s ]
NOTIC: [2] Illegal string offset 'sys_log' D:\AppServ\www\tcu_audit\Admin\Lib\Action\PublicAction.class.php 第 117 行.
NOTIC: [8] Uninitialized string offset: 0 D:\AppServ\www\tcu_audit\Admin\Lib\Action\PublicAction.class.php 第 117 行.
NOTIC: [2] Illegal string offset 'sys_log_ext' D:\AppServ\www\tcu_audit\Admin\Lib\Action\PublicAction.class.php 第 118 行.
NOTIC: [8] Uninitialized string offset: 0 D:\AppServ\www\tcu_audit\Admin\Lib\Action\PublicAction.class.php 第 118 行.
NOTIC: [8] Undefined index: id D:\AppServ\www\tcu_audit\Core\Extend\Model\AdvModel.class.php 第 170 行.
SQL: UPDATE `ycity_user` SET `last_login_time`=1490336397,`login_count`=login_count+1 WHERE ( `id` = 1 ) [ RunTime:0.000000s ]

[ 2017-03-24T14:20:21+08:00 ] 0.0.0.0 /tcu_audit/admin.php/Public/doLogin.html
INFO: [ app_begin ] --START--
INFO: ReadHtmlCache Behavior ::run [ RunTime:0.007001s ]
INFO: [ app_begin ] --END-- [ RunTime:0.007001s ]
NOTIC: [8192] mysql_connect(): The mysql extension is deprecated and will be removed in the future: use mysqli or PDO instead D:\AppServ\www\tcu_audit\Core\Lib\Driver\Db\DbMysql.class.php 第 55 行.
SQL: SHOW COLUMNS FROM `ycity_user` [ RunTime:0.004000s ]
NOTIC: [8192] preg_replace(): The /e modifier is deprecated, use preg_replace_callback instead D:\AppServ\www\tcu_audit\Core\Lib\Core\Db.class.php 第 604 行.
SQL: SELECT * FROM `ycity_user` WHERE ( `username` = 'admin' ) LIMIT 1   [ RunTime:0.000000s ]
SQL: SHOW COLUMNS FROM `ycity_role` [ RunTime:0.003000s ]
NOTIC: [8192] preg_replace(): The /e modifier is deprecated, use preg_replace_callback instead D:\AppServ\www\tcu_audit\Core\Lib\Core\Db.class.php 第 604 行.
SQL: SELECT * FROM `ycity_role` WHERE ( id=1 ) LIMIT 1   [ RunTime:0.000000s ]
NOTIC: [2] Illegal string offset 'sys_log' D:\AppServ\www\tcu_audit\Admin\Lib\Action\PublicAction.class.php 第 117 行.
NOTIC: [8] Uninitialized string offset: 0 D:\AppServ\www\tcu_audit\Admin\Lib\Action\PublicAction.class.php 第 117 行.
NOTIC: [2] Illegal string offset 'sys_log_ext' D:\AppServ\www\tcu_audit\Admin\Lib\Action\PublicAction.class.php 第 118 行.
NOTIC: [8] Uninitialized string offset: 0 D:\AppServ\www\tcu_audit\Admin\Lib\Action\PublicAction.class.php 第 118 行.
NOTIC: [8] Undefined index: id D:\AppServ\www\tcu_audit\Core\Extend\Model\AdvModel.class.php 第 170 行.
SQL: UPDATE `ycity_user` SET `last_login_time`=1490336421,`login_count`=login_count+1 WHERE ( `id` = 1 ) [ RunTime:0.000000s ]

[ 2017-03-24T14:22:07+08:00 ] 0.0.0.0 /tcu_audit/admin.php/Public/doLogin.html
INFO: [ app_begin ] --START--
INFO: ReadHtmlCache Behavior ::run [ RunTime:0.000000s ]
INFO: [ app_begin ] --END-- [ RunTime:0.000000s ]
NOTIC: [8192] mysql_connect(): The mysql extension is deprecated and will be removed in the future: use mysqli or PDO instead D:\AppServ\www\tcu_audit\Core\Lib\Driver\Db\DbMysql.class.php 第 55 行.
SQL: SHOW COLUMNS FROM `ycity_user` [ RunTime:0.004000s ]
NOTIC: [8192] preg_replace(): The /e modifier is deprecated, use preg_replace_callback instead D:\AppServ\www\tcu_audit\Core\Lib\Core\Db.class.php 第 604 行.
SQL: SELECT * FROM `ycity_user` WHERE ( `username` = 'dingfan' ) LIMIT 1   [ RunTime:0.001000s ]
SQL: SHOW COLUMNS FROM `ycity_role` [ RunTime:0.002000s ]
NOTIC: [8192] preg_replace(): The /e modifier is deprecated, use preg_replace_callback instead D:\AppServ\www\tcu_audit\Core\Lib\Core\Db.class.php 第 604 行.
SQL: SELECT * FROM `ycity_role` WHERE ( id=3 ) LIMIT 1   [ RunTime:0.000000s ]
NOTIC: [2] Illegal string offset 'sys_log' D:\AppServ\www\tcu_audit\Admin\Lib\Action\PublicAction.class.php 第 117 行.
NOTIC: [8] Uninitialized string offset: 0 D:\AppServ\www\tcu_audit\Admin\Lib\Action\PublicAction.class.php 第 117 行.
NOTIC: [2] Illegal string offset 'sys_log_ext' D:\AppServ\www\tcu_audit\Admin\Lib\Action\PublicAction.class.php 第 118 行.
NOTIC: [8] Uninitialized string offset: 0 D:\AppServ\www\tcu_audit\Admin\Lib\Action\PublicAction.class.php 第 118 行.
NOTIC: [8] Undefined index: id D:\AppServ\www\tcu_audit\Core\Extend\Model\AdvModel.class.php 第 170 行.
SQL: UPDATE `ycity_user` SET `last_login_time`=1490336527,`login_count`=login_count+1 WHERE ( `id` = 26 ) [ RunTime:0.001000s ]

[ 2017-03-24T14:42:09+08:00 ] 0.0.0.0 /tcu_audit/admin.php/Public/doLogin.html
INFO: [ app_begin ] --START--
INFO: ReadHtmlCache Behavior ::run [ RunTime:0.002000s ]
INFO: [ app_begin ] --END-- [ RunTime:0.002000s ]
NOTIC: [8192] mysql_connect(): The mysql extension is deprecated and will be removed in the future: use mysqli or PDO instead D:\AppServ\www\tcu_audit\Core\Lib\Driver\Db\DbMysql.class.php 第 55 行.
SQL: SHOW COLUMNS FROM `ycity_user` [ RunTime:0.004000s ]
NOTIC: [8192] preg_replace(): The /e modifier is deprecated, use preg_replace_callback instead D:\AppServ\www\tcu_audit\Core\Lib\Core\Db.class.php 第 604 行.
SQL: SELECT * FROM `ycity_user` WHERE ( `username` = 'dingfan' ) LIMIT 1   [ RunTime:0.002000s ]
SQL: SHOW COLUMNS FROM `ycity_role` [ RunTime:0.003000s ]
NOTIC: [8192] preg_replace(): The /e modifier is deprecated, use preg_replace_callback instead D:\AppServ\www\tcu_audit\Core\Lib\Core\Db.class.php 第 604 行.
SQL: SELECT * FROM `ycity_role` WHERE ( id=3 ) LIMIT 1   [ RunTime:0.001001s ]
NOTIC: [2] Illegal string offset 'sys_log' D:\AppServ\www\tcu_audit\Admin\Lib\Action\PublicAction.class.php 第 110 行.
NOTIC: [8] Uninitialized string offset: 0 D:\AppServ\www\tcu_audit\Admin\Lib\Action\PublicAction.class.php 第 110 行.
NOTIC: [2] Illegal string offset 'sys_log_ext' D:\AppServ\www\tcu_audit\Admin\Lib\Action\PublicAction.class.php 第 111 行.
NOTIC: [8] Uninitialized string offset: 0 D:\AppServ\www\tcu_audit\Admin\Lib\Action\PublicAction.class.php 第 111 行.
NOTIC: [8] Undefined index: id D:\AppServ\www\tcu_audit\Core\Extend\Model\AdvModel.class.php 第 170 行.
SQL: UPDATE `ycity_user` SET `last_login_time`=1490337729,`login_count`=login_count+1 WHERE ( `id` = 26 ) [ RunTime:0.002000s ]

[ 2017-03-24T14:42:45+08:00 ] 0.0.0.0 /tcu_audit/admin.php/Public/doLogin.html
INFO: [ app_begin ] --START--
INFO: ReadHtmlCache Behavior ::run [ RunTime:0.003000s ]
INFO: [ app_begin ] --END-- [ RunTime:0.003000s ]
NOTIC: [8192] mysql_connect(): The mysql extension is deprecated and will be removed in the future: use mysqli or PDO instead D:\AppServ\www\tcu_audit\Core\Lib\Driver\Db\DbMysql.class.php 第 55 行.
SQL: SHOW COLUMNS FROM `ycity_user` [ RunTime:0.004001s ]
NOTIC: [8192] preg_replace(): The /e modifier is deprecated, use preg_replace_callback instead D:\AppServ\www\tcu_audit\Core\Lib\Core\Db.class.php 第 604 行.
SQL: SELECT * FROM `ycity_user` WHERE ( `username` = 'admin' ) LIMIT 1   [ RunTime:0.001000s ]
SQL: SHOW COLUMNS FROM `ycity_role` [ RunTime:0.003000s ]
NOTIC: [8192] preg_replace(): The /e modifier is deprecated, use preg_replace_callback instead D:\AppServ\www\tcu_audit\Core\Lib\Core\Db.class.php 第 604 行.
SQL: SELECT * FROM `ycity_role` WHERE ( id=1 ) LIMIT 1   [ RunTime:0.001000s ]
NOTIC: [2] Illegal string offset 'sys_log' D:\AppServ\www\tcu_audit\Admin\Lib\Action\PublicAction.class.php 第 110 行.
NOTIC: [8] Uninitialized string offset: 0 D:\AppServ\www\tcu_audit\Admin\Lib\Action\PublicAction.class.php 第 110 行.
NOTIC: [2] Illegal string offset 'sys_log_ext' D:\AppServ\www\tcu_audit\Admin\Lib\Action\PublicAction.class.php 第 111 行.
NOTIC: [8] Uninitialized string offset: 0 D:\AppServ\www\tcu_audit\Admin\Lib\Action\PublicAction.class.php 第 111 行.
NOTIC: [8] Undefined index: id D:\AppServ\www\tcu_audit\Core\Extend\Model\AdvModel.class.php 第 170 行.
SQL: UPDATE `ycity_user` SET `last_login_time`=1490337765,`login_count`=login_count+1 WHERE ( `id` = 1 ) [ RunTime:0.001000s ]

[ 2017-03-24T14:43:31+08:00 ] 0.0.0.0 /tcu_audit/admin.php/Public/doLogin.html
INFO: [ app_begin ] --START--
INFO: ReadHtmlCache Behavior ::run [ RunTime:0.002000s ]
INFO: [ app_begin ] --END-- [ RunTime:0.002000s ]
NOTIC: [8192] mysql_connect(): The mysql extension is deprecated and will be removed in the future: use mysqli or PDO instead D:\AppServ\www\tcu_audit\Core\Lib\Driver\Db\DbMysql.class.php 第 55 行.
SQL: SHOW COLUMNS FROM `ycity_user` [ RunTime:0.003000s ]
NOTIC: [8192] preg_replace(): The /e modifier is deprecated, use preg_replace_callback instead D:\AppServ\www\tcu_audit\Core\Lib\Core\Db.class.php 第 604 行.
SQL: SELECT * FROM `ycity_user` WHERE ( `username` = 'admin' ) LIMIT 1   [ RunTime:0.001000s ]
SQL: SHOW COLUMNS FROM `ycity_role` [ RunTime:0.003000s ]
NOTIC: [8192] preg_replace(): The /e modifier is deprecated, use preg_replace_callback instead D:\AppServ\www\tcu_audit\Core\Lib\Core\Db.class.php 第 604 行.
SQL: SELECT * FROM `ycity_role` WHERE ( id=1 ) LIMIT 1   [ RunTime:0.002000s ]
NOTIC: [2] Illegal string offset 'sys_log' D:\AppServ\www\tcu_audit\Admin\Lib\Action\PublicAction.class.php 第 110 行.
NOTIC: [8] Uninitialized string offset: 0 D:\AppServ\www\tcu_audit\Admin\Lib\Action\PublicAction.class.php 第 110 行.
NOTIC: [2] Illegal string offset 'sys_log_ext' D:\AppServ\www\tcu_audit\Admin\Lib\Action\PublicAction.class.php 第 111 行.
NOTIC: [8] Uninitialized string offset: 0 D:\AppServ\www\tcu_audit\Admin\Lib\Action\PublicAction.class.php 第 111 行.
NOTIC: [8] Undefined index: id D:\AppServ\www\tcu_audit\Core\Extend\Model\AdvModel.class.php 第 170 行.
SQL: UPDATE `ycity_user` SET `last_login_time`=1490337811,`login_count`=login_count+1 WHERE ( `id` = 1 ) [ RunTime:0.001001s ]

[ 2017-03-24T14:43:39+08:00 ] 0.0.0.0 /tcu_audit/admin.php/Public/doLogin.html
INFO: [ app_begin ] --START--
INFO: ReadHtmlCache Behavior ::run [ RunTime:0.001000s ]
INFO: [ app_begin ] --END-- [ RunTime:0.001000s ]
NOTIC: [8192] mysql_connect(): The mysql extension is deprecated and will be removed in the future: use mysqli or PDO instead D:\AppServ\www\tcu_audit\Core\Lib\Driver\Db\DbMysql.class.php 第 55 行.
SQL: SHOW COLUMNS FROM `ycity_user` [ RunTime:0.004000s ]
NOTIC: [8192] preg_replace(): The /e modifier is deprecated, use preg_replace_callback instead D:\AppServ\www\tcu_audit\Core\Lib\Core\Db.class.php 第 604 行.
SQL: SELECT * FROM `ycity_user` WHERE ( `username` = 'dingfan' ) LIMIT 1   [ RunTime:0.001000s ]
SQL: SHOW COLUMNS FROM `ycity_role` [ RunTime:0.003001s ]
NOTIC: [8192] preg_replace(): The /e modifier is deprecated, use preg_replace_callback instead D:\AppServ\www\tcu_audit\Core\Lib\Core\Db.class.php 第 604 行.
SQL: SELECT * FROM `ycity_role` WHERE ( id=3 ) LIMIT 1   [ RunTime:0.001000s ]
NOTIC: [2] Illegal string offset 'sys_log' D:\AppServ\www\tcu_audit\Admin\Lib\Action\PublicAction.class.php 第 110 行.
NOTIC: [8] Uninitialized string offset: 0 D:\AppServ\www\tcu_audit\Admin\Lib\Action\PublicAction.class.php 第 110 行.
NOTIC: [2] Illegal string offset 'sys_log_ext' D:\AppServ\www\tcu_audit\Admin\Lib\Action\PublicAction.class.php 第 111 行.
NOTIC: [8] Uninitialized string offset: 0 D:\AppServ\www\tcu_audit\Admin\Lib\Action\PublicAction.class.php 第 111 行.
NOTIC: [8] Undefined index: id D:\AppServ\www\tcu_audit\Core\Extend\Model\AdvModel.class.php 第 170 行.
SQL: UPDATE `ycity_user` SET `last_login_time`=1490337819,`login_count`=login_count+1 WHERE ( `id` = 26 ) [ RunTime:0.001000s ]

[ 2017-03-24T14:43:56+08:00 ] 0.0.0.0 /tcu_audit/admin.php/Public/doLogin.html
INFO: [ app_begin ] --START--
INFO: ReadHtmlCache Behavior ::run [ RunTime:0.002000s ]
INFO: [ app_begin ] --END-- [ RunTime:0.002000s ]
NOTIC: [8192] mysql_connect(): The mysql extension is deprecated and will be removed in the future: use mysqli or PDO instead D:\AppServ\www\tcu_audit\Core\Lib\Driver\Db\DbMysql.class.php 第 55 行.
SQL: SHOW COLUMNS FROM `ycity_user` [ RunTime:0.003000s ]
NOTIC: [8192] preg_replace(): The /e modifier is deprecated, use preg_replace_callback instead D:\AppServ\www\tcu_audit\Core\Lib\Core\Db.class.php 第 604 行.
SQL: SELECT * FROM `ycity_user` WHERE ( `username` = 'admin' ) LIMIT 1   [ RunTime:0.001000s ]
SQL: SHOW COLUMNS FROM `ycity_role` [ RunTime:0.003000s ]
NOTIC: [8192] preg_replace(): The /e modifier is deprecated, use preg_replace_callback instead D:\AppServ\www\tcu_audit\Core\Lib\Core\Db.class.php 第 604 行.
SQL: SELECT * FROM `ycity_role` WHERE ( id=1 ) LIMIT 1   [ RunTime:0.001001s ]
NOTIC: [2] Illegal string offset 'sys_log' D:\AppServ\www\tcu_audit\Admin\Lib\Action\PublicAction.class.php 第 110 行.
NOTIC: [8] Uninitialized string offset: 0 D:\AppServ\www\tcu_audit\Admin\Lib\Action\PublicAction.class.php 第 110 行.
NOTIC: [2] Illegal string offset 'sys_log_ext' D:\AppServ\www\tcu_audit\Admin\Lib\Action\PublicAction.class.php 第 111 行.
NOTIC: [8] Uninitialized string offset: 0 D:\AppServ\www\tcu_audit\Admin\Lib\Action\PublicAction.class.php 第 111 行.
NOTIC: [8] Undefined index: id D:\AppServ\www\tcu_audit\Core\Extend\Model\AdvModel.class.php 第 170 行.
SQL: UPDATE `ycity_user` SET `last_login_time`=1490337836,`login_count`=login_count+1 WHERE ( `id` = 1 ) [ RunTime:0.001000s ]

[ 2017-03-24T14:44:41+08:00 ] 0.0.0.0 /tcu_audit/admin.php/Public/doLogin.html
INFO: [ app_begin ] --START--
INFO: ReadHtmlCache Behavior ::run [ RunTime:0.002000s ]
INFO: [ app_begin ] --END-- [ RunTime:0.002000s ]
NOTIC: [8192] mysql_connect(): The mysql extension is deprecated and will be removed in the future: use mysqli or PDO instead D:\AppServ\www\tcu_audit\Core\Lib\Driver\Db\DbMysql.class.php 第 55 行.
SQL: SHOW COLUMNS FROM `ycity_user` [ RunTime:0.004001s ]
NOTIC: [8192] preg_replace(): The /e modifier is deprecated, use preg_replace_callback instead D:\AppServ\www\tcu_audit\Core\Lib\Core\Db.class.php 第 604 行.
SQL: SELECT * FROM `ycity_user` WHERE ( `username` = 'dingfan' ) LIMIT 1   [ RunTime:0.001000s ]
SQL: SHOW COLUMNS FROM `ycity_role` [ RunTime:0.002000s ]
NOTIC: [8192] preg_replace(): The /e modifier is deprecated, use preg_replace_callback instead D:\AppServ\www\tcu_audit\Core\Lib\Core\Db.class.php 第 604 行.
SQL: SELECT * FROM `ycity_role` WHERE ( id=3 ) LIMIT 1   [ RunTime:0.000000s ]
NOTIC: [2] Illegal string offset 'sys_log' D:\AppServ\www\tcu_audit\Admin\Lib\Action\PublicAction.class.php 第 110 行.
NOTIC: [8] Uninitialized string offset: 0 D:\AppServ\www\tcu_audit\Admin\Lib\Action\PublicAction.class.php 第 110 行.
NOTIC: [2] Illegal string offset 'sys_log_ext' D:\AppServ\www\tcu_audit\Admin\Lib\Action\PublicAction.class.php 第 111 行.
NOTIC: [8] Uninitialized string offset: 0 D:\AppServ\www\tcu_audit\Admin\Lib\Action\PublicAction.class.php 第 111 行.
NOTIC: [8] Undefined index: id D:\AppServ\www\tcu_audit\Core\Extend\Model\AdvModel.class.php 第 170 行.
SQL: UPDATE `ycity_user` SET `last_login_time`=1490337881,`login_count`=login_count+1 WHERE ( `id` = 26 ) [ RunTime:0.000000s ]

[ 2017-03-24T14:45:42+08:00 ] 0.0.0.0 /tcu_audit/admin.php/Public/doLogin.html
INFO: [ app_begin ] --START--
INFO: ReadHtmlCache Behavior ::run [ RunTime:0.002000s ]
INFO: [ app_begin ] --END-- [ RunTime:0.002000s ]
NOTIC: [8192] mysql_connect(): The mysql extension is deprecated and will be removed in the future: use mysqli or PDO instead D:\AppServ\www\tcu_audit\Core\Lib\Driver\Db\DbMysql.class.php 第 55 行.
SQL: SHOW COLUMNS FROM `ycity_user` [ RunTime:0.003000s ]
NOTIC: [8192] preg_replace(): The /e modifier is deprecated, use preg_replace_callback instead D:\AppServ\www\tcu_audit\Core\Lib\Core\Db.class.php 第 604 行.
SQL: SELECT * FROM `ycity_user` WHERE ( `username` = 'admin' ) LIMIT 1   [ RunTime:0.001000s ]
SQL: SHOW COLUMNS FROM `ycity_role` [ RunTime:0.003000s ]
NOTIC: [8192] preg_replace(): The /e modifier is deprecated, use preg_replace_callback instead D:\AppServ\www\tcu_audit\Core\Lib\Core\Db.class.php 第 604 行.
SQL: SELECT * FROM `ycity_role` WHERE ( id=1 ) LIMIT 1   [ RunTime:0.001000s ]
NOTIC: [2] Illegal string offset 'sys_log' D:\AppServ\www\tcu_audit\Admin\Lib\Action\PublicAction.class.php 第 110 行.
NOTIC: [8] Uninitialized string offset: 0 D:\AppServ\www\tcu_audit\Admin\Lib\Action\PublicAction.class.php 第 110 行.
NOTIC: [2] Illegal string offset 'sys_log_ext' D:\AppServ\www\tcu_audit\Admin\Lib\Action\PublicAction.class.php 第 111 行.
NOTIC: [8] Uninitialized string offset: 0 D:\AppServ\www\tcu_audit\Admin\Lib\Action\PublicAction.class.php 第 111 行.
NOTIC: [8] Undefined index: id D:\AppServ\www\tcu_audit\Core\Extend\Model\AdvModel.class.php 第 170 行.
SQL: UPDATE `ycity_user` SET `last_login_time`=1490337942,`login_count`=login_count+1 WHERE ( `id` = 1 ) [ RunTime:0.001000s ]

