[ 2018-06-01T08:33:09+08:00 ] ::1 /cauc_zs3/zs/Public/Admin/error.gif
INFO: [ app_init ] --START--
INFO: Run Behavior\BuildLiteBehavior [ RunTime:0.000034s ]
INFO: [ app_init ] --END-- [ RunTime:0.000784s ]

[ 2018-06-01T08:43:22+08:00 ] ::1 /cauc_zs3/zs/Public/Admin/error.gif
INFO: [ app_init ] --START--
INFO: Run Behavior\BuildLiteBehavior [ RunTime:0.000032s ]
INFO: [ app_init ] --END-- [ RunTime:0.000555s ]

[ 2018-06-01T08:55:23+08:00 ] ::1 /cauc_zs3/zs/Public/Admin/error.gif
INFO: [ app_init ] --START--
INFO: Run Behavior\BuildLiteBehavior [ RunTime:0.000040s ]
INFO: [ app_init ] --END-- [ RunTime:0.000461s ]

[ 2018-06-01T08:56:46+08:00 ] ::1 /cauc_zs3/zs/Public/Admin/error.gif
INFO: [ app_init ] --START--
INFO: Run Behavior\BuildLiteBehavior [ RunTime:0.000024s ]
INFO: [ app_init ] --END-- [ RunTime:0.000479s ]

[ 2018-06-01T09:15:14+08:00 ] ::1 /cauc_zs3/zs/Public/Admin/error.gif
INFO: [ app_init ] --START--
INFO: Run Behavior\BuildLiteBehavior [ RunTime:0.000032s ]
INFO: [ app_init ] --END-- [ RunTime:0.000477s ]

[ 2018-06-01T09:15:26+08:00 ] ::1 /cauc_zs3/zs/Public/Admin/error.gif
INFO: [ app_init ] --START--
INFO: Run Behavior\BuildLiteBehavior [ RunTime:0.000069s ]
INFO: [ app_init ] --END-- [ RunTime:0.000978s ]

[ 2018-06-01T09:37:51+08:00 ] ::1 /cauc_zs3/zs/Public/Admin/error.gif
INFO: [ app_init ] --START--
INFO: Run Behavior\BuildLiteBehavior [ RunTime:0.000019s ]
INFO: [ app_init ] --END-- [ RunTime:0.000335s ]

[ 2018-06-01T09:42:23+08:00 ] ::1 /cauc_zs3/zs/Public/Admin/error.gif
INFO: [ app_init ] --START--
INFO: Run Behavior\BuildLiteBehavior [ RunTime:0.000020s ]
INFO: [ app_init ] --END-- [ RunTime:0.000323s ]

[ 2018-06-01T09:42:38+08:00 ] ::1 /cauc_zs3/zs/Public/Admin/error.gif
INFO: [ app_init ] --START--
INFO: Run Behavior\BuildLiteBehavior [ RunTime:0.000019s ]
INFO: [ app_init ] --END-- [ RunTime:0.000337s ]

[ 2018-06-01T09:42:50+08:00 ] ::1 /cauc_zs3/zs/Public/Admin/error.gif
INFO: [ app_init ] --START--
INFO: Run Behavior\BuildLiteBehavior [ RunTime:0.000031s ]
INFO: [ app_init ] --END-- [ RunTime:0.000367s ]

[ 2018-06-01T09:43:23+08:00 ] ::1 /cauc_zs3/zs/Public/Admin/error.gif
INFO: [ app_init ] --START--
INFO: Run Behavior\BuildLiteBehavior [ RunTime:0.000021s ]
INFO: [ app_init ] --END-- [ RunTime:0.000405s ]

[ 2018-06-01T10:05:41+08:00 ] ::1 /cauc_zs3/zs/Public/Admin/error.gif
INFO: [ app_init ] --START--
INFO: Run Behavior\BuildLiteBehavior [ RunTime:0.000036s ]
INFO: [ app_init ] --END-- [ RunTime:0.000755s ]

[ 2018-06-01T10:08:56+08:00 ] ::1 /cauc_zs3/zs/Public/Admin/error.gif
INFO: [ app_init ] --START--
INFO: Run Behavior\BuildLiteBehavior [ RunTime:0.000031s ]
INFO: [ app_init ] --END-- [ RunTime:0.000544s ]

[ 2018-06-01T10:37:27+08:00 ] ::1 /cauc_zs3/zs/Public/Admin/success.gif
INFO: [ app_init ] --START--
INFO: Run Behavior\BuildLiteBehavior [ RunTime:0.000031s ]
INFO: [ app_init ] --END-- [ RunTime:0.000512s ]

[ 2018-06-01T10:40:32+08:00 ] ::1 /cauc_zs3/zs/Public/Admin/error.gif
INFO: [ app_init ] --START--
INFO: Run Behavior\BuildLiteBehavior [ RunTime:0.000031s ]
INFO: [ app_init ] --END-- [ RunTime:0.001097s ]

[ 2018-06-01T10:43:31+08:00 ] ::1 /cauc_zs3/zs/Public/Admin/error.gif
INFO: [ app_init ] --START--
INFO: Run Behavior\BuildLiteBehavior [ RunTime:0.000085s ]
INFO: [ app_init ] --END-- [ RunTime:0.001412s ]

[ 2018-06-01T10:45:00+08:00 ] ::1 /cauc_zs3/zs/Public/Admin/error.gif
INFO: [ app_init ] --START--
INFO: Run Behavior\BuildLiteBehavior [ RunTime:0.000030s ]
INFO: [ app_init ] --END-- [ RunTime:0.000521s ]

[ 2018-06-01T10:49:01+08:00 ] ::1 /cauc_zs3/zs/Public/Admin/error.gif
INFO: [ app_init ] --START--
INFO: Run Behavior\BuildLiteBehavior [ RunTime:0.000032s ]
INFO: [ app_init ] --END-- [ RunTime:0.003951s ]

[ 2018-06-01T10:49:43+08:00 ] ::1 /cauc_zs3/zs/Public/Admin/error.gif
INFO: [ app_init ] --START--
INFO: Run Behavior\BuildLiteBehavior [ RunTime:0.000034s ]
INFO: [ app_init ] --END-- [ RunTime:0.000655s ]

[ 2018-06-01T10:50:42+08:00 ] ::1 /cauc_zs3/zs/Public/Admin/error.gif
INFO: [ app_init ] --START--
INFO: Run Behavior\BuildLiteBehavior [ RunTime:0.000033s ]
INFO: [ app_init ] --END-- [ RunTime:0.000709s ]

[ 2018-06-01T10:51:50+08:00 ] ::1 /cauc_zs3/zs/Public/Admin/error.gif
INFO: [ app_init ] --START--
INFO: Run Behavior\BuildLiteBehavior [ RunTime:0.000035s ]
INFO: [ app_init ] --END-- [ RunTime:0.000619s ]

[ 2018-06-01T10:51:53+08:00 ] ::1 /cauc_zs3/zs/Public/Admin/success.gif
INFO: [ app_init ] --START--
INFO: Run Behavior\BuildLiteBehavior [ RunTime:0.000021s ]
INFO: [ app_init ] --END-- [ RunTime:0.000397s ]

[ 2018-06-01T10:52:27+08:00 ] ::1 /cauc_zs3/zs/Public/Admin/success.gif
INFO: [ app_init ] --START--
INFO: Run Behavior\BuildLiteBehavior [ RunTime:0.000029s ]
INFO: [ app_init ] --END-- [ RunTime:0.000556s ]

[ 2018-06-01T11:04:58+08:00 ] ::1 /cauc_zs3/zs/Public/Admin/success.gif
INFO: [ app_init ] --START--
INFO: Run Behavior\BuildLiteBehavior [ RunTime:0.000034s ]
INFO: [ app_init ] --END-- [ RunTime:0.000645s ]

[ 2018-06-01T11:06:02+08:00 ] ::1 /cauc_zs3/zs/Public/Admin/success.gif
INFO: [ app_init ] --START--
INFO: Run Behavior\BuildLiteBehavior [ RunTime:0.000035s ]
INFO: [ app_init ] --END-- [ RunTime:0.000704s ]

[ 2018-06-01T11:06:53+08:00 ] ::1 /cauc_zs3/zs/Public/Admin/success.gif
INFO: [ app_init ] --START--
INFO: Run Behavior\BuildLiteBehavior [ RunTime:0.000020s ]
INFO: [ app_init ] --END-- [ RunTime:0.000339s ]

[ 2018-06-01T11:07:44+08:00 ] ::1 /cauc_zs3/zs/Public/Admin/success.gif
INFO: [ app_init ] --START--
INFO: Run Behavior\BuildLiteBehavior [ RunTime:0.000027s ]
INFO: [ app_init ] --END-- [ RunTime:0.000636s ]

[ 2018-06-01T11:08:25+08:00 ] ::1 /cauc_zs3/zs/Public/Admin/success.gif
INFO: [ app_init ] --START--
INFO: Run Behavior\BuildLiteBehavior [ RunTime:0.000020s ]
INFO: [ app_init ] --END-- [ RunTime:0.000378s ]

[ 2018-06-01T11:11:33+08:00 ] ::1 /cauc_zs3/zs/Public/Admin/error.gif
INFO: [ app_init ] --START--
INFO: Run Behavior\BuildLiteBehavior [ RunTime:0.000019s ]
INFO: [ app_init ] --END-- [ RunTime:0.000352s ]

[ 2018-06-01T11:12:48+08:00 ] ::1 /cauc_zs3/zs/Public/Admin/error.gif
INFO: [ app_init ] --START--
INFO: Run Behavior\BuildLiteBehavior [ RunTime:0.000091s ]
INFO: [ app_init ] --END-- [ RunTime:0.000611s ]

[ 2018-06-01T11:13:08+08:00 ] ::1 /cauc_zs3/zs/Public/Admin/success.gif
INFO: [ app_init ] --START--
INFO: Run Behavior\BuildLiteBehavior [ RunTime:0.000120s ]
INFO: [ app_init ] --END-- [ RunTime:0.001034s ]

[ 2018-06-01T11:44:24+08:00 ] ::1 /cauc_zs3/zs/Public/Admin/error.gif
INFO: [ app_init ] --START--
INFO: Run Behavior\BuildLiteBehavior [ RunTime:0.000032s ]
INFO: [ app_init ] --END-- [ RunTime:0.000504s ]

[ 2018-06-01T13:33:25+08:00 ] ::1 /cauc_zs3/zs/Public/Admin/error.gif
INFO: [ app_init ] --START--
INFO: Run Behavior\BuildLiteBehavior [ RunTime:0.000033s ]
INFO: [ app_init ] --END-- [ RunTime:0.000531s ]

[ 2018-06-01T13:33:35+08:00 ] ::1 /cauc_zs3/zs/Public/Admin/error.gif
INFO: [ app_init ] --START--
INFO: Run Behavior\BuildLiteBehavior [ RunTime:0.000031s ]
INFO: [ app_init ] --END-- [ RunTime:0.000485s ]

[ 2018-06-01T13:39:51+08:00 ] ::1 /cauc_zs3/zs/Public/Admin/success.gif
INFO: [ app_init ] --START--
INFO: Run Behavior\BuildLiteBehavior [ RunTime:0.000115s ]
INFO: [ app_init ] --END-- [ RunTime:0.001884s ]

[ 2018-06-01T13:40:08+08:00 ] ::1 /cauc_zs3/zs/Public/Admin/success.gif
INFO: [ app_init ] --START--
INFO: Run Behavior\BuildLiteBehavior [ RunTime:0.000027s ]
INFO: [ app_init ] --END-- [ RunTime:0.000410s ]

[ 2018-06-01T13:40:43+08:00 ] ::1 /cauc_zs3/zs/Public/Admin/success.gif
INFO: [ app_init ] --START--
INFO: Run Behavior\BuildLiteBehavior [ RunTime:0.000060s ]
INFO: [ app_init ] --END-- [ RunTime:0.000718s ]

[ 2018-06-01T13:40:53+08:00 ] ::1 /cauc_zs3/zs/Public/Admin/success.gif
INFO: [ app_init ] --START--
INFO: Run Behavior\BuildLiteBehavior [ RunTime:0.000037s ]
INFO: [ app_init ] --END-- [ RunTime:0.000391s ]

[ 2018-06-01T13:43:48+08:00 ] ::1 /cauc_zs3/zs/Public/Admin/success.gif
INFO: [ app_init ] --START--
INFO: Run Behavior\BuildLiteBehavior [ RunTime:0.000099s ]
INFO: [ app_init ] --END-- [ RunTime:0.001262s ]

[ 2018-06-01T13:44:40+08:00 ] ::1 /cauc_zs3/zs/Public/Admin/success.gif
INFO: [ app_init ] --START--
INFO: Run Behavior\BuildLiteBehavior [ RunTime:0.000019s ]
INFO: [ app_init ] --END-- [ RunTime:0.000334s ]

[ 2018-06-01T14:07:26+08:00 ] ::1 /cauc_zs3/zs/Public/Admin/success.gif
INFO: [ app_init ] --START--
INFO: Run Behavior\BuildLiteBehavior [ RunTime:0.000030s ]
INFO: [ app_init ] --END-- [ RunTime:0.000557s ]

[ 2018-06-01T14:23:39+08:00 ] ::1 /cauc_zs3/zs/Public/Admin/error.gif
INFO: [ app_init ] --START--
INFO: Run Behavior\BuildLiteBehavior [ RunTime:0.000022s ]
INFO: [ app_init ] --END-- [ RunTime:0.000495s ]

[ 2018-06-01T14:32:39+08:00 ] ::1 /cauc_zs3/zs/Public/Admin/success.gif
INFO: [ app_init ] --START--
INFO: Run Behavior\BuildLiteBehavior [ RunTime:0.000040s ]
INFO: [ app_init ] --END-- [ RunTime:0.000768s ]

[ 2018-06-01T14:32:53+08:00 ] ::1 /cauc_zs3/zs/Public/Admin/success.gif
INFO: [ app_init ] --START--
INFO: Run Behavior\BuildLiteBehavior [ RunTime:0.000021s ]
INFO: [ app_init ] --END-- [ RunTime:0.000477s ]

[ 2018-06-01T14:37:40+08:00 ] ::1 /cauc_zs3/zs/Public/Admin/success.gif
INFO: [ app_init ] --START--
INFO: Run Behavior\BuildLiteBehavior [ RunTime:0.000034s ]
INFO: [ app_init ] --END-- [ RunTime:0.000561s ]

[ 2018-06-01T14:37:59+08:00 ] ::1 /cauc_zs3/zs/Public/Admin/success.gif
INFO: [ app_init ] --START--
INFO: Run Behavior\BuildLiteBehavior [ RunTime:0.000033s ]
INFO: [ app_init ] --END-- [ RunTime:0.000604s ]

[ 2018-06-01T14:38:18+08:00 ] ::1 /cauc_zs3/zs/Public/Admin/error.gif
INFO: [ app_init ] --START--
INFO: Run Behavior\BuildLiteBehavior [ RunTime:0.000029s ]
INFO: [ app_init ] --END-- [ RunTime:0.000364s ]

[ 2018-06-01T14:38:25+08:00 ] ::1 /cauc_zs3/zs/Public/Admin/success.gif
INFO: [ app_init ] --START--
INFO: Run Behavior\BuildLiteBehavior [ RunTime:0.000057s ]
INFO: [ app_init ] --END-- [ RunTime:0.000485s ]

[ 2018-06-01T14:44:54+08:00 ] ::1 /cauc_zs3/zs/Public/Admin/success.gif
INFO: [ app_init ] --START--
INFO: Run Behavior\BuildLiteBehavior [ RunTime:0.000034s ]
INFO: [ app_init ] --END-- [ RunTime:0.000617s ]

[ 2018-06-01T14:45:06+08:00 ] ::1 /cauc_zs3/zs/Public/Admin/error.gif
INFO: [ app_init ] --START--
INFO: Run Behavior\BuildLiteBehavior [ RunTime:0.000031s ]
INFO: [ app_init ] --END-- [ RunTime:0.000767s ]

[ 2018-06-01T14:47:24+08:00 ] ::1 /cauc_zs3/zs/Public/Admin/success.gif
INFO: [ app_init ] --START--
INFO: Run Behavior\BuildLiteBehavior [ RunTime:0.000021s ]
INFO: [ app_init ] --END-- [ RunTime:0.000380s ]

[ 2018-06-01T14:51:23+08:00 ] ::1 /cauc_zs3/zs/Public/Admin/error.gif
INFO: [ app_init ] --START--
INFO: Run Behavior\BuildLiteBehavior [ RunTime:0.000031s ]
INFO: [ app_init ] --END-- [ RunTime:0.000491s ]

[ 2018-06-01T14:55:10+08:00 ] ::1 /cauc_zs3/zs/Public/Admin/error.gif
INFO: [ app_init ] --START--
INFO: Run Behavior\BuildLiteBehavior [ RunTime:0.000033s ]
INFO: [ app_init ] --END-- [ RunTime:0.000582s ]

[ 2018-06-01T14:57:12+08:00 ] ::1 /cauc_zs3/zs/Public/Admin/success.gif
INFO: [ app_init ] --START--
INFO: Run Behavior\BuildLiteBehavior [ RunTime:0.000020s ]
INFO: [ app_init ] --END-- [ RunTime:0.000345s ]

[ 2018-06-01T16:28:43+08:00 ] ::1 /cauc_zs3/zs/Public/Admin/success.gif
INFO: [ app_init ] --START--
INFO: Run Behavior\BuildLiteBehavior [ RunTime:0.000041s ]
INFO: [ app_init ] --END-- [ RunTime:0.000944s ]

[ 2018-06-01T16:28:52+08:00 ] ::1 /cauc_zs3/zs/Public/Admin/error.gif
INFO: [ app_init ] --START--
INFO: Run Behavior\BuildLiteBehavior [ RunTime:0.000035s ]
INFO: [ app_init ] --END-- [ RunTime:0.000637s ]

[ 2018-06-01T16:31:05+08:00 ] ::1 /cauc_zs3/zs/Public/Admin/success.gif
INFO: [ app_init ] --START--
INFO: Run Behavior\BuildLiteBehavior [ RunTime:0.000029s ]
INFO: [ app_init ] --END-- [ RunTime:0.000478s ]

[ 2018-06-01T16:31:35+08:00 ] ::1 /cauc_zs3/zs/Public/Admin/success.gif
INFO: [ app_init ] --START--
INFO: Run Behavior\BuildLiteBehavior [ RunTime:0.000020s ]
INFO: [ app_init ] --END-- [ RunTime:0.000423s ]

[ 2018-06-01T16:31:44+08:00 ] ::1 /cauc_zs3/zs/Public/Admin/error.gif
INFO: [ app_init ] --START--
INFO: Run Behavior\BuildLiteBehavior [ RunTime:0.000020s ]
INFO: [ app_init ] --END-- [ RunTime:0.000402s ]

[ 2018-06-01T16:31:45+08:00 ] ::1 /cauc_zs3/zs/Public/Admin/error.gif
INFO: [ app_init ] --START--
INFO: Run Behavior\BuildLiteBehavior [ RunTime:0.000019s ]
INFO: [ app_init ] --END-- [ RunTime:0.000324s ]

[ 2018-06-01T17:09:28+08:00 ] ::1 /cauc_zs3/zs/Public/Admin/success.gif
INFO: [ app_init ] --START--
INFO: Run Behavior\BuildLiteBehavior [ RunTime:0.000019s ]
INFO: [ app_init ] --END-- [ RunTime:0.000325s ]

