[ 2018-06-04T15:52:47+08:00 ] ::1 /cauc_zs3/zs/Public/Images/.png
INFO: [ app_init ] --START--
INFO: Run Behavior\BuildLiteBehavior [ RunTime:0.000036s ]
INFO: [ app_init ] --END-- [ RunTime:0.000754s ]

[ 2018-06-04T15:54:08+08:00 ] ::1 /cauc_zs3/zs/Public/Images/login_bg.jpg
INFO: [ app_init ] --START--
INFO: Run Behavior\BuildLiteBehavior [ RunTime:0.000037s ]
INFO: [ app_init ] --END-- [ RunTime:0.000743s ]

[ 2018-06-04T16:34:00+08:00 ] ::1 /cauc_zs3/zs/Public/Images/loginout_ico.jpg
INFO: [ app_init ] --START--
INFO: Run Behavior\BuildLiteBehavior [ RunTime:0.000072s ]
INFO: [ app_init ] --END-- [ RunTime:0.000693s ]

[ 2018-06-04T16:34:01+08:00 ] ::1 /cauc_zs3/zs/Public/Images/loginout_ico.jpg
INFO: [ app_init ] --START--
INFO: Run Behavior\BuildLiteBehavior [ RunTime:0.000039s ]
INFO: [ app_init ] --END-- [ RunTime:0.001692s ]

[ 2018-06-04T16:34:40+08:00 ] ::1 /cauc_zs3/zs/Public/Images/loginout_ico.jpg
INFO: [ app_init ] --START--
INFO: Run Behavior\BuildLiteBehavior [ RunTime:0.000032s ]
INFO: [ app_init ] --END-- [ RunTime:0.000500s ]

[ 2018-06-04T17:09:18+08:00 ] ::1 /cauc_zs3/zs/Public/Admin/error.gif
INFO: [ app_init ] --START--
INFO: Run Behavior\BuildLiteBehavior [ RunTime:0.000033s ]
INFO: [ app_init ] --END-- [ RunTime:0.000655s ]

[ 2018-06-04T17:10:19+08:00 ] ::1 /cauc_zs3/zs/Public/Admin/error.gif
INFO: [ app_init ] --START--
INFO: Run Behavior\BuildLiteBehavior [ RunTime:0.000119s ]
INFO: [ app_init ] --END-- [ RunTime:0.001352s ]

[ 2018-06-04T17:12:08+08:00 ] ::1 /cauc_zs3/zs/Public/Admin/error.gif
INFO: [ app_init ] --START--
INFO: Run Behavior\BuildLiteBehavior [ RunTime:0.000039s ]
INFO: [ app_init ] --END-- [ RunTime:0.001229s ]

[ 2018-06-04T17:12:19+08:00 ] ::1 /cauc_zs3/zs/Public/Admin/error.gif
INFO: [ app_init ] --START--
INFO: Run Behavior\BuildLiteBehavior [ RunTime:0.000043s ]
INFO: [ app_init ] --END-- [ RunTime:0.000923s ]

[ 2018-06-04T17:12:21+08:00 ] ::1 /cauc_zs3/zs/Public/Admin/error.gif
INFO: [ app_init ] --START--
INFO: Run Behavior\BuildLiteBehavior [ RunTime:0.000037s ]
INFO: [ app_init ] --END-- [ RunTime:0.000766s ]

[ 2018-06-04T17:13:30+08:00 ] ::1 /cauc_zs3/zs/Public/Admin/success.gif
INFO: [ app_init ] --START--
INFO: Run Behavior\BuildLiteBehavior [ RunTime:0.000035s ]
INFO: [ app_init ] --END-- [ RunTime:0.000637s ]

[ 2018-06-04T17:13:32+08:00 ] ::1 /cauc_zs3/zs/Member/Index/index.html
INFO: [ app_init ] --START--
INFO: Run Behavior\BuildLiteBehavior [ RunTime:0.000038s ]
INFO: [ app_init ] --END-- [ RunTime:0.000651s ]
INFO: [ app_begin ] --START--
INFO: Run Behavior\ReadHtmlCacheBehavior [ RunTime:0.000565s ]
INFO: [ app_begin ] --END-- [ RunTime:0.000696s ]
ERR: 无法加载控制器:Member

[ 2018-06-04T17:14:02+08:00 ] ::1 /cauc_zs3/zs/Index/index.html
INFO: [ app_init ] --START--
INFO: Run Behavior\BuildLiteBehavior [ RunTime:0.000023s ]
INFO: [ app_init ] --END-- [ RunTime:0.000652s ]
INFO: [ app_begin ] --START--
INFO: Run Behavior\ReadHtmlCacheBehavior [ RunTime:0.000660s ]
INFO: [ app_begin ] --END-- [ RunTime:0.000813s ]
SQL: SHOW COLUMNS FROM `ycity_member` [ RunTime:0.0040s ]

[ 2018-06-04T17:14:02+08:00 ] ::1 /cauc_zs3/zs/Auth/login.html
INFO: [ app_init ] --START--
INFO: Run Behavior\BuildLiteBehavior [ RunTime:0.000028s ]
INFO: [ app_init ] --END-- [ RunTime:0.000461s ]
INFO: [ app_begin ] --START--
INFO: Run Behavior\ReadHtmlCacheBehavior [ RunTime:0.002670s ]
INFO: [ app_begin ] --END-- [ RunTime:0.005677s ]
SQL: SHOW COLUMNS FROM `ycity_member` [ RunTime:0.0034s ]
INFO: [ view_parse ] --START--
INFO: [ template_filter ] --START--
INFO: Run Behavior\ContentReplaceBehavior [ RunTime:0.000076s ]
INFO: [ template_filter ] --END-- [ RunTime:0.000171s ]
INFO: Run Behavior\ParseTemplateBehavior [ RunTime:0.041066s ]
INFO: [ view_parse ] --END-- [ RunTime:0.041177s ]
INFO: [ view_filter ] --START--
INFO: Run Behavior\WriteHtmlCacheBehavior [ RunTime:0.000303s ]
INFO: [ view_filter ] --END-- [ RunTime:0.000386s ]
INFO: [ app_end ] --START--
INFO: Run Behavior\ShowPageTraceBehavior [ RunTime:0.000419s ]
INFO: [ app_end ] --END-- [ RunTime:0.000502s ]

[ 2018-06-04T17:14:04+08:00 ] ::1 /cauc_zs3/zs/Member/Index/index.html
INFO: [ app_init ] --START--
INFO: Run Behavior\BuildLiteBehavior [ RunTime:0.000034s ]
INFO: [ app_init ] --END-- [ RunTime:0.000845s ]
INFO: [ app_begin ] --START--
INFO: Run Behavior\ReadHtmlCacheBehavior [ RunTime:0.000534s ]
INFO: [ app_begin ] --END-- [ RunTime:0.000686s ]
ERR: 无法加载控制器:Member

[ 2018-06-04T17:14:08+08:00 ] ::1 /cauc_zs3/zs/Member/Index/index.html
INFO: [ app_init ] --START--
INFO: Run Behavior\BuildLiteBehavior [ RunTime:0.000039s ]
INFO: [ app_init ] --END-- [ RunTime:0.000845s ]
INFO: [ app_begin ] --START--
INFO: Run Behavior\ReadHtmlCacheBehavior [ RunTime:0.000623s ]
INFO: [ app_begin ] --END-- [ RunTime:0.000778s ]
ERR: 无法加载控制器:Member

[ 2018-06-04T17:14:13+08:00 ] ::1 /cauc_zs3/zs/Member/Index/index.html
INFO: [ app_init ] --START--
INFO: Run Behavior\BuildLiteBehavior [ RunTime:0.000033s ]
INFO: [ app_init ] --END-- [ RunTime:0.002249s ]
INFO: [ app_begin ] --START--
INFO: Run Behavior\ReadHtmlCacheBehavior [ RunTime:0.000848s ]
INFO: [ app_begin ] --END-- [ RunTime:0.001027s ]
ERR: 无法加载控制器:Member

[ 2018-06-04T17:14:55+08:00 ] ::1 /cauc_zs3/zs/Public/Admin/success.gif
INFO: [ app_init ] --START--
INFO: Run Behavior\BuildLiteBehavior [ RunTime:0.000034s ]
INFO: [ app_init ] --END-- [ RunTime:0.000649s ]

[ 2018-06-04T17:14:58+08:00 ] ::1 /cauc_zs3/zs/Member/Index/index.html
INFO: [ app_init ] --START--
INFO: Run Behavior\BuildLiteBehavior [ RunTime:0.000036s ]
INFO: [ app_init ] --END-- [ RunTime:0.000764s ]
INFO: [ app_begin ] --START--
INFO: Run Behavior\ReadHtmlCacheBehavior [ RunTime:0.002958s ]
INFO: [ app_begin ] --END-- [ RunTime:0.003396s ]
ERR: 无法加载控制器:Member

[ 2018-06-04T17:15:10+08:00 ] ::1 /cauc_zs3/zs/Member/Index/index.html
INFO: [ app_init ] --START--
INFO: Run Behavior\BuildLiteBehavior [ RunTime:0.000035s ]
INFO: [ app_init ] --END-- [ RunTime:0.000742s ]
INFO: [ app_begin ] --START--
INFO: Run Behavior\ReadHtmlCacheBehavior [ RunTime:0.000616s ]
INFO: [ app_begin ] --END-- [ RunTime:0.001790s ]
ERR: 无法加载控制器:Member

[ 2018-06-04T17:15:12+08:00 ] ::1 /cauc_zs3/zs/Public/Admin/success.gif
INFO: [ app_init ] --START--
INFO: Run Behavior\BuildLiteBehavior [ RunTime:0.000021s ]
INFO: [ app_init ] --END-- [ RunTime:0.000398s ]

[ 2018-06-04T17:15:17+08:00 ] ::1 /cauc_zs3/zs/Member/Login/logout.html
INFO: [ app_init ] --START--
INFO: Run Behavior\BuildLiteBehavior [ RunTime:0.000041s ]
INFO: [ app_init ] --END-- [ RunTime:0.000518s ]
INFO: [ app_begin ] --START--
INFO: Run Behavior\ReadHtmlCacheBehavior [ RunTime:0.000792s ]
INFO: [ app_begin ] --END-- [ RunTime:0.000969s ]
ERR: 无法加载控制器:Member

[ 2018-06-04T17:15:36+08:00 ] ::1 /cauc_zs3/zs/Public/Admin/success.gif
INFO: [ app_init ] --START--
INFO: Run Behavior\BuildLiteBehavior [ RunTime:0.000038s ]
INFO: [ app_init ] --END-- [ RunTime:0.000739s ]

[ 2018-06-04T17:15:43+08:00 ] ::1 /cauc_zs3/zs/Public/Admin/error.gif
INFO: [ app_init ] --START--
INFO: Run Behavior\BuildLiteBehavior [ RunTime:0.000033s ]
INFO: [ app_init ] --END-- [ RunTime:0.000590s ]

[ 2018-06-04T17:24:00+08:00 ] ::1 /cauc_zs3/zs/Public/Admin/success.gif
INFO: [ app_init ] --START--
INFO: Run Behavior\BuildLiteBehavior [ RunTime:0.000035s ]
INFO: [ app_init ] --END-- [ RunTime:0.000730s ]

