[ 2019-05-24T09:41:35+08:00 ] 10.0.1.62 /job/cauc_zsb2/zsb/signup.php/Auth/login?redirect_uri=http%3A%2F%2F10.0.1.62%2Fcabin1%2Fcabin%2FMember%2FRegister%2Flogin
INFO: [ app_init ] --START--
INFO: Run Behavior\BuildLiteBehavior [ RunTime:0.000012s ]
INFO: [ app_init ] --END-- [ RunTime:0.017431s ]
INFO: [ app_begin ] --START--
INFO: Run Behavior\ReadHtmlCacheBehavior [ RunTime:0.018901s ]
INFO: [ app_begin ] --END-- [ RunTime:0.018945s ]
SQL: SHOW COLUMNS FROM `ycity_member` [ RunTime:0.0049s ]
INFO: [ view_parse ] --START--
INFO: [ template_filter ] --START--
INFO: Run Behavior\ContentReplaceBehavior [ RunTime:0.000064s ]
INFO: [ template_filter ] --END-- [ RunTime:0.000095s ]
NOTIC: [8] Undefined variable: moduleName E:\myphp_www\PHPTutorial\WWW\job\cauc_zsb2\src\SignUp\Application\Runtime\Cache\Home\5b1e7084dfef9983c1b4c717c4c85b21.php 第 52 行.
NOTIC: [8] Undefined variable: header_css E:\myphp_www\PHPTutorial\WWW\job\cauc_zsb2\src\SignUp\Application\Runtime\Cache\Home\5b1e7084dfef9983c1b4c717c4c85b21.php 第 69 行.
NOTIC: [8] Undefined variable: logined E:\myphp_www\PHPTutorial\WWW\job\cauc_zsb2\src\SignUp\Application\Runtime\Cache\Home\5b1e7084dfef9983c1b4c717c4c85b21.php 第 112 行.
INFO: Run Behavior\ParseTemplateBehavior [ RunTime:0.118904s ]
INFO: [ view_parse ] --END-- [ RunTime:0.118934s ]
INFO: [ view_filter ] --START--
INFO: Run Behavior\WriteHtmlCacheBehavior [ RunTime:0.055368s ]
INFO: [ view_filter ] --END-- [ RunTime:0.055402s ]
INFO: [ app_end ] --START--
INFO: Run Behavior\ShowPageTraceBehavior [ RunTime:0.006734s ]
INFO: [ app_end ] --END-- [ RunTime:0.006768s ]

[ 2019-05-24T09:41:46+08:00 ] 10.0.1.62 /job/cauc_zsb2/zsb/signup.php/Auth/login.html
INFO: [ app_init ] --START--
INFO: Run Behavior\BuildLiteBehavior [ RunTime:0.000009s ]
INFO: [ app_init ] --END-- [ RunTime:0.000258s ]
INFO: [ app_begin ] --START--
INFO: Run Behavior\ReadHtmlCacheBehavior [ RunTime:0.000338s ]
INFO: [ app_begin ] --END-- [ RunTime:0.000369s ]
SQL: SHOW COLUMNS FROM `ycity_member` [ RunTime:0.0032s ]
SQL: SELECT * FROM `ycity_member` WHERE `phone` = '18322009403' LIMIT 1   [ RunTime:0.0013s ]

[ 2019-05-24T09:41:50+08:00 ] 10.0.1.62 /job/cauc_zsb2/zsb/signup.php/Auth/getWebInfo
INFO: [ app_init ] --START--
INFO: Run Behavior\BuildLiteBehavior [ RunTime:0.000007s ]
INFO: [ app_init ] --END-- [ RunTime:0.000242s ]
INFO: [ app_begin ] --START--
INFO: Run Behavior\ReadHtmlCacheBehavior [ RunTime:0.000307s ]
INFO: [ app_begin ] --END-- [ RunTime:0.000338s ]
SQL: SHOW COLUMNS FROM `ycity_member` [ RunTime:0.0120s ]
SQL: SELECT `id`,`user_name`,`phone`,`id_number` FROM `ycity_member` WHERE `id` = 8 LIMIT 1   [ RunTime:0.0009s ]

[ 2019-05-24T09:56:09+08:00 ] 10.0.1.62 /job/cauc_zsb2/zsb/signup.php/Auth/getWebListByPage
INFO: [ app_init ] --START--
INFO: Run Behavior\BuildLiteBehavior [ RunTime:0.000009s ]
INFO: [ app_init ] --END-- [ RunTime:0.000295s ]
INFO: [ app_begin ] --START--
INFO: Run Behavior\ReadHtmlCacheBehavior [ RunTime:0.000301s ]
INFO: [ app_begin ] --END-- [ RunTime:0.000333s ]
SQL: SHOW COLUMNS FROM `ycity_member` [ RunTime:0.0350s ]
SQL: SELECT `id`,`user_name`,`phone`,`id_number` FROM `ycity_member` WHERE `id` IN ('8','1820','114','1744','96','101','106','843','111','95','100','842','105','110','1819')  [ RunTime:0.0014s ]

