[ 2019-04-29T08:56:50+08:00 ] ::1 /job/cauc_zs3/lqgl/
INFO: [ app_init ] --START--
INFO: Run Behavior\BuildLiteBehavior [ RunTime:0.000006s ]
INFO: [ app_init ] --END-- [ RunTime:0.000247s ]
INFO: [ app_begin ] --START--
INFO: Run Behavior\ReadHtmlCacheBehavior [ RunTime:0.000353s ]
INFO: [ app_begin ] --END-- [ RunTime:0.000377s ]
NOTIC: [2] Declaration of Home\Controller\IndexController::_sendSMS($mobile, $content) should be compatible with Home\Controller\GlobalController::_sendSMS($mobile, $type, $expired, $idCard) C:\software\phpStudy\PHPTutorial\WWW\job\cauc_zs3\src\Application\Home\Controller\IndexController.class.php 第 7 行.
SQL: SHOW COLUMNS FROM `ycity_member` [ RunTime:0.0037s ]

[ 2019-04-29T08:56:50+08:00 ] ::1 /job/cauc_zs3/lqgl/index.php/Auth/login.html
INFO: [ app_init ] --START--
INFO: Run Behavior\BuildLiteBehavior [ RunTime:0.000005s ]
INFO: [ app_init ] --END-- [ RunTime:0.000186s ]
INFO: [ app_begin ] --START--
INFO: Run Behavior\ReadHtmlCacheBehavior [ RunTime:0.000257s ]
INFO: [ app_begin ] --END-- [ RunTime:0.000274s ]
SQL: SHOW COLUMNS FROM `ycity_member` [ RunTime:0.0026s ]
INFO: [ view_parse ] --START--
INFO: [ template_filter ] --START--
INFO: Run Behavior\ContentReplaceBehavior [ RunTime:0.000053s ]
INFO: [ template_filter ] --END-- [ RunTime:0.000073s ]
NOTIC: [8] Undefined variable: moduleName C:\software\phpStudy\PHPTutorial\WWW\job\cauc_zs3\src\Application\Runtime\Cache\Home\264ddad769de61dfce58e3774c5d9274.php 第 43 行.
NOTIC: [8] Undefined variable: header_css C:\software\phpStudy\PHPTutorial\WWW\job\cauc_zs3\src\Application\Runtime\Cache\Home\264ddad769de61dfce58e3774c5d9274.php 第 56 行.
NOTIC: [8] Undefined variable: logined C:\software\phpStudy\PHPTutorial\WWW\job\cauc_zs3\src\Application\Runtime\Cache\Home\264ddad769de61dfce58e3774c5d9274.php 第 99 行.
INFO: Run Behavior\ParseTemplateBehavior [ RunTime:0.090737s ]
INFO: [ view_parse ] --END-- [ RunTime:0.090757s ]
INFO: [ view_filter ] --START--
INFO: Run Behavior\WriteHtmlCacheBehavior [ RunTime:0.000243s ]
INFO: [ view_filter ] --END-- [ RunTime:0.000257s ]
INFO: [ app_end ] --START--
INFO: Run Behavior\ShowPageTraceBehavior [ RunTime:0.000358s ]
INFO: [ app_end ] --END-- [ RunTime:0.000372s ]

[ 2019-04-29T14:29:20+08:00 ] ::1 /job/cauc_zs3/lqgl/
INFO: [ app_init ] --START--
INFO: Run Behavior\BuildLiteBehavior [ RunTime:0.000009s ]
INFO: [ app_init ] --END-- [ RunTime:0.000344s ]
INFO: [ app_begin ] --START--
INFO: Run Behavior\ReadHtmlCacheBehavior [ RunTime:0.000507s ]
INFO: [ app_begin ] --END-- [ RunTime:0.000544s ]
NOTIC: [2048] Declaration of Home\Controller\IndexController::_sendSMS() should be compatible with Home\Controller\GlobalController::_sendSMS($mobile, $type, $expired, $idCard) C:\software\phpStudy\PHPTutorial\WWW\job\cauc_zs3\src\Application\Home\Controller\IndexController.class.php 第 7 行.
SQL: SHOW COLUMNS FROM `ycity_member` [ RunTime:0.0353s ]

[ 2019-04-29T14:29:20+08:00 ] ::1 /job/cauc_zs3/lqgl/index.php/Auth/login.html
INFO: [ app_init ] --START--
INFO: Run Behavior\BuildLiteBehavior [ RunTime:0.000008s ]
INFO: [ app_init ] --END-- [ RunTime:0.000265s ]
INFO: [ app_begin ] --START--
INFO: Run Behavior\ReadHtmlCacheBehavior [ RunTime:0.000389s ]
INFO: [ app_begin ] --END-- [ RunTime:0.000420s ]
SQL: SHOW COLUMNS FROM `ycity_member` [ RunTime:0.0036s ]
INFO: [ view_parse ] --START--
INFO: [ template_filter ] --START--
INFO: Run Behavior\ContentReplaceBehavior [ RunTime:0.000072s ]
INFO: [ template_filter ] --END-- [ RunTime:0.000106s ]
NOTIC: [8] Undefined variable: moduleName C:\software\phpStudy\PHPTutorial\WWW\job\cauc_zs3\src\Application\Runtime\Cache\Home\264ddad769de61dfce58e3774c5d9274.php 第 43 行.
NOTIC: [8] Undefined variable: header_css C:\software\phpStudy\PHPTutorial\WWW\job\cauc_zs3\src\Application\Runtime\Cache\Home\264ddad769de61dfce58e3774c5d9274.php 第 56 行.
NOTIC: [8] Undefined variable: logined C:\software\phpStudy\PHPTutorial\WWW\job\cauc_zs3\src\Application\Runtime\Cache\Home\264ddad769de61dfce58e3774c5d9274.php 第 99 行.
INFO: Run Behavior\ParseTemplateBehavior [ RunTime:0.080062s ]
INFO: [ view_parse ] --END-- [ RunTime:0.080097s ]
INFO: [ view_filter ] --START--
INFO: Run Behavior\WriteHtmlCacheBehavior [ RunTime:0.000302s ]
INFO: [ view_filter ] --END-- [ RunTime:0.000324s ]
INFO: [ app_end ] --START--
INFO: Run Behavior\ShowPageTraceBehavior [ RunTime:0.000409s ]
INFO: [ app_end ] --END-- [ RunTime:0.000432s ]

[ 2019-04-29T14:29:28+08:00 ] ::1 /job/cauc_zs3/lqgl/index.php/
INFO: [ app_init ] --START--
INFO: Run Behavior\BuildLiteBehavior [ RunTime:0.000009s ]
INFO: [ app_init ] --END-- [ RunTime:0.000282s ]
INFO: [ app_begin ] --START--
INFO: Run Behavior\ReadHtmlCacheBehavior [ RunTime:0.000321s ]
INFO: [ app_begin ] --END-- [ RunTime:0.000351s ]
NOTIC: [2048] Declaration of Home\Controller\IndexController::_sendSMS() should be compatible with Home\Controller\GlobalController::_sendSMS($mobile, $type, $expired, $idCard) C:\software\phpStudy\PHPTutorial\WWW\job\cauc_zs3\src\Application\Home\Controller\IndexController.class.php 第 7 行.
SQL: SHOW COLUMNS FROM `ycity_member` [ RunTime:0.0029s ]

[ 2019-04-29T14:29:28+08:00 ] ::1 /job/cauc_zs3/lqgl/index.php/Auth/login.html
INFO: [ app_init ] --START--
INFO: Run Behavior\BuildLiteBehavior [ RunTime:0.000007s ]
INFO: [ app_init ] --END-- [ RunTime:0.000217s ]
INFO: [ app_begin ] --START--
INFO: Run Behavior\ReadHtmlCacheBehavior [ RunTime:0.000281s ]
INFO: [ app_begin ] --END-- [ RunTime:0.000310s ]
SQL: SHOW COLUMNS FROM `ycity_member` [ RunTime:0.0028s ]
INFO: [ view_parse ] --START--
INFO: [ template_filter ] --START--
INFO: Run Behavior\ContentReplaceBehavior [ RunTime:0.000072s ]
INFO: [ template_filter ] --END-- [ RunTime:0.000108s ]
NOTIC: [8] Undefined variable: moduleName C:\software\phpStudy\PHPTutorial\WWW\job\cauc_zs3\src\Application\Runtime\Cache\Home\264ddad769de61dfce58e3774c5d9274.php 第 43 行.
NOTIC: [8] Undefined variable: header_css C:\software\phpStudy\PHPTutorial\WWW\job\cauc_zs3\src\Application\Runtime\Cache\Home\264ddad769de61dfce58e3774c5d9274.php 第 56 行.
NOTIC: [8] Undefined variable: logined C:\software\phpStudy\PHPTutorial\WWW\job\cauc_zs3\src\Application\Runtime\Cache\Home\264ddad769de61dfce58e3774c5d9274.php 第 99 行.
INFO: Run Behavior\ParseTemplateBehavior [ RunTime:0.026441s ]
INFO: [ view_parse ] --END-- [ RunTime:0.026471s ]
INFO: [ view_filter ] --START--
INFO: Run Behavior\WriteHtmlCacheBehavior [ RunTime:0.000265s ]
INFO: [ view_filter ] --END-- [ RunTime:0.000288s ]
INFO: [ app_end ] --START--
INFO: Run Behavior\ShowPageTraceBehavior [ RunTime:0.000460s ]
INFO: [ app_end ] --END-- [ RunTime:0.000484s ]

[ 2019-04-29T14:29:32+08:00 ] ::1 /job/cauc_zs3/lqgl/index.php/admin
INFO: [ app_init ] --START--
INFO: Run Behavior\BuildLiteBehavior [ RunTime:0.000007s ]
INFO: [ app_init ] --END-- [ RunTime:0.000237s ]
INFO: [ app_begin ] --START--
INFO: Run Behavior\ReadHtmlCacheBehavior [ RunTime:0.000281s ]
INFO: [ app_begin ] --END-- [ RunTime:0.000311s ]
ERR: 无法加载控制器:Admin

